[  2%] Built target turtlebot_action_drive__rosidl_generator_type_description
[  2%] Built target ament_cmake_python_copy_turtlebot_action_drive
[  5%] Built target turtlebot_action_drive__cpp
[ 20%] Built target turtlebot_action_drive__rosidl_generator_c
[ 29%] Built target turtlebot_action_drive__rosidl_typesupport_c
[ 38%] Built target turtlebot_action_drive__rosidl_typesupport_fastrtps_cpp
[ 52%] Built target turtlebot_action_drive__rosidl_typesupport_fastrtps_c
[ 55%] Built target turtlebot_action_drive__rosidl_typesupport_introspection_c
[ 64%] Built target turtlebot_action_drive__rosidl_typesupport_cpp
[ 73%] Built target turtlebot_action_drive__rosidl_typesupport_introspection_cpp
[ 73%] Built target turtlebot_action_drive
[ 76%] Built target turtlebot_action_drive__py
[ 82%] Built target turtlebot_action_drive__rosidl_generator_py
[ 88%] Built target turtlebot_action_drive_s__rosidl_typesupport_c
[ 94%] Built target turtlebot_action_drive_s__rosidl_typesupport_introspection_c
[100%] Built target turtlebot_action_drive_s__rosidl_typesupport_fastrtps_c
running egg_info
writing turtlebot_action_drive.egg-info/PKG-INFO
writing dependency_links to turtlebot_action_drive.egg-info/dependency_links.txt
writing top-level names to turtlebot_action_drive.egg-info/top_level.txt
reading manifest file 'turtlebot_action_drive.egg-info/SOURCES.txt'
writing manifest file 'turtlebot_action_drive.egg-info/SOURCES.txt'
[100%] Built target ament_cmake_python_build_turtlebot_action_drive_egg
-- Install configuration: ""
-- Up-to-date: /home/robo/Desktop/Group C ROS/ROS/install/turtlebot_action_drive/share/ament_index/resource_index/rosidl_interfaces/turtlebot_action_drive
-- Up-to-date: /home/robo/Desktop/Group C ROS/ROS/install/turtlebot_action_drive/share/turtlebot_action_drive/action/DriveCommand.json
-- Up-to-date: /home/robo/Desktop/Group C ROS/ROS/install/turtlebot_action_drive/include/turtlebot_action_drive/turtlebot_action_drive
-- Up-to-date: /home/robo/Desktop/Group C ROS/ROS/install/turtlebot_action_drive/include/turtlebot_action_drive/turtlebot_action_drive/action
-- Up-to-date: /home/robo/Desktop/Group C ROS/ROS/install/turtlebot_action_drive/include/turtlebot_action_drive/turtlebot_action_drive/action/drive_command.h
-- Up-to-date: /home/robo/Desktop/Group C ROS/ROS/install/turtlebot_action_drive/include/turtlebot_action_drive/turtlebot_action_drive/action/detail
-- Up-to-date: /home/robo/Desktop/Group C ROS/ROS/install/turtlebot_action_drive/include/turtlebot_action_drive/turtlebot_action_drive/action/detail/drive_command__description.c
-- Up-to-date: /home/robo/Desktop/Group C ROS/ROS/install/turtlebot_action_drive/include/turtlebot_action_drive/turtlebot_action_drive/action/detail/drive_command__type_support.h
-- Up-to-date: /home/robo/Desktop/Group C ROS/ROS/install/turtlebot_action_drive/include/turtlebot_action_drive/turtlebot_action_drive/action/detail/drive_command__functions.h
-- Up-to-date: /home/robo/Desktop/Group C ROS/ROS/install/turtlebot_action_drive/include/turtlebot_action_drive/turtlebot_action_drive/action/detail/drive_command__struct.h
-- Up-to-date: /home/robo/Desktop/Group C ROS/ROS/install/turtlebot_action_drive/include/turtlebot_action_drive/turtlebot_action_drive/action/detail/drive_command__functions.c
-- Up-to-date: /home/robo/Desktop/Group C ROS/ROS/install/turtlebot_action_drive/include/turtlebot_action_drive/turtlebot_action_drive/action/detail/drive_command__type_support.c
-- Up-to-date: /home/robo/Desktop/Group C ROS/ROS/install/turtlebot_action_drive/include/turtlebot_action_drive/turtlebot_action_drive/msg
-- Up-to-date: /home/robo/Desktop/Group C ROS/ROS/install/turtlebot_action_drive/include/turtlebot_action_drive/turtlebot_action_drive/msg/rosidl_generator_c__visibility_control.h
-- Up-to-date: /home/robo/Desktop/Group C ROS/ROS/install/turtlebot_action_drive/share/turtlebot_action_drive/environment/library_path.sh
-- Up-to-date: /home/robo/Desktop/Group C ROS/ROS/install/turtlebot_action_drive/share/turtlebot_action_drive/environment/library_path.dsv
-- Up-to-date: /home/robo/Desktop/Group C ROS/ROS/install/turtlebot_action_drive/lib/libturtlebot_action_drive__rosidl_generator_c.so
-- Up-to-date: /home/robo/Desktop/Group C ROS/ROS/install/turtlebot_action_drive/include/turtlebot_action_drive/turtlebot_action_drive
-- Up-to-date: /home/robo/Desktop/Group C ROS/ROS/install/turtlebot_action_drive/include/turtlebot_action_drive/turtlebot_action_drive/action
-- Up-to-date: /home/robo/Desktop/Group C ROS/ROS/install/turtlebot_action_drive/include/turtlebot_action_drive/turtlebot_action_drive/action/detail
-- Up-to-date: /home/robo/Desktop/Group C ROS/ROS/install/turtlebot_action_drive/include/turtlebot_action_drive/turtlebot_action_drive/action/detail/drive_command__rosidl_typesupport_fastrtps_c.h
-- Up-to-date: /home/robo/Desktop/Group C ROS/ROS/install/turtlebot_action_drive/include/turtlebot_action_drive/turtlebot_action_drive/msg
-- Up-to-date: /home/robo/Desktop/Group C ROS/ROS/install/turtlebot_action_drive/include/turtlebot_action_drive/turtlebot_action_drive/msg/rosidl_typesupport_fastrtps_c__visibility_control.h
-- Up-to-date: /home/robo/Desktop/Group C ROS/ROS/install/turtlebot_action_drive/lib/libturtlebot_action_drive__rosidl_typesupport_fastrtps_c.so
-- Up-to-date: /home/robo/Desktop/Group C ROS/ROS/install/turtlebot_action_drive/include/turtlebot_action_drive/turtlebot_action_drive
-- Up-to-date: /home/robo/Desktop/Group C ROS/ROS/install/turtlebot_action_drive/include/turtlebot_action_drive/turtlebot_action_drive/action
-- Up-to-date: /home/robo/Desktop/Group C ROS/ROS/install/turtlebot_action_drive/include/turtlebot_action_drive/turtlebot_action_drive/action/detail
-- Up-to-date: /home/robo/Desktop/Group C ROS/ROS/install/turtlebot_action_drive/include/turtlebot_action_drive/turtlebot_action_drive/action/detail/drive_command__rosidl_typesupport_introspection_c.h
-- Up-to-date: /home/robo/Desktop/Group C ROS/ROS/install/turtlebot_action_drive/include/turtlebot_action_drive/turtlebot_action_drive/action/detail/drive_command__type_support.c
-- Up-to-date: /home/robo/Desktop/Group C ROS/ROS/install/turtlebot_action_drive/include/turtlebot_action_drive/turtlebot_action_drive/msg
-- Up-to-date: /home/robo/Desktop/Group C ROS/ROS/install/turtlebot_action_drive/include/turtlebot_action_drive/turtlebot_action_drive/msg/rosidl_typesupport_introspection_c__visibility_control.h
-- Up-to-date: /home/robo/Desktop/Group C ROS/ROS/install/turtlebot_action_drive/lib/libturtlebot_action_drive__rosidl_typesupport_introspection_c.so
-- Up-to-date: /home/robo/Desktop/Group C ROS/ROS/install/turtlebot_action_drive/lib/libturtlebot_action_drive__rosidl_typesupport_c.so
-- Up-to-date: /home/robo/Desktop/Group C ROS/ROS/install/turtlebot_action_drive/include/turtlebot_action_drive/turtlebot_action_drive
-- Up-to-date: /home/robo/Desktop/Group C ROS/ROS/install/turtlebot_action_drive/include/turtlebot_action_drive/turtlebot_action_drive/action
-- Up-to-date: /home/robo/Desktop/Group C ROS/ROS/install/turtlebot_action_drive/include/turtlebot_action_drive/turtlebot_action_drive/action/drive_command.hpp
-- Up-to-date: /home/robo/Desktop/Group C ROS/ROS/install/turtlebot_action_drive/include/turtlebot_action_drive/turtlebot_action_drive/action/detail
-- Up-to-date: /home/robo/Desktop/Group C ROS/ROS/install/turtlebot_action_drive/include/turtlebot_action_drive/turtlebot_action_drive/action/detail/drive_command__type_support.hpp
-- Up-to-date: /home/robo/Desktop/Group C ROS/ROS/install/turtlebot_action_drive/include/turtlebot_action_drive/turtlebot_action_drive/action/detail/drive_command__traits.hpp
-- Up-to-date: /home/robo/Desktop/Group C ROS/ROS/install/turtlebot_action_drive/include/turtlebot_action_drive/turtlebot_action_drive/action/detail/drive_command__struct.hpp
-- Up-to-date: /home/robo/Desktop/Group C ROS/ROS/install/turtlebot_action_drive/include/turtlebot_action_drive/turtlebot_action_drive/action/detail/drive_command__builder.hpp
-- Up-to-date: /home/robo/Desktop/Group C ROS/ROS/install/turtlebot_action_drive/include/turtlebot_action_drive/turtlebot_action_drive/msg
-- Up-to-date: /home/robo/Desktop/Group C ROS/ROS/install/turtlebot_action_drive/include/turtlebot_action_drive/turtlebot_action_drive/msg/rosidl_generator_cpp__visibility_control.hpp
-- Up-to-date: /home/robo/Desktop/Group C ROS/ROS/install/turtlebot_action_drive/include/turtlebot_action_drive/turtlebot_action_drive
-- Up-to-date: /home/robo/Desktop/Group C ROS/ROS/install/turtlebot_action_drive/include/turtlebot_action_drive/turtlebot_action_drive/action
-- Up-to-date: /home/robo/Desktop/Group C ROS/ROS/install/turtlebot_action_drive/include/turtlebot_action_drive/turtlebot_action_drive/action/detail
-- Up-to-date: /home/robo/Desktop/Group C ROS/ROS/install/turtlebot_action_drive/include/turtlebot_action_drive/turtlebot_action_drive/action/detail/dds_fastrtps
-- Up-to-date: /home/robo/Desktop/Group C ROS/ROS/install/turtlebot_action_drive/include/turtlebot_action_drive/turtlebot_action_drive/action/detail/drive_command__rosidl_typesupport_fastrtps_cpp.hpp
-- Up-to-date: /home/robo/Desktop/Group C ROS/ROS/install/turtlebot_action_drive/include/turtlebot_action_drive/turtlebot_action_drive/msg
-- Up-to-date: /home/robo/Desktop/Group C ROS/ROS/install/turtlebot_action_drive/include/turtlebot_action_drive/turtlebot_action_drive/msg/rosidl_typesupport_fastrtps_cpp__visibility_control.h
-- Up-to-date: /home/robo/Desktop/Group C ROS/ROS/install/turtlebot_action_drive/lib/libturtlebot_action_drive__rosidl_typesupport_fastrtps_cpp.so
-- Up-to-date: /home/robo/Desktop/Group C ROS/ROS/install/turtlebot_action_drive/include/turtlebot_action_drive/turtlebot_action_drive
-- Up-to-date: /home/robo/Desktop/Group C ROS/ROS/install/turtlebot_action_drive/include/turtlebot_action_drive/turtlebot_action_drive/action
-- Up-to-date: /home/robo/Desktop/Group C ROS/ROS/install/turtlebot_action_drive/include/turtlebot_action_drive/turtlebot_action_drive/action/detail
-- Up-to-date: /home/robo/Desktop/Group C ROS/ROS/install/turtlebot_action_drive/include/turtlebot_action_drive/turtlebot_action_drive/action/detail/drive_command__rosidl_typesupport_introspection_cpp.hpp
-- Up-to-date: /home/robo/Desktop/Group C ROS/ROS/install/turtlebot_action_drive/include/turtlebot_action_drive/turtlebot_action_drive/action/detail/drive_command__type_support.cpp
-- Up-to-date: /home/robo/Desktop/Group C ROS/ROS/install/turtlebot_action_drive/lib/libturtlebot_action_drive__rosidl_typesupport_introspection_cpp.so
-- Up-to-date: /home/robo/Desktop/Group C ROS/ROS/install/turtlebot_action_drive/lib/libturtlebot_action_drive__rosidl_typesupport_cpp.so
-- Up-to-date: /home/robo/Desktop/Group C ROS/ROS/install/turtlebot_action_drive/share/turtlebot_action_drive/environment/pythonpath.sh
-- Up-to-date: /home/robo/Desktop/Group C ROS/ROS/install/turtlebot_action_drive/share/turtlebot_action_drive/environment/pythonpath.dsv
-- Up-to-date: /home/robo/Desktop/Group C ROS/ROS/install/turtlebot_action_drive/lib/python3.12/site-packages/turtlebot_action_drive-0.0.0-py3.12.egg-info
-- Installing: /home/robo/Desktop/Group C ROS/ROS/install/turtlebot_action_drive/lib/python3.12/site-packages/turtlebot_action_drive-0.0.0-py3.12.egg-info/top_level.txt
-- Installing: /home/robo/Desktop/Group C ROS/ROS/install/turtlebot_action_drive/lib/python3.12/site-packages/turtlebot_action_drive-0.0.0-py3.12.egg-info/PKG-INFO
-- Installing: /home/robo/Desktop/Group C ROS/ROS/install/turtlebot_action_drive/lib/python3.12/site-packages/turtlebot_action_drive-0.0.0-py3.12.egg-info/dependency_links.txt
-- Installing: /home/robo/Desktop/Group C ROS/ROS/install/turtlebot_action_drive/lib/python3.12/site-packages/turtlebot_action_drive-0.0.0-py3.12.egg-info/SOURCES.txt
-- Up-to-date: /home/robo/Desktop/Group C ROS/ROS/install/turtlebot_action_drive/lib/python3.12/site-packages/turtlebot_action_drive
-- Up-to-date: /home/robo/Desktop/Group C ROS/ROS/install/turtlebot_action_drive/lib/python3.12/site-packages/turtlebot_action_drive/_turtlebot_action_drive_s.ep.rosidl_typesupport_c.c
-- Up-to-date: /home/robo/Desktop/Group C ROS/ROS/install/turtlebot_action_drive/lib/python3.12/site-packages/turtlebot_action_drive/turtlebot_action_drive_s__rosidl_typesupport_c.so
-- Up-to-date: /home/robo/Desktop/Group C ROS/ROS/install/turtlebot_action_drive/lib/python3.12/site-packages/turtlebot_action_drive/action
-- Up-to-date: /home/robo/Desktop/Group C ROS/ROS/install/turtlebot_action_drive/lib/python3.12/site-packages/turtlebot_action_drive/action/_drive_command.py
-- Up-to-date: /home/robo/Desktop/Group C ROS/ROS/install/turtlebot_action_drive/lib/python3.12/site-packages/turtlebot_action_drive/action/_drive_command_s.c
-- Up-to-date: /home/robo/Desktop/Group C ROS/ROS/install/turtlebot_action_drive/lib/python3.12/site-packages/turtlebot_action_drive/action/__init__.py
-- Up-to-date: /home/robo/Desktop/Group C ROS/ROS/install/turtlebot_action_drive/lib/python3.12/site-packages/turtlebot_action_drive/turtlebot_action_drive_s__rosidl_typesupport_fastrtps_c.so
-- Up-to-date: /home/robo/Desktop/Group C ROS/ROS/install/turtlebot_action_drive/lib/python3.12/site-packages/turtlebot_action_drive/_turtlebot_action_drive_s.ep.rosidl_typesupport_fastrtps_c.c
-- Up-to-date: /home/robo/Desktop/Group C ROS/ROS/install/turtlebot_action_drive/lib/python3.12/site-packages/turtlebot_action_drive/__init__.py
-- Up-to-date: /home/robo/Desktop/Group C ROS/ROS/install/turtlebot_action_drive/lib/python3.12/site-packages/turtlebot_action_drive/turtlebot_action_drive_s__rosidl_typesupport_introspection_c.so
-- Up-to-date: /home/robo/Desktop/Group C ROS/ROS/install/turtlebot_action_drive/lib/python3.12/site-packages/turtlebot_action_drive/_turtlebot_action_drive_s.ep.rosidl_typesupport_introspection_c.c
Listing '/home/robo/Desktop/Group C ROS/ROS/install/turtlebot_action_drive/lib/python3.12/site-packages/turtlebot_action_drive'...
Listing '/home/robo/Desktop/Group C ROS/ROS/install/turtlebot_action_drive/lib/python3.12/site-packages/turtlebot_action_drive/action'...
-- Up-to-date: /home/robo/Desktop/Group C ROS/ROS/install/turtlebot_action_drive/lib/python3.12/site-packages/turtlebot_action_drive/turtlebot_action_drive_s__rosidl_typesupport_fastrtps_c.so
-- Up-to-date: /home/robo/Desktop/Group C ROS/ROS/install/turtlebot_action_drive/lib/python3.12/site-packages/turtlebot_action_drive/turtlebot_action_drive_s__rosidl_typesupport_introspection_c.so
-- Up-to-date: /home/robo/Desktop/Group C ROS/ROS/install/turtlebot_action_drive/lib/python3.12/site-packages/turtlebot_action_drive/turtlebot_action_drive_s__rosidl_typesupport_c.so
-- Up-to-date: /home/robo/Desktop/Group C ROS/ROS/install/turtlebot_action_drive/lib/libturtlebot_action_drive__rosidl_generator_py.so
-- Up-to-date: /home/robo/Desktop/Group C ROS/ROS/install/turtlebot_action_drive/share/turtlebot_action_drive/action/DriveCommand.idl
-- Up-to-date: /home/robo/Desktop/Group C ROS/ROS/install/turtlebot_action_drive/share/turtlebot_action_drive/action/DriveCommand.action
-- Up-to-date: /home/robo/Desktop/Group C ROS/ROS/install/turtlebot_action_drive/lib/turtlebot_action_drive/executive_node.py
-- Installing: /home/robo/Desktop/Group C ROS/ROS/install/turtlebot_action_drive/lib/turtlebot_action_drive/driving_node.py
-- Up-to-date: /home/robo/Desktop/Group C ROS/ROS/install/turtlebot_action_drive/share/turtlebot_action_drive//launch
-- Up-to-date: /home/robo/Desktop/Group C ROS/ROS/install/turtlebot_action_drive/share/turtlebot_action_drive//launch/turtlebot_action_launch.py
-- Up-to-date: /home/robo/Desktop/Group C ROS/ROS/install/turtlebot_action_drive/share/ament_index/resource_index/package_run_dependencies/turtlebot_action_drive
-- Up-to-date: /home/robo/Desktop/Group C ROS/ROS/install/turtlebot_action_drive/share/ament_index/resource_index/parent_prefix_path/turtlebot_action_drive
-- Up-to-date: /home/robo/Desktop/Group C ROS/ROS/install/turtlebot_action_drive/share/turtlebot_action_drive/environment/ament_prefix_path.sh
-- Up-to-date: /home/robo/Desktop/Group C ROS/ROS/install/turtlebot_action_drive/share/turtlebot_action_drive/environment/ament_prefix_path.dsv
-- Up-to-date: /home/robo/Desktop/Group C ROS/ROS/install/turtlebot_action_drive/share/turtlebot_action_drive/environment/path.sh
-- Up-to-date: /home/robo/Desktop/Group C ROS/ROS/install/turtlebot_action_drive/share/turtlebot_action_drive/environment/path.dsv
-- Up-to-date: /home/robo/Desktop/Group C ROS/ROS/install/turtlebot_action_drive/share/turtlebot_action_drive/local_setup.bash
-- Up-to-date: /home/robo/Desktop/Group C ROS/ROS/install/turtlebot_action_drive/share/turtlebot_action_drive/local_setup.sh
-- Up-to-date: /home/robo/Desktop/Group C ROS/ROS/install/turtlebot_action_drive/share/turtlebot_action_drive/local_setup.zsh
-- Up-to-date: /home/robo/Desktop/Group C ROS/ROS/install/turtlebot_action_drive/share/turtlebot_action_drive/local_setup.dsv
-- Installing: /home/robo/Desktop/Group C ROS/ROS/install/turtlebot_action_drive/share/turtlebot_action_drive/package.dsv
-- Up-to-date: /home/robo/Desktop/Group C ROS/ROS/install/turtlebot_action_drive/share/ament_index/resource_index/packages/turtlebot_action_drive
-- Up-to-date: /home/robo/Desktop/Group C ROS/ROS/install/turtlebot_action_drive/share/turtlebot_action_drive/cmake/export_turtlebot_action_drive__rosidl_generator_cExport.cmake
-- Up-to-date: /home/robo/Desktop/Group C ROS/ROS/install/turtlebot_action_drive/share/turtlebot_action_drive/cmake/export_turtlebot_action_drive__rosidl_generator_cExport-noconfig.cmake
-- Up-to-date: /home/robo/Desktop/Group C ROS/ROS/install/turtlebot_action_drive/share/turtlebot_action_drive/cmake/export_turtlebot_action_drive__rosidl_typesupport_fastrtps_cExport.cmake
-- Up-to-date: /home/robo/Desktop/Group C ROS/ROS/install/turtlebot_action_drive/share/turtlebot_action_drive/cmake/export_turtlebot_action_drive__rosidl_typesupport_fastrtps_cExport-noconfig.cmake
-- Up-to-date: /home/robo/Desktop/Group C ROS/ROS/install/turtlebot_action_drive/share/turtlebot_action_drive/cmake/turtlebot_action_drive__rosidl_typesupport_introspection_cExport.cmake
-- Up-to-date: /home/robo/Desktop/Group C ROS/ROS/install/turtlebot_action_drive/share/turtlebot_action_drive/cmake/turtlebot_action_drive__rosidl_typesupport_introspection_cExport-noconfig.cmake
-- Up-to-date: /home/robo/Desktop/Group C ROS/ROS/install/turtlebot_action_drive/share/turtlebot_action_drive/cmake/turtlebot_action_drive__rosidl_typesupport_cExport.cmake
-- Up-to-date: /home/robo/Desktop/Group C ROS/ROS/install/turtlebot_action_drive/share/turtlebot_action_drive/cmake/turtlebot_action_drive__rosidl_typesupport_cExport-noconfig.cmake
-- Up-to-date: /home/robo/Desktop/Group C ROS/ROS/install/turtlebot_action_drive/share/turtlebot_action_drive/cmake/export_turtlebot_action_drive__rosidl_generator_cppExport.cmake
-- Up-to-date: /home/robo/Desktop/Group C ROS/ROS/install/turtlebot_action_drive/share/turtlebot_action_drive/cmake/export_turtlebot_action_drive__rosidl_typesupport_fastrtps_cppExport.cmake
-- Up-to-date: /home/robo/Desktop/Group C ROS/ROS/install/turtlebot_action_drive/share/turtlebot_action_drive/cmake/export_turtlebot_action_drive__rosidl_typesupport_fastrtps_cppExport-noconfig.cmake
-- Up-to-date: /home/robo/Desktop/Group C ROS/ROS/install/turtlebot_action_drive/share/turtlebot_action_drive/cmake/turtlebot_action_drive__rosidl_typesupport_introspection_cppExport.cmake
-- Up-to-date: /home/robo/Desktop/Group C ROS/ROS/install/turtlebot_action_drive/share/turtlebot_action_drive/cmake/turtlebot_action_drive__rosidl_typesupport_introspection_cppExport-noconfig.cmake
-- Up-to-date: /home/robo/Desktop/Group C ROS/ROS/install/turtlebot_action_drive/share/turtlebot_action_drive/cmake/turtlebot_action_drive__rosidl_typesupport_cppExport.cmake
-- Up-to-date: /home/robo/Desktop/Group C ROS/ROS/install/turtlebot_action_drive/share/turtlebot_action_drive/cmake/turtlebot_action_drive__rosidl_typesupport_cppExport-noconfig.cmake
-- Up-to-date: /home/robo/Desktop/Group C ROS/ROS/install/turtlebot_action_drive/share/turtlebot_action_drive/cmake/export_turtlebot_action_drive__rosidl_generator_pyExport.cmake
-- Up-to-date: /home/robo/Desktop/Group C ROS/ROS/install/turtlebot_action_drive/share/turtlebot_action_drive/cmake/export_turtlebot_action_drive__rosidl_generator_pyExport-noconfig.cmake
-- Up-to-date: /home/robo/Desktop/Group C ROS/ROS/install/turtlebot_action_drive/share/turtlebot_action_drive/cmake/rosidl_cmake-extras.cmake
-- Up-to-date: /home/robo/Desktop/Group C ROS/ROS/install/turtlebot_action_drive/share/turtlebot_action_drive/cmake/ament_cmake_export_dependencies-extras.cmake
-- Up-to-date: /home/robo/Desktop/Group C ROS/ROS/install/turtlebot_action_drive/share/turtlebot_action_drive/cmake/ament_cmake_export_include_directories-extras.cmake
-- Up-to-date: /home/robo/Desktop/Group C ROS/ROS/install/turtlebot_action_drive/share/turtlebot_action_drive/cmake/ament_cmake_export_libraries-extras.cmake
-- Up-to-date: /home/robo/Desktop/Group C ROS/ROS/install/turtlebot_action_drive/share/turtlebot_action_drive/cmake/ament_cmake_export_targets-extras.cmake
-- Up-to-date: /home/robo/Desktop/Group C ROS/ROS/install/turtlebot_action_drive/share/turtlebot_action_drive/cmake/rosidl_cmake_export_typesupport_targets-extras.cmake
-- Up-to-date: /home/robo/Desktop/Group C ROS/ROS/install/turtlebot_action_drive/share/turtlebot_action_drive/cmake/rosidl_cmake_export_typesupport_libraries-extras.cmake
-- Up-to-date: /home/robo/Desktop/Group C ROS/ROS/install/turtlebot_action_drive/share/turtlebot_action_drive/cmake/turtlebot_action_driveConfig.cmake
-- Up-to-date: /home/robo/Desktop/Group C ROS/ROS/install/turtlebot_action_drive/share/turtlebot_action_drive/cmake/turtlebot_action_driveConfig-version.cmake
-- Up-to-date: /home/robo/Desktop/Group C ROS/ROS/install/turtlebot_action_drive/share/turtlebot_action_drive/package.xml
