[0.067s] DEBUG:colcon:Command line arguments: ['/usr/bin/colcon', 'build']
[0.067s] DEBUG:colcon:Parsed command line arguments: Namespace(log_base=None, log_level=None, verb_name='build', build_base='build', install_base='install', merge_install=False, symlink_install=False, test_result_base=None, continue_on_error=False, executor='parallel', parallel_workers=24, event_handlers=None, ignore_user_meta=False, metas=['./colcon.meta'], base_paths=['.'], packages_ignore=None, packages_ignore_regex=None, paths=None, packages_up_to=None, packages_up_to_regex=None, packages_above=None, packages_above_and_dependencies=None, packages_above_depth=None, packages_select_by_dep=None, packages_skip_by_dep=None, packages_skip_up_to=None, packages_select_build_failed=False, packages_skip_build_finished=False, packages_select_test_failures=False, packages_skip_test_passed=False, packages_select=None, packages_skip=None, packages_select_regex=None, packages_skip_regex=None, packages_start=None, packages_end=None, allow_overriding=[], cmake_args=None, cmake_target=None, cmake_target_skip_unavailable=False, cmake_clean_cache=False, cmake_clean_first=False, cmake_force_configure=False, ament_cmake_args=None, catkin_cmake_args=None, catkin_skip_building_tests=False, mixin_files=None, mixin=None, verb_parser=<colcon_mixin.mixin.mixin_argument.MixinArgumentDecorator object at 0x7944b93a4da0>, verb_extension=<colcon_core.verb.build.BuildVerb object at 0x7944b93a4aa0>, main=<bound method BuildVerb.main of <colcon_core.verb.build.BuildVerb object at 0x7944b93a4aa0>>, mixin_verb=('build',))
[0.091s] Level 1:colcon.colcon_core.package_discovery:discover_packages(colcon_meta) check parameters
[0.091s] Level 1:colcon.colcon_core.package_discovery:discover_packages(recursive) check parameters
[0.091s] Level 1:colcon.colcon_core.package_discovery:discover_packages(ignore) check parameters
[0.091s] Level 1:colcon.colcon_core.package_discovery:discover_packages(path) check parameters
[0.091s] Level 1:colcon.colcon_core.package_discovery:discover_packages(colcon_meta) discover
[0.092s] Level 1:colcon.colcon_core.package_discovery:discover_packages(recursive) discover
[0.092s] INFO:colcon.colcon_core.package_discovery:Crawling recursively for packages in '/home/robo/Desktop/Group C ROS/ROS'
[0.092s] Level 1:colcon.colcon_core.package_identification:_identify(.) by extensions ['ignore', 'ignore_ament_install']
[0.092s] Level 1:colcon.colcon_core.package_identification:_identify(.) by extension 'ignore'
[0.092s] Level 1:colcon.colcon_core.package_identification:_identify(.) by extension 'ignore_ament_install'
[0.092s] Level 1:colcon.colcon_core.package_identification:_identify(.) by extensions ['colcon_pkg']
[0.092s] Level 1:colcon.colcon_core.package_identification:_identify(.) by extension 'colcon_pkg'
[0.092s] Level 1:colcon.colcon_core.package_identification:_identify(.) by extensions ['colcon_meta']
[0.092s] Level 1:colcon.colcon_core.package_identification:_identify(.) by extension 'colcon_meta'
[0.092s] Level 1:colcon.colcon_core.package_identification:_identify(.) by extensions ['ros']
[0.092s] Level 1:colcon.colcon_core.package_identification:_identify(.) by extension 'ros'
[0.109s] Level 1:colcon.colcon_core.package_identification:_identify(.) by extensions ['cmake', 'python']
[0.109s] Level 1:colcon.colcon_core.package_identification:_identify(.) by extension 'cmake'
[0.109s] Level 1:colcon.colcon_core.package_identification:_identify(.) by extension 'python'
[0.109s] Level 1:colcon.colcon_core.package_identification:_identify(.) by extensions ['python_setup_py']
[0.109s] Level 1:colcon.colcon_core.package_identification:_identify(.) by extension 'python_setup_py'
[0.109s] Level 1:colcon.colcon_core.package_identification:_identify(build) by extensions ['ignore', 'ignore_ament_install']
[0.109s] Level 1:colcon.colcon_core.package_identification:_identify(build) by extension 'ignore'
[0.109s] Level 1:colcon.colcon_core.package_identification:_identify(build) ignored
[0.110s] Level 1:colcon.colcon_core.package_identification:_identify(install) by extensions ['ignore', 'ignore_ament_install']
[0.110s] Level 1:colcon.colcon_core.package_identification:_identify(install) by extension 'ignore'
[0.110s] Level 1:colcon.colcon_core.package_identification:_identify(install) ignored
[0.110s] Level 1:colcon.colcon_core.package_identification:_identify(log) by extensions ['ignore', 'ignore_ament_install']
[0.110s] Level 1:colcon.colcon_core.package_identification:_identify(log) by extension 'ignore'
[0.110s] Level 1:colcon.colcon_core.package_identification:_identify(log) ignored
[0.110s] Level 1:colcon.colcon_core.package_identification:_identify(src) by extensions ['ignore', 'ignore_ament_install']
[0.110s] Level 1:colcon.colcon_core.package_identification:_identify(src) by extension 'ignore'
[0.110s] Level 1:colcon.colcon_core.package_identification:_identify(src) by extension 'ignore_ament_install'
[0.110s] Level 1:colcon.colcon_core.package_identification:_identify(src) by extensions ['colcon_pkg']
[0.110s] Level 1:colcon.colcon_core.package_identification:_identify(src) by extension 'colcon_pkg'
[0.110s] Level 1:colcon.colcon_core.package_identification:_identify(src) by extensions ['colcon_meta']
[0.110s] Level 1:colcon.colcon_core.package_identification:_identify(src) by extension 'colcon_meta'
[0.110s] Level 1:colcon.colcon_core.package_identification:_identify(src) by extensions ['ros']
[0.110s] Level 1:colcon.colcon_core.package_identification:_identify(src) by extension 'ros'
[0.110s] Level 1:colcon.colcon_core.package_identification:_identify(src) by extensions ['cmake', 'python']
[0.110s] Level 1:colcon.colcon_core.package_identification:_identify(src) by extension 'cmake'
[0.110s] Level 1:colcon.colcon_core.package_identification:_identify(src) by extension 'python'
[0.110s] Level 1:colcon.colcon_core.package_identification:_identify(src) by extensions ['python_setup_py']
[0.110s] Level 1:colcon.colcon_core.package_identification:_identify(src) by extension 'python_setup_py'
[0.110s] Level 1:colcon.colcon_core.package_identification:_identify(src/turtlebot_action_drive) by extensions ['ignore', 'ignore_ament_install']
[0.110s] Level 1:colcon.colcon_core.package_identification:_identify(src/turtlebot_action_drive) by extension 'ignore'
[0.110s] Level 1:colcon.colcon_core.package_identification:_identify(src/turtlebot_action_drive) by extension 'ignore_ament_install'
[0.110s] Level 1:colcon.colcon_core.package_identification:_identify(src/turtlebot_action_drive) by extensions ['colcon_pkg']
[0.110s] Level 1:colcon.colcon_core.package_identification:_identify(src/turtlebot_action_drive) by extension 'colcon_pkg'
[0.110s] Level 1:colcon.colcon_core.package_identification:_identify(src/turtlebot_action_drive) by extensions ['colcon_meta']
[0.110s] Level 1:colcon.colcon_core.package_identification:_identify(src/turtlebot_action_drive) by extension 'colcon_meta'
[0.110s] Level 1:colcon.colcon_core.package_identification:_identify(src/turtlebot_action_drive) by extensions ['ros']
[0.110s] Level 1:colcon.colcon_core.package_identification:_identify(src/turtlebot_action_drive) by extension 'ros'
[0.112s] DEBUG:colcon.colcon_core.package_identification:Package 'src/turtlebot_action_drive' with type 'ros.ament_cmake' and name 'turtlebot_action_drive'
[0.112s] Level 1:colcon.colcon_core.package_discovery:discover_packages(recursive) using defaults
[0.112s] Level 1:colcon.colcon_core.package_discovery:discover_packages(ignore) discover
[0.112s] Level 1:colcon.colcon_core.package_discovery:discover_packages(ignore) using defaults
[0.112s] Level 1:colcon.colcon_core.package_discovery:discover_packages(path) discover
[0.112s] Level 1:colcon.colcon_core.package_discovery:discover_packages(path) using defaults
[0.124s] Level 1:colcon.colcon_core.package_discovery:discover_packages(prefix_path) check parameters
[0.124s] Level 1:colcon.colcon_core.package_discovery:discover_packages(prefix_path) discover
[0.124s] WARNING:colcon.colcon_ros.prefix_path.ament:The path '/home/robo/Desktop/Group C ROS/ROS/install/my_action_pkg' in the environment variable AMENT_PREFIX_PATH doesn't exist
[0.124s] WARNING:colcon.colcon_ros.prefix_path.ament:The path '/home/robo/ros_ws/install/my_action_pkg' in the environment variable AMENT_PREFIX_PATH doesn't exist
[0.125s] DEBUG:colcon.colcon_installed_package_information.package_discovery:Found 1 installed packages in /home/robo/Desktop/Group C ROS/ROS/install
[0.125s] DEBUG:colcon.colcon_installed_package_information.package_discovery:Found 1 installed packages in /home/robo/ros_ws/install
[0.126s] DEBUG:colcon.colcon_installed_package_information.package_discovery:Found 362 installed packages in /opt/ros/jazzy
[0.127s] Level 1:colcon.colcon_core.package_discovery:discover_packages(prefix_path) using defaults
[0.154s] Level 5:colcon.colcon_core.verb:set package 'turtlebot_action_drive' build argument 'cmake_args' from command line to 'None'
[0.154s] Level 5:colcon.colcon_core.verb:set package 'turtlebot_action_drive' build argument 'cmake_target' from command line to 'None'
[0.154s] Level 5:colcon.colcon_core.verb:set package 'turtlebot_action_drive' build argument 'cmake_target_skip_unavailable' from command line to 'False'
[0.154s] Level 5:colcon.colcon_core.verb:set package 'turtlebot_action_drive' build argument 'cmake_clean_cache' from command line to 'False'
[0.154s] Level 5:colcon.colcon_core.verb:set package 'turtlebot_action_drive' build argument 'cmake_clean_first' from command line to 'False'
[0.154s] Level 5:colcon.colcon_core.verb:set package 'turtlebot_action_drive' build argument 'cmake_force_configure' from command line to 'False'
[0.154s] Level 5:colcon.colcon_core.verb:set package 'turtlebot_action_drive' build argument 'ament_cmake_args' from command line to 'None'
[0.154s] Level 5:colcon.colcon_core.verb:set package 'turtlebot_action_drive' build argument 'catkin_cmake_args' from command line to 'None'
[0.154s] Level 5:colcon.colcon_core.verb:set package 'turtlebot_action_drive' build argument 'catkin_skip_building_tests' from command line to 'False'
[0.154s] DEBUG:colcon.colcon_core.verb:Building package 'turtlebot_action_drive' with the following arguments: {'ament_cmake_args': None, 'build_base': '/home/robo/Desktop/Group C ROS/ROS/build/turtlebot_action_drive', 'catkin_cmake_args': None, 'catkin_skip_building_tests': False, 'cmake_args': None, 'cmake_clean_cache': False, 'cmake_clean_first': False, 'cmake_force_configure': False, 'cmake_target': None, 'cmake_target_skip_unavailable': False, 'install_base': '/home/robo/Desktop/Group C ROS/ROS/install/turtlebot_action_drive', 'merge_install': False, 'path': '/home/robo/Desktop/Group C ROS/ROS/src/turtlebot_action_drive', 'symlink_install': False, 'test_result_base': None}
[0.154s] INFO:colcon.colcon_core.executor:Executing jobs using 'parallel' executor
[0.155s] DEBUG:colcon.colcon_parallel_executor.executor.parallel:run_until_complete
[0.155s] INFO:colcon.colcon_ros.task.ament_cmake.build:Building ROS package in '/home/robo/Desktop/Group C ROS/ROS/src/turtlebot_action_drive' with build type 'ament_cmake'
[0.155s] INFO:colcon.colcon_cmake.task.cmake.build:Building CMake package in '/home/robo/Desktop/Group C ROS/ROS/src/turtlebot_action_drive'
[0.156s] INFO:colcon.colcon_core.plugin_system:Skipping extension 'colcon_core.shell.bat': Not used on non-Windows systems
[0.157s] INFO:colcon.colcon_core.shell:Skip shell extension 'powershell' for command environment: Not usable outside of PowerShell
[0.157s] DEBUG:colcon.colcon_core.shell:Skip shell extension 'dsv' for command environment
[0.164s] DEBUG:colcon.colcon_core.event_handler.log_command:Invoking command in '/home/robo/Desktop/Group C ROS/ROS/build/turtlebot_action_drive': CMAKE_PREFIX_PATH=${CMAKE_PREFIX_PATH}:/home/robo/Desktop/Group C ROS/ROS/install/my_action_pkg:/home/robo/ros_ws/install/my_action_pkg:/opt/ros/jazzy DEBUGINFOD_URLS=https://debuginfod.ubuntu.com /usr/bin/cmake --build /home/robo/Desktop/Group C ROS/ROS/build/turtlebot_action_drive -- -j24 -l24
[0.473s] DEBUG:colcon.colcon_core.event_handler.log_command:Invoked command in '/home/robo/Desktop/Group C ROS/ROS/build/turtlebot_action_drive' returned '0': CMAKE_PREFIX_PATH=${CMAKE_PREFIX_PATH}:/home/robo/Desktop/Group C ROS/ROS/install/my_action_pkg:/home/robo/ros_ws/install/my_action_pkg:/opt/ros/jazzy DEBUGINFOD_URLS=https://debuginfod.ubuntu.com /usr/bin/cmake --build /home/robo/Desktop/Group C ROS/ROS/build/turtlebot_action_drive -- -j24 -l24
[0.483s] DEBUG:colcon.colcon_core.event_handler.log_command:Invoking command in '/home/robo/Desktop/Group C ROS/ROS/build/turtlebot_action_drive': CMAKE_PREFIX_PATH=${CMAKE_PREFIX_PATH}:/home/robo/Desktop/Group C ROS/ROS/install/my_action_pkg:/home/robo/ros_ws/install/my_action_pkg:/opt/ros/jazzy DEBUGINFOD_URLS=https://debuginfod.ubuntu.com /usr/bin/cmake --install /home/robo/Desktop/Group C ROS/ROS/build/turtlebot_action_drive
[0.529s] Level 1:colcon.colcon_core.environment:create_environment_scripts_only(turtlebot_action_drive)
[0.529s] DEBUG:colcon.colcon_core.event_handler.log_command:Invoked command in '/home/robo/Desktop/Group C ROS/ROS/build/turtlebot_action_drive' returned '0': CMAKE_PREFIX_PATH=${CMAKE_PREFIX_PATH}:/home/robo/Desktop/Group C ROS/ROS/install/my_action_pkg:/home/robo/ros_ws/install/my_action_pkg:/opt/ros/jazzy DEBUGINFOD_URLS=https://debuginfod.ubuntu.com /usr/bin/cmake --install /home/robo/Desktop/Group C ROS/ROS/build/turtlebot_action_drive
[0.530s] Level 1:colcon.colcon_core.environment:checking '/home/robo/Desktop/Group C ROS/ROS/install/turtlebot_action_drive' for CMake module files
[0.531s] Level 1:colcon.colcon_core.environment:checking '/home/robo/Desktop/Group C ROS/ROS/install/turtlebot_action_drive' for CMake config files
[0.531s] Level 1:colcon.colcon_core.shell:create_environment_hook('turtlebot_action_drive', 'cmake_prefix_path')
[0.531s] INFO:colcon.colcon_core.shell:Creating environment hook '/home/robo/Desktop/Group C ROS/ROS/install/turtlebot_action_drive/share/turtlebot_action_drive/hook/cmake_prefix_path.ps1'
[0.531s] INFO:colcon.colcon_core.shell:Creating environment descriptor '/home/robo/Desktop/Group C ROS/ROS/install/turtlebot_action_drive/share/turtlebot_action_drive/hook/cmake_prefix_path.dsv'
[0.531s] INFO:colcon.colcon_core.shell:Creating environment hook '/home/robo/Desktop/Group C ROS/ROS/install/turtlebot_action_drive/share/turtlebot_action_drive/hook/cmake_prefix_path.sh'
[0.532s] Level 1:colcon.colcon_core.environment:checking '/home/robo/Desktop/Group C ROS/ROS/install/turtlebot_action_drive/lib'
[0.532s] Level 1:colcon.colcon_core.shell:create_environment_hook('turtlebot_action_drive', 'ld_library_path_lib')
[0.532s] INFO:colcon.colcon_core.shell:Creating environment hook '/home/robo/Desktop/Group C ROS/ROS/install/turtlebot_action_drive/share/turtlebot_action_drive/hook/ld_library_path_lib.ps1'
[0.532s] INFO:colcon.colcon_core.shell:Creating environment descriptor '/home/robo/Desktop/Group C ROS/ROS/install/turtlebot_action_drive/share/turtlebot_action_drive/hook/ld_library_path_lib.dsv'
[0.533s] INFO:colcon.colcon_core.shell:Creating environment hook '/home/robo/Desktop/Group C ROS/ROS/install/turtlebot_action_drive/share/turtlebot_action_drive/hook/ld_library_path_lib.sh'
[0.533s] Level 1:colcon.colcon_core.environment:checking '/home/robo/Desktop/Group C ROS/ROS/install/turtlebot_action_drive/bin'
[0.533s] Level 1:colcon.colcon_core.environment:checking '/home/robo/Desktop/Group C ROS/ROS/install/turtlebot_action_drive/lib/pkgconfig/turtlebot_action_drive.pc'
[0.533s] Level 1:colcon.colcon_core.environment:checking '/home/robo/Desktop/Group C ROS/ROS/install/turtlebot_action_drive/lib/python3.12/site-packages'
[0.533s] Level 1:colcon.colcon_core.shell:create_environment_hook('turtlebot_action_drive', 'pythonpath')
[0.533s] INFO:colcon.colcon_core.shell:Creating environment hook '/home/robo/Desktop/Group C ROS/ROS/install/turtlebot_action_drive/share/turtlebot_action_drive/hook/pythonpath.ps1'
[0.533s] INFO:colcon.colcon_core.shell:Creating environment descriptor '/home/robo/Desktop/Group C ROS/ROS/install/turtlebot_action_drive/share/turtlebot_action_drive/hook/pythonpath.dsv'
[0.533s] INFO:colcon.colcon_core.shell:Creating environment hook '/home/robo/Desktop/Group C ROS/ROS/install/turtlebot_action_drive/share/turtlebot_action_drive/hook/pythonpath.sh'
[0.534s] Level 1:colcon.colcon_core.environment:checking '/home/robo/Desktop/Group C ROS/ROS/install/turtlebot_action_drive/bin'
[0.534s] INFO:colcon.colcon_core.shell:Creating package script '/home/robo/Desktop/Group C ROS/ROS/install/turtlebot_action_drive/share/turtlebot_action_drive/package.ps1'
[0.534s] INFO:colcon.colcon_core.shell:Creating package descriptor '/home/robo/Desktop/Group C ROS/ROS/install/turtlebot_action_drive/share/turtlebot_action_drive/package.dsv'
[0.535s] INFO:colcon.colcon_core.shell:Creating package script '/home/robo/Desktop/Group C ROS/ROS/install/turtlebot_action_drive/share/turtlebot_action_drive/package.sh'
[0.535s] INFO:colcon.colcon_core.shell:Creating package script '/home/robo/Desktop/Group C ROS/ROS/install/turtlebot_action_drive/share/turtlebot_action_drive/package.bash'
[0.535s] INFO:colcon.colcon_core.shell:Creating package script '/home/robo/Desktop/Group C ROS/ROS/install/turtlebot_action_drive/share/turtlebot_action_drive/package.zsh'
[0.536s] Level 1:colcon.colcon_core.environment:create_file_with_runtime_dependencies(/home/robo/Desktop/Group C ROS/ROS/install/turtlebot_action_drive/share/colcon-core/packages/turtlebot_action_drive)
[0.536s] Level 1:colcon.colcon_core.environment:create_environment_scripts_only(turtlebot_action_drive)
[0.536s] Level 1:colcon.colcon_core.environment:checking '/home/robo/Desktop/Group C ROS/ROS/install/turtlebot_action_drive' for CMake module files
[0.537s] Level 1:colcon.colcon_core.environment:checking '/home/robo/Desktop/Group C ROS/ROS/install/turtlebot_action_drive' for CMake config files
[0.537s] Level 1:colcon.colcon_core.shell:create_environment_hook('turtlebot_action_drive', 'cmake_prefix_path')
[0.537s] INFO:colcon.colcon_core.shell:Creating environment hook '/home/robo/Desktop/Group C ROS/ROS/install/turtlebot_action_drive/share/turtlebot_action_drive/hook/cmake_prefix_path.ps1'
[0.537s] INFO:colcon.colcon_core.shell:Creating environment descriptor '/home/robo/Desktop/Group C ROS/ROS/install/turtlebot_action_drive/share/turtlebot_action_drive/hook/cmake_prefix_path.dsv'
[0.537s] INFO:colcon.colcon_core.shell:Creating environment hook '/home/robo/Desktop/Group C ROS/ROS/install/turtlebot_action_drive/share/turtlebot_action_drive/hook/cmake_prefix_path.sh'
[0.538s] Level 1:colcon.colcon_core.environment:checking '/home/robo/Desktop/Group C ROS/ROS/install/turtlebot_action_drive/lib'
[0.538s] Level 1:colcon.colcon_core.shell:create_environment_hook('turtlebot_action_drive', 'ld_library_path_lib')
[0.538s] INFO:colcon.colcon_core.shell:Creating environment hook '/home/robo/Desktop/Group C ROS/ROS/install/turtlebot_action_drive/share/turtlebot_action_drive/hook/ld_library_path_lib.ps1'
[0.538s] INFO:colcon.colcon_core.shell:Creating environment descriptor '/home/robo/Desktop/Group C ROS/ROS/install/turtlebot_action_drive/share/turtlebot_action_drive/hook/ld_library_path_lib.dsv'
[0.538s] INFO:colcon.colcon_core.shell:Creating environment hook '/home/robo/Desktop/Group C ROS/ROS/install/turtlebot_action_drive/share/turtlebot_action_drive/hook/ld_library_path_lib.sh'
[0.539s] Level 1:colcon.colcon_core.environment:checking '/home/robo/Desktop/Group C ROS/ROS/install/turtlebot_action_drive/bin'
[0.539s] Level 1:colcon.colcon_core.environment:checking '/home/robo/Desktop/Group C ROS/ROS/install/turtlebot_action_drive/lib/pkgconfig/turtlebot_action_drive.pc'
[0.539s] Level 1:colcon.colcon_core.environment:checking '/home/robo/Desktop/Group C ROS/ROS/install/turtlebot_action_drive/lib/python3.12/site-packages'
[0.539s] Level 1:colcon.colcon_core.shell:create_environment_hook('turtlebot_action_drive', 'pythonpath')
[0.539s] INFO:colcon.colcon_core.shell:Creating environment hook '/home/robo/Desktop/Group C ROS/ROS/install/turtlebot_action_drive/share/turtlebot_action_drive/hook/pythonpath.ps1'
[0.540s] INFO:colcon.colcon_core.shell:Creating environment descriptor '/home/robo/Desktop/Group C ROS/ROS/install/turtlebot_action_drive/share/turtlebot_action_drive/hook/pythonpath.dsv'
[0.540s] INFO:colcon.colcon_core.shell:Creating environment hook '/home/robo/Desktop/Group C ROS/ROS/install/turtlebot_action_drive/share/turtlebot_action_drive/hook/pythonpath.sh'
[0.540s] Level 1:colcon.colcon_core.environment:checking '/home/robo/Desktop/Group C ROS/ROS/install/turtlebot_action_drive/bin'
[0.541s] INFO:colcon.colcon_core.shell:Creating package script '/home/robo/Desktop/Group C ROS/ROS/install/turtlebot_action_drive/share/turtlebot_action_drive/package.ps1'
[0.541s] INFO:colcon.colcon_core.shell:Creating package descriptor '/home/robo/Desktop/Group C ROS/ROS/install/turtlebot_action_drive/share/turtlebot_action_drive/package.dsv'
[0.542s] INFO:colcon.colcon_core.shell:Creating package script '/home/robo/Desktop/Group C ROS/ROS/install/turtlebot_action_drive/share/turtlebot_action_drive/package.sh'
[0.542s] INFO:colcon.colcon_core.shell:Creating package script '/home/robo/Desktop/Group C ROS/ROS/install/turtlebot_action_drive/share/turtlebot_action_drive/package.bash'
[0.542s] INFO:colcon.colcon_core.shell:Creating package script '/home/robo/Desktop/Group C ROS/ROS/install/turtlebot_action_drive/share/turtlebot_action_drive/package.zsh'
[0.543s] Level 1:colcon.colcon_core.environment:create_file_with_runtime_dependencies(/home/robo/Desktop/Group C ROS/ROS/install/turtlebot_action_drive/share/colcon-core/packages/turtlebot_action_drive)
[0.543s] DEBUG:colcon.colcon_parallel_executor.executor.parallel:closing loop
[0.543s] DEBUG:colcon.colcon_parallel_executor.executor.parallel:loop closed
[0.544s] DEBUG:colcon.colcon_parallel_executor.executor.parallel:run_until_complete finished with '0'
[0.544s] DEBUG:colcon.colcon_core.event_reactor:joining thread
[0.549s] INFO:colcon.colcon_core.plugin_system:Skipping extension 'colcon_notification.desktop_notification.terminal_notifier': Not used on non-Darwin systems
[0.550s] INFO:colcon.colcon_core.plugin_system:Skipping extension 'colcon_notification.desktop_notification.win32': Not used on non-Windows systems
[0.550s] INFO:colcon.colcon_notification.desktop_notification:Sending desktop notification using 'notify2'
[0.566s] DEBUG:colcon.colcon_core.event_reactor:joined thread
[0.566s] INFO:colcon.colcon_core.shell:Creating prefix script '/home/robo/Desktop/Group C ROS/ROS/install/local_setup.ps1'
[0.567s] INFO:colcon.colcon_core.shell:Creating prefix util module '/home/robo/Desktop/Group C ROS/ROS/install/_local_setup_util_ps1.py'
[0.568s] INFO:colcon.colcon_core.shell:Creating prefix chain script '/home/robo/Desktop/Group C ROS/ROS/install/setup.ps1'
[0.569s] INFO:colcon.colcon_core.shell:Creating prefix script '/home/robo/Desktop/Group C ROS/ROS/install/local_setup.sh'
[0.569s] INFO:colcon.colcon_core.shell:Creating prefix util module '/home/robo/Desktop/Group C ROS/ROS/install/_local_setup_util_sh.py'
[0.570s] INFO:colcon.colcon_core.shell:Creating prefix chain script '/home/robo/Desktop/Group C ROS/ROS/install/setup.sh'
[0.571s] INFO:colcon.colcon_core.shell:Creating prefix script '/home/robo/Desktop/Group C ROS/ROS/install/local_setup.bash'
[0.571s] INFO:colcon.colcon_core.shell:Creating prefix chain script '/home/robo/Desktop/Group C ROS/ROS/install/setup.bash'
[0.572s] INFO:colcon.colcon_core.shell:Creating prefix script '/home/robo/Desktop/Group C ROS/ROS/install/local_setup.zsh'
[0.572s] INFO:colcon.colcon_core.shell:Creating prefix chain script '/home/robo/Desktop/Group C ROS/ROS/install/setup.zsh'
