[0.579s] Invoking command in '/home/robo/Desktop/Group C ROS/ROS/src/lab4_driving_control': DEBUGINFOD_URLS=https://debuginfod.ubuntu.com PYTHONPATH=/home/robo/Desktop/Group C ROS/ROS/build/lab4_driving_control/prefix_override:/usr/lib/python3/dist-packages/colcon_core/task/python/colcon_distutils_commands:/home/robo/Desktop/Group C ROS/ROS/install/lab4_driving_control/lib/python3.12/site-packages:${PYTHONPATH} /usr/bin/python3 -W ignore:setup.py install is deprecated -W ignore:easy_install command is deprecated setup.py egg_info --egg-base ../../build/lab4_driving_control build --build-base /home/robo/Desktop/Group C ROS/ROS/build/lab4_driving_control/build install --record /home/robo/Desktop/Group C ROS/ROS/build/lab4_driving_control/install.log --single-version-externally-managed install_data
[0.750s] running egg_info
[0.750s] creating ../../build/lab4_driving_control/lab4_driving_control.egg-info
[0.761s] writing ../../build/lab4_driving_control/lab4_driving_control.egg-info/PKG-INFO
[0.761s] writing dependency_links to ../../build/lab4_driving_control/lab4_driving_control.egg-info/dependency_links.txt
[0.761s] writing entry points to ../../build/lab4_driving_control/lab4_driving_control.egg-info/entry_points.txt
[0.761s] writing requirements to ../../build/lab4_driving_control/lab4_driving_control.egg-info/requires.txt
[0.761s] writing top-level names to ../../build/lab4_driving_control/lab4_driving_control.egg-info/top_level.txt
[0.761s] writing manifest file '../../build/lab4_driving_control/lab4_driving_control.egg-info/SOURCES.txt'
[0.784s] reading manifest file '../../build/lab4_driving_control/lab4_driving_control.egg-info/SOURCES.txt'
[0.784s] writing manifest file '../../build/lab4_driving_control/lab4_driving_control.egg-info/SOURCES.txt'
[0.784s] running build
[0.784s] running build_py
[0.785s] creating /home/robo/Desktop/Group C ROS/ROS/build/lab4_driving_control/build
[0.785s] creating /home/robo/Desktop/Group C ROS/ROS/build/lab4_driving_control/build/lib
[0.785s] creating /home/robo/Desktop/Group C ROS/ROS/build/lab4_driving_control/build/lib/lab4_driving_control
[0.785s] copying lab4_driving_control/open_loop_drive.py -> /home/robo/Desktop/Group C ROS/ROS/build/lab4_driving_control/build/lib/lab4_driving_control
[0.785s] copying lab4_driving_control/closed_loop_drive.py -> /home/robo/Desktop/Group C ROS/ROS/build/lab4_driving_control/build/lib/lab4_driving_control
[0.785s] copying lab4_driving_control/__init__.py -> /home/robo/Desktop/Group C ROS/ROS/build/lab4_driving_control/build/lib/lab4_driving_control
[0.785s] copying lab4_driving_control/return_to_start.py -> /home/robo/Desktop/Group C ROS/ROS/build/lab4_driving_control/build/lib/lab4_driving_control
[0.785s] running install
[0.789s] running install_lib
[0.800s] creating /home/robo/Desktop/Group C ROS/ROS/install/lab4_driving_control/lib/python3.12/site-packages/lab4_driving_control
[0.801s] copying /home/robo/Desktop/Group C ROS/ROS/build/lab4_driving_control/build/lib/lab4_driving_control/open_loop_drive.py -> /home/robo/Desktop/Group C ROS/ROS/install/lab4_driving_control/lib/python3.12/site-packages/lab4_driving_control
[0.801s] copying /home/robo/Desktop/Group C ROS/ROS/build/lab4_driving_control/build/lib/lab4_driving_control/closed_loop_drive.py -> /home/robo/Desktop/Group C ROS/ROS/install/lab4_driving_control/lib/python3.12/site-packages/lab4_driving_control
[0.801s] copying /home/robo/Desktop/Group C ROS/ROS/build/lab4_driving_control/build/lib/lab4_driving_control/__init__.py -> /home/robo/Desktop/Group C ROS/ROS/install/lab4_driving_control/lib/python3.12/site-packages/lab4_driving_control
[0.801s] copying /home/robo/Desktop/Group C ROS/ROS/build/lab4_driving_control/build/lib/lab4_driving_control/return_to_start.py -> /home/robo/Desktop/Group C ROS/ROS/install/lab4_driving_control/lib/python3.12/site-packages/lab4_driving_control
[0.801s] byte-compiling /home/robo/Desktop/Group C ROS/ROS/install/lab4_driving_control/lib/python3.12/site-packages/lab4_driving_control/open_loop_drive.py to open_loop_drive.cpython-312.pyc
[0.801s] byte-compiling /home/robo/Desktop/Group C ROS/ROS/install/lab4_driving_control/lib/python3.12/site-packages/lab4_driving_control/closed_loop_drive.py to closed_loop_drive.cpython-312.pyc
[0.802s] byte-compiling /home/robo/Desktop/Group C ROS/ROS/install/lab4_driving_control/lib/python3.12/site-packages/lab4_driving_control/__init__.py to __init__.cpython-312.pyc
[0.802s] byte-compiling /home/robo/Desktop/Group C ROS/ROS/install/lab4_driving_control/lib/python3.12/site-packages/lab4_driving_control/return_to_start.py to return_to_start.cpython-312.pyc
[0.803s] running install_data
[0.803s] creating /home/robo/Desktop/Group C ROS/ROS/install/lab4_driving_control/share/ament_index
[0.803s] creating /home/robo/Desktop/Group C ROS/ROS/install/lab4_driving_control/share/ament_index/resource_index
[0.803s] creating /home/robo/Desktop/Group C ROS/ROS/install/lab4_driving_control/share/ament_index/resource_index/packages
[0.803s] copying resource/lab4_driving_control -> /home/robo/Desktop/Group C ROS/ROS/install/lab4_driving_control/share/ament_index/resource_index/packages
[0.803s] copying package.xml -> /home/robo/Desktop/Group C ROS/ROS/install/lab4_driving_control/share/lab4_driving_control
[0.803s] running install_egg_info
[0.815s] Copying ../../build/lab4_driving_control/lab4_driving_control.egg-info to /home/robo/Desktop/Group C ROS/ROS/install/lab4_driving_control/lib/python3.12/site-packages/lab4_driving_control-0.0.0-py3.12.egg-info
[0.816s] running install_scripts
[0.895s] Installing closed_loop script to /home/robo/Desktop/Group C ROS/ROS/install/lab4_driving_control/lib/lab4_driving_control
[0.895s] Installing open_loop script to /home/robo/Desktop/Group C ROS/ROS/install/lab4_driving_control/lib/lab4_driving_control
[0.895s] Installing return_to_start script to /home/robo/Desktop/Group C ROS/ROS/install/lab4_driving_control/lib/lab4_driving_control
[0.895s] writing list of installed files to '/home/robo/Desktop/Group C ROS/ROS/build/lab4_driving_control/install.log'
[0.912s] Invoked command in '/home/robo/Desktop/Group C ROS/ROS/src/lab4_driving_control' returned '0': DEBUGINFOD_URLS=https://debuginfod.ubuntu.com PYTHONPATH=/home/robo/Desktop/Group C ROS/ROS/build/lab4_driving_control/prefix_override:/usr/lib/python3/dist-packages/colcon_core/task/python/colcon_distutils_commands:/home/robo/Desktop/Group C ROS/ROS/install/lab4_driving_control/lib/python3.12/site-packages:${PYTHONPATH} /usr/bin/python3 -W ignore:setup.py install is deprecated -W ignore:easy_install command is deprecated setup.py egg_info --egg-base ../../build/lab4_driving_control build --build-base /home/robo/Desktop/Group C ROS/ROS/build/lab4_driving_control/build install --record /home/robo/Desktop/Group C ROS/ROS/build/lab4_driving_control/install.log --single-version-externally-managed install_data
