[0.008s] Invoking command in '/home/robo/Desktop/Group C ROS/ROS/build/turtlebot_action_drive': CMAKE_PREFIX_PATH=${CMAKE_PREFIX_PATH}:/opt/ros/jazzy DEBUGINFOD_URLS=https://debuginfod.ubuntu.com /usr/bin/cmake --build /home/robo/Desktop/Group C ROS/ROS/build/turtlebot_action_drive -- -j24 -l24
[0.060s] [  2%] Built target turtlebot_action_drive__rosidl_generator_type_description
[0.075s] [  2%] Built target ament_cmake_python_copy_turtlebot_action_drive
[0.085s] [  5%] Built target turtlebot_action_drive__cpp
[0.089s] [ 20%] Built target turtlebot_action_drive__rosidl_generator_c
[0.124s] [ 29%] Built target turtlebot_action_drive__rosidl_typesupport_c
[0.127s] [ 38%] Built target turtlebot_action_drive__rosidl_typesupport_fastrtps_cpp
[0.128s] [ 47%] Built target turtlebot_action_drive__rosidl_typesupport_introspection_c
[0.131s] [ 55%] Built target turtlebot_action_drive__rosidl_typesupport_introspection_cpp
[0.131s] [ 64%] Built target turtlebot_action_drive__rosidl_typesupport_cpp
[0.132s] [ 73%] Built target turtlebot_action_drive__rosidl_typesupport_fastrtps_c
[0.148s] [ 73%] Built target turtlebot_action_drive
[0.167s] [ 76%] Built target turtlebot_action_drive__py
[0.187s] [ 82%] Built target turtlebot_action_drive__rosidl_generator_py
[0.207s] [ 88%] Built target turtlebot_action_drive_s__rosidl_typesupport_introspection_c
[0.207s] [ 94%] Built target turtlebot_action_drive_s__rosidl_typesupport_c
[0.209s] [100%] Built target turtlebot_action_drive_s__rosidl_typesupport_fastrtps_c
[0.257s] running egg_info
[0.268s] writing turtlebot_action_drive.egg-info/PKG-INFO
[0.268s] writing dependency_links to turtlebot_action_drive.egg-info/dependency_links.txt
[0.268s] writing top-level names to turtlebot_action_drive.egg-info/top_level.txt
[0.301s] reading manifest file 'turtlebot_action_drive.egg-info/SOURCES.txt'
[0.301s] writing manifest file 'turtlebot_action_drive.egg-info/SOURCES.txt'
[0.322s] [100%] Built target ament_cmake_python_build_turtlebot_action_drive_egg
[0.332s] Invoked command in '/home/robo/Desktop/Group C ROS/ROS/build/turtlebot_action_drive' returned '0': CMAKE_PREFIX_PATH=${CMAKE_PREFIX_PATH}:/opt/ros/jazzy DEBUGINFOD_URLS=https://debuginfod.ubuntu.com /usr/bin/cmake --build /home/robo/Desktop/Group C ROS/ROS/build/turtlebot_action_drive -- -j24 -l24
[0.341s] Invoking command in '/home/robo/Desktop/Group C ROS/ROS/build/turtlebot_action_drive': CMAKE_PREFIX_PATH=${CMAKE_PREFIX_PATH}:/opt/ros/jazzy DEBUGINFOD_URLS=https://debuginfod.ubuntu.com /usr/bin/cmake --install /home/robo/Desktop/Group C ROS/ROS/build/turtlebot_action_drive
[0.349s] -- Install configuration: ""
[0.349s] -- Up-to-date: /home/robo/Desktop/Group C ROS/ROS/install/turtlebot_action_drive/share/ament_index/resource_index/rosidl_interfaces/turtlebot_action_drive
[0.349s] -- Up-to-date: /home/robo/Desktop/Group C ROS/ROS/install/turtlebot_action_drive/share/turtlebot_action_drive/action/DriveCommand.json
[0.349s] -- Up-to-date: /home/robo/Desktop/Group C ROS/ROS/install/turtlebot_action_drive/include/turtlebot_action_drive/turtlebot_action_drive
[0.349s] -- Up-to-date: /home/robo/Desktop/Group C ROS/ROS/install/turtlebot_action_drive/include/turtlebot_action_drive/turtlebot_action_drive/action
[0.349s] -- Up-to-date: /home/robo/Desktop/Group C ROS/ROS/install/turtlebot_action_drive/include/turtlebot_action_drive/turtlebot_action_drive/action/drive_command.h
[0.349s] -- Up-to-date: /home/robo/Desktop/Group C ROS/ROS/install/turtlebot_action_drive/include/turtlebot_action_drive/turtlebot_action_drive/action/detail
[0.349s] -- Up-to-date: /home/robo/Desktop/Group C ROS/ROS/install/turtlebot_action_drive/include/turtlebot_action_drive/turtlebot_action_drive/action/detail/drive_command__description.c
[0.349s] -- Up-to-date: /home/robo/Desktop/Group C ROS/ROS/install/turtlebot_action_drive/include/turtlebot_action_drive/turtlebot_action_drive/action/detail/drive_command__type_support.h
[0.349s] -- Up-to-date: /home/robo/Desktop/Group C ROS/ROS/install/turtlebot_action_drive/include/turtlebot_action_drive/turtlebot_action_drive/action/detail/drive_command__functions.h
[0.349s] -- Up-to-date: /home/robo/Desktop/Group C ROS/ROS/install/turtlebot_action_drive/include/turtlebot_action_drive/turtlebot_action_drive/action/detail/drive_command__struct.h
[0.349s] -- Up-to-date: /home/robo/Desktop/Group C ROS/ROS/install/turtlebot_action_drive/include/turtlebot_action_drive/turtlebot_action_drive/action/detail/drive_command__functions.c
[0.349s] -- Up-to-date: /home/robo/Desktop/Group C ROS/ROS/install/turtlebot_action_drive/include/turtlebot_action_drive/turtlebot_action_drive/action/detail/drive_command__type_support.c
[0.349s] -- Up-to-date: /home/robo/Desktop/Group C ROS/ROS/install/turtlebot_action_drive/include/turtlebot_action_drive/turtlebot_action_drive/msg
[0.349s] -- Up-to-date: /home/robo/Desktop/Group C ROS/ROS/install/turtlebot_action_drive/include/turtlebot_action_drive/turtlebot_action_drive/msg/rosidl_generator_c__visibility_control.h
[0.349s] -- Up-to-date: /home/robo/Desktop/Group C ROS/ROS/install/turtlebot_action_drive/share/turtlebot_action_drive/environment/library_path.sh
[0.349s] -- Up-to-date: /home/robo/Desktop/Group C ROS/ROS/install/turtlebot_action_drive/share/turtlebot_action_drive/environment/library_path.dsv
[0.349s] -- Up-to-date: /home/robo/Desktop/Group C ROS/ROS/install/turtlebot_action_drive/lib/libturtlebot_action_drive__rosidl_generator_c.so
[0.349s] -- Up-to-date: /home/robo/Desktop/Group C ROS/ROS/install/turtlebot_action_drive/include/turtlebot_action_drive/turtlebot_action_drive
[0.349s] -- Up-to-date: /home/robo/Desktop/Group C ROS/ROS/install/turtlebot_action_drive/include/turtlebot_action_drive/turtlebot_action_drive/action
[0.349s] -- Up-to-date: /home/robo/Desktop/Group C ROS/ROS/install/turtlebot_action_drive/include/turtlebot_action_drive/turtlebot_action_drive/action/detail
[0.350s] -- Up-to-date: /home/robo/Desktop/Group C ROS/ROS/install/turtlebot_action_drive/include/turtlebot_action_drive/turtlebot_action_drive/action/detail/drive_command__rosidl_typesupport_fastrtps_c.h
[0.350s] -- Up-to-date: /home/robo/Desktop/Group C ROS/ROS/install/turtlebot_action_drive/include/turtlebot_action_drive/turtlebot_action_drive/msg
[0.350s] -- Up-to-date: /home/robo/Desktop/Group C ROS/ROS/install/turtlebot_action_drive/include/turtlebot_action_drive/turtlebot_action_drive/msg/rosidl_typesupport_fastrtps_c__visibility_control.h
[0.350s] -- Up-to-date: /home/robo/Desktop/Group C ROS/ROS/install/turtlebot_action_drive/lib/libturtlebot_action_drive__rosidl_typesupport_fastrtps_c.so
[0.350s] -- Up-to-date: /home/robo/Desktop/Group C ROS/ROS/install/turtlebot_action_drive/include/turtlebot_action_drive/turtlebot_action_drive
[0.350s] -- Up-to-date: /home/robo/Desktop/Group C ROS/ROS/install/turtlebot_action_drive/include/turtlebot_action_drive/turtlebot_action_drive/action
[0.350s] -- Up-to-date: /home/robo/Desktop/Group C ROS/ROS/install/turtlebot_action_drive/include/turtlebot_action_drive/turtlebot_action_drive/action/detail
[0.350s] -- Up-to-date: /home/robo/Desktop/Group C ROS/ROS/install/turtlebot_action_drive/include/turtlebot_action_drive/turtlebot_action_drive/action/detail/drive_command__rosidl_typesupport_introspection_c.h
[0.350s] -- Up-to-date: /home/robo/Desktop/Group C ROS/ROS/install/turtlebot_action_drive/include/turtlebot_action_drive/turtlebot_action_drive/action/detail/drive_command__type_support.c
[0.350s] -- Up-to-date: /home/robo/Desktop/Group C ROS/ROS/install/turtlebot_action_drive/include/turtlebot_action_drive/turtlebot_action_drive/msg
[0.350s] -- Up-to-date: /home/robo/Desktop/Group C ROS/ROS/install/turtlebot_action_drive/include/turtlebot_action_drive/turtlebot_action_drive/msg/rosidl_typesupport_introspection_c__visibility_control.h
[0.350s] -- Up-to-date: /home/robo/Desktop/Group C ROS/ROS/install/turtlebot_action_drive/lib/libturtlebot_action_drive__rosidl_typesupport_introspection_c.so
[0.350s] -- Up-to-date: /home/robo/Desktop/Group C ROS/ROS/install/turtlebot_action_drive/lib/libturtlebot_action_drive__rosidl_typesupport_c.so
[0.350s] -- Up-to-date: /home/robo/Desktop/Group C ROS/ROS/install/turtlebot_action_drive/include/turtlebot_action_drive/turtlebot_action_drive
[0.350s] -- Up-to-date: /home/robo/Desktop/Group C ROS/ROS/install/turtlebot_action_drive/include/turtlebot_action_drive/turtlebot_action_drive/action
[0.350s] -- Up-to-date: /home/robo/Desktop/Group C ROS/ROS/install/turtlebot_action_drive/include/turtlebot_action_drive/turtlebot_action_drive/action/drive_command.hpp
[0.350s] -- Up-to-date: /home/robo/Desktop/Group C ROS/ROS/install/turtlebot_action_drive/include/turtlebot_action_drive/turtlebot_action_drive/action/detail
[0.350s] -- Up-to-date: /home/robo/Desktop/Group C ROS/ROS/install/turtlebot_action_drive/include/turtlebot_action_drive/turtlebot_action_drive/action/detail/drive_command__type_support.hpp
[0.350s] -- Up-to-date: /home/robo/Desktop/Group C ROS/ROS/install/turtlebot_action_drive/include/turtlebot_action_drive/turtlebot_action_drive/action/detail/drive_command__traits.hpp
[0.350s] -- Up-to-date: /home/robo/Desktop/Group C ROS/ROS/install/turtlebot_action_drive/include/turtlebot_action_drive/turtlebot_action_drive/action/detail/drive_command__struct.hpp
[0.350s] -- Up-to-date: /home/robo/Desktop/Group C ROS/ROS/install/turtlebot_action_drive/include/turtlebot_action_drive/turtlebot_action_drive/action/detail/drive_command__builder.hpp
[0.351s] -- Up-to-date: /home/robo/Desktop/Group C ROS/ROS/install/turtlebot_action_drive/include/turtlebot_action_drive/turtlebot_action_drive/msg
[0.351s] -- Up-to-date: /home/robo/Desktop/Group C ROS/ROS/install/turtlebot_action_drive/include/turtlebot_action_drive/turtlebot_action_drive/msg/rosidl_generator_cpp__visibility_control.hpp
[0.351s] -- Up-to-date: /home/robo/Desktop/Group C ROS/ROS/install/turtlebot_action_drive/include/turtlebot_action_drive/turtlebot_action_drive
[0.351s] -- Up-to-date: /home/robo/Desktop/Group C ROS/ROS/install/turtlebot_action_drive/include/turtlebot_action_drive/turtlebot_action_drive/action
[0.351s] -- Up-to-date: /home/robo/Desktop/Group C ROS/ROS/install/turtlebot_action_drive/include/turtlebot_action_drive/turtlebot_action_drive/action/detail
[0.351s] -- Up-to-date: /home/robo/Desktop/Group C ROS/ROS/install/turtlebot_action_drive/include/turtlebot_action_drive/turtlebot_action_drive/action/detail/dds_fastrtps
[0.351s] -- Up-to-date: /home/robo/Desktop/Group C ROS/ROS/install/turtlebot_action_drive/include/turtlebot_action_drive/turtlebot_action_drive/action/detail/drive_command__rosidl_typesupport_fastrtps_cpp.hpp
[0.351s] -- Up-to-date: /home/robo/Desktop/Group C ROS/ROS/install/turtlebot_action_drive/include/turtlebot_action_drive/turtlebot_action_drive/msg
[0.351s] -- Up-to-date: /home/robo/Desktop/Group C ROS/ROS/install/turtlebot_action_drive/include/turtlebot_action_drive/turtlebot_action_drive/msg/rosidl_typesupport_fastrtps_cpp__visibility_control.h
[0.351s] -- Up-to-date: /home/robo/Desktop/Group C ROS/ROS/install/turtlebot_action_drive/lib/libturtlebot_action_drive__rosidl_typesupport_fastrtps_cpp.so
[0.351s] -- Up-to-date: /home/robo/Desktop/Group C ROS/ROS/install/turtlebot_action_drive/include/turtlebot_action_drive/turtlebot_action_drive
[0.351s] -- Up-to-date: /home/robo/Desktop/Group C ROS/ROS/install/turtlebot_action_drive/include/turtlebot_action_drive/turtlebot_action_drive/action
[0.351s] -- Up-to-date: /home/robo/Desktop/Group C ROS/ROS/install/turtlebot_action_drive/include/turtlebot_action_drive/turtlebot_action_drive/action/detail
[0.351s] -- Up-to-date: /home/robo/Desktop/Group C ROS/ROS/install/turtlebot_action_drive/include/turtlebot_action_drive/turtlebot_action_drive/action/detail/drive_command__rosidl_typesupport_introspection_cpp.hpp
[0.351s] -- Up-to-date: /home/robo/Desktop/Group C ROS/ROS/install/turtlebot_action_drive/include/turtlebot_action_drive/turtlebot_action_drive/action/detail/drive_command__type_support.cpp
[0.351s] -- Up-to-date: /home/robo/Desktop/Group C ROS/ROS/install/turtlebot_action_drive/lib/libturtlebot_action_drive__rosidl_typesupport_introspection_cpp.so
[0.351s] -- Up-to-date: /home/robo/Desktop/Group C ROS/ROS/install/turtlebot_action_drive/lib/libturtlebot_action_drive__rosidl_typesupport_cpp.so
[0.351s] -- Up-to-date: /home/robo/Desktop/Group C ROS/ROS/install/turtlebot_action_drive/share/turtlebot_action_drive/environment/pythonpath.sh
[0.351s] -- Up-to-date: /home/robo/Desktop/Group C ROS/ROS/install/turtlebot_action_drive/share/turtlebot_action_drive/environment/pythonpath.dsv
[0.351s] -- Up-to-date: /home/robo/Desktop/Group C ROS/ROS/install/turtlebot_action_drive/lib/python3.12/site-packages/turtlebot_action_drive-0.0.0-py3.12.egg-info
[0.351s] -- Installing: /home/robo/Desktop/Group C ROS/ROS/install/turtlebot_action_drive/lib/python3.12/site-packages/turtlebot_action_drive-0.0.0-py3.12.egg-info/top_level.txt
[0.351s] -- Installing: /home/robo/Desktop/Group C ROS/ROS/install/turtlebot_action_drive/lib/python3.12/site-packages/turtlebot_action_drive-0.0.0-py3.12.egg-info/PKG-INFO
[0.351s] -- Installing: /home/robo/Desktop/Group C ROS/ROS/install/turtlebot_action_drive/lib/python3.12/site-packages/turtlebot_action_drive-0.0.0-py3.12.egg-info/dependency_links.txt
[0.351s] -- Installing: /home/robo/Desktop/Group C ROS/ROS/install/turtlebot_action_drive/lib/python3.12/site-packages/turtlebot_action_drive-0.0.0-py3.12.egg-info/SOURCES.txt
[0.351s] -- Up-to-date: /home/robo/Desktop/Group C ROS/ROS/install/turtlebot_action_drive/lib/python3.12/site-packages/turtlebot_action_drive
[0.351s] -- Up-to-date: /home/robo/Desktop/Group C ROS/ROS/install/turtlebot_action_drive/lib/python3.12/site-packages/turtlebot_action_drive/_turtlebot_action_drive_s.ep.rosidl_typesupport_c.c
[0.351s] -- Up-to-date: /home/robo/Desktop/Group C ROS/ROS/install/turtlebot_action_drive/lib/python3.12/site-packages/turtlebot_action_drive/turtlebot_action_drive_s__rosidl_typesupport_c.so
[0.352s] -- Up-to-date: /home/robo/Desktop/Group C ROS/ROS/install/turtlebot_action_drive/lib/python3.12/site-packages/turtlebot_action_drive/action
[0.352s] -- Up-to-date: /home/robo/Desktop/Group C ROS/ROS/install/turtlebot_action_drive/lib/python3.12/site-packages/turtlebot_action_drive/action/_drive_command.py
[0.352s] -- Up-to-date: /home/robo/Desktop/Group C ROS/ROS/install/turtlebot_action_drive/lib/python3.12/site-packages/turtlebot_action_drive/action/_drive_command_s.c
[0.352s] -- Up-to-date: /home/robo/Desktop/Group C ROS/ROS/install/turtlebot_action_drive/lib/python3.12/site-packages/turtlebot_action_drive/action/__init__.py
[0.352s] -- Up-to-date: /home/robo/Desktop/Group C ROS/ROS/install/turtlebot_action_drive/lib/python3.12/site-packages/turtlebot_action_drive/turtlebot_action_drive_s__rosidl_typesupport_fastrtps_c.so
[0.352s] -- Up-to-date: /home/robo/Desktop/Group C ROS/ROS/install/turtlebot_action_drive/lib/python3.12/site-packages/turtlebot_action_drive/_turtlebot_action_drive_s.ep.rosidl_typesupport_fastrtps_c.c
[0.352s] -- Up-to-date: /home/robo/Desktop/Group C ROS/ROS/install/turtlebot_action_drive/lib/python3.12/site-packages/turtlebot_action_drive/__init__.py
[0.352s] -- Up-to-date: /home/robo/Desktop/Group C ROS/ROS/install/turtlebot_action_drive/lib/python3.12/site-packages/turtlebot_action_drive/turtlebot_action_drive_s__rosidl_typesupport_introspection_c.so
[0.352s] -- Up-to-date: /home/robo/Desktop/Group C ROS/ROS/install/turtlebot_action_drive/lib/python3.12/site-packages/turtlebot_action_drive/_turtlebot_action_drive_s.ep.rosidl_typesupport_introspection_c.c
[0.376s] Listing '/home/robo/Desktop/Group C ROS/ROS/install/turtlebot_action_drive/lib/python3.12/site-packages/turtlebot_action_drive'...
[0.376s] Listing '/home/robo/Desktop/Group C ROS/ROS/install/turtlebot_action_drive/lib/python3.12/site-packages/turtlebot_action_drive/action'...
[0.380s] -- Up-to-date: /home/robo/Desktop/Group C ROS/ROS/install/turtlebot_action_drive/lib/python3.12/site-packages/turtlebot_action_drive/turtlebot_action_drive_s__rosidl_typesupport_fastrtps_c.so
[0.380s] -- Up-to-date: /home/robo/Desktop/Group C ROS/ROS/install/turtlebot_action_drive/lib/python3.12/site-packages/turtlebot_action_drive/turtlebot_action_drive_s__rosidl_typesupport_introspection_c.so
[0.380s] -- Up-to-date: /home/robo/Desktop/Group C ROS/ROS/install/turtlebot_action_drive/lib/python3.12/site-packages/turtlebot_action_drive/turtlebot_action_drive_s__rosidl_typesupport_c.so
[0.381s] -- Up-to-date: /home/robo/Desktop/Group C ROS/ROS/install/turtlebot_action_drive/lib/libturtlebot_action_drive__rosidl_generator_py.so
[0.381s] -- Up-to-date: /home/robo/Desktop/Group C ROS/ROS/install/turtlebot_action_drive/share/turtlebot_action_drive/action/DriveCommand.idl
[0.381s] -- Up-to-date: /home/robo/Desktop/Group C ROS/ROS/install/turtlebot_action_drive/share/turtlebot_action_drive/action/DriveCommand.action
[0.381s] -- Installing: /home/robo/Desktop/Group C ROS/ROS/install/turtlebot_action_drive/lib/turtlebot_action_drive/executive_node.py
[0.381s] -- Up-to-date: /home/robo/Desktop/Group C ROS/ROS/install/turtlebot_action_drive/lib/turtlebot_action_drive/driving_node.py
[0.381s] -- Up-to-date: /home/robo/Desktop/Group C ROS/ROS/install/turtlebot_action_drive/share/turtlebot_action_drive//launch
[0.381s] -- Up-to-date: /home/robo/Desktop/Group C ROS/ROS/install/turtlebot_action_drive/share/turtlebot_action_drive//launch/turtlebot_action_launch.py
[0.381s] -- Up-to-date: /home/robo/Desktop/Group C ROS/ROS/install/turtlebot_action_drive/share/ament_index/resource_index/package_run_dependencies/turtlebot_action_drive
[0.381s] -- Up-to-date: /home/robo/Desktop/Group C ROS/ROS/install/turtlebot_action_drive/share/ament_index/resource_index/parent_prefix_path/turtlebot_action_drive
[0.381s] -- Up-to-date: /home/robo/Desktop/Group C ROS/ROS/install/turtlebot_action_drive/share/turtlebot_action_drive/environment/ament_prefix_path.sh
[0.382s] -- Up-to-date: /home/robo/Desktop/Group C ROS/ROS/install/turtlebot_action_drive/share/turtlebot_action_drive/environment/ament_prefix_path.dsv
[0.382s] -- Up-to-date: /home/robo/Desktop/Group C ROS/ROS/install/turtlebot_action_drive/share/turtlebot_action_drive/environment/path.sh
[0.382s] -- Up-to-date: /home/robo/Desktop/Group C ROS/ROS/install/turtlebot_action_drive/share/turtlebot_action_drive/environment/path.dsv
[0.382s] -- Up-to-date: /home/robo/Desktop/Group C ROS/ROS/install/turtlebot_action_drive/share/turtlebot_action_drive/local_setup.bash
[0.382s] -- Up-to-date: /home/robo/Desktop/Group C ROS/ROS/install/turtlebot_action_drive/share/turtlebot_action_drive/local_setup.sh
[0.382s] -- Up-to-date: /home/robo/Desktop/Group C ROS/ROS/install/turtlebot_action_drive/share/turtlebot_action_drive/local_setup.zsh
[0.382s] -- Up-to-date: /home/robo/Desktop/Group C ROS/ROS/install/turtlebot_action_drive/share/turtlebot_action_drive/local_setup.dsv
[0.382s] -- Installing: /home/robo/Desktop/Group C ROS/ROS/install/turtlebot_action_drive/share/turtlebot_action_drive/package.dsv
[0.382s] -- Up-to-date: /home/robo/Desktop/Group C ROS/ROS/install/turtlebot_action_drive/share/ament_index/resource_index/packages/turtlebot_action_drive
[0.383s] -- Up-to-date: /home/robo/Desktop/Group C ROS/ROS/install/turtlebot_action_drive/share/turtlebot_action_drive/cmake/export_turtlebot_action_drive__rosidl_generator_cExport.cmake
[0.383s] -- Up-to-date: /home/robo/Desktop/Group C ROS/ROS/install/turtlebot_action_drive/share/turtlebot_action_drive/cmake/export_turtlebot_action_drive__rosidl_generator_cExport-noconfig.cmake
[0.383s] -- Up-to-date: /home/robo/Desktop/Group C ROS/ROS/install/turtlebot_action_drive/share/turtlebot_action_drive/cmake/export_turtlebot_action_drive__rosidl_typesupport_fastrtps_cExport.cmake
[0.383s] -- Up-to-date: /home/robo/Desktop/Group C ROS/ROS/install/turtlebot_action_drive/share/turtlebot_action_drive/cmake/export_turtlebot_action_drive__rosidl_typesupport_fastrtps_cExport-noconfig.cmake
[0.383s] -- Up-to-date: /home/robo/Desktop/Group C ROS/ROS/install/turtlebot_action_drive/share/turtlebot_action_drive/cmake/turtlebot_action_drive__rosidl_typesupport_introspection_cExport.cmake
[0.383s] -- Up-to-date: /home/robo/Desktop/Group C ROS/ROS/install/turtlebot_action_drive/share/turtlebot_action_drive/cmake/turtlebot_action_drive__rosidl_typesupport_introspection_cExport-noconfig.cmake
[0.383s] -- Up-to-date: /home/robo/Desktop/Group C ROS/ROS/install/turtlebot_action_drive/share/turtlebot_action_drive/cmake/turtlebot_action_drive__rosidl_typesupport_cExport.cmake
[0.383s] -- Up-to-date: /home/robo/Desktop/Group C ROS/ROS/install/turtlebot_action_drive/share/turtlebot_action_drive/cmake/turtlebot_action_drive__rosidl_typesupport_cExport-noconfig.cmake
[0.383s] -- Up-to-date: /home/robo/Desktop/Group C ROS/ROS/install/turtlebot_action_drive/share/turtlebot_action_drive/cmake/export_turtlebot_action_drive__rosidl_generator_cppExport.cmake
[0.383s] -- Up-to-date: /home/robo/Desktop/Group C ROS/ROS/install/turtlebot_action_drive/share/turtlebot_action_drive/cmake/export_turtlebot_action_drive__rosidl_typesupport_fastrtps_cppExport.cmake
[0.383s] -- Up-to-date: /home/robo/Desktop/Group C ROS/ROS/install/turtlebot_action_drive/share/turtlebot_action_drive/cmake/export_turtlebot_action_drive__rosidl_typesupport_fastrtps_cppExport-noconfig.cmake
[0.383s] -- Up-to-date: /home/robo/Desktop/Group C ROS/ROS/install/turtlebot_action_drive/share/turtlebot_action_drive/cmake/turtlebot_action_drive__rosidl_typesupport_introspection_cppExport.cmake
[0.383s] -- Up-to-date: /home/robo/Desktop/Group C ROS/ROS/install/turtlebot_action_drive/share/turtlebot_action_drive/cmake/turtlebot_action_drive__rosidl_typesupport_introspection_cppExport-noconfig.cmake
[0.383s] -- Up-to-date: /home/robo/Desktop/Group C ROS/ROS/install/turtlebot_action_drive/share/turtlebot_action_drive/cmake/turtlebot_action_drive__rosidl_typesupport_cppExport.cmake
[0.383s] -- Up-to-date: /home/robo/Desktop/Group C ROS/ROS/install/turtlebot_action_drive/share/turtlebot_action_drive/cmake/turtlebot_action_drive__rosidl_typesupport_cppExport-noconfig.cmake
[0.383s] -- Up-to-date: /home/robo/Desktop/Group C ROS/ROS/install/turtlebot_action_drive/share/turtlebot_action_drive/cmake/export_turtlebot_action_drive__rosidl_generator_pyExport.cmake
[0.383s] -- Up-to-date: /home/robo/Desktop/Group C ROS/ROS/install/turtlebot_action_drive/share/turtlebot_action_drive/cmake/export_turtlebot_action_drive__rosidl_generator_pyExport-noconfig.cmake
[0.384s] -- Up-to-date: /home/robo/Desktop/Group C ROS/ROS/install/turtlebot_action_drive/share/turtlebot_action_drive/cmake/rosidl_cmake-extras.cmake
[0.384s] -- Up-to-date: /home/robo/Desktop/Group C ROS/ROS/install/turtlebot_action_drive/share/turtlebot_action_drive/cmake/ament_cmake_export_dependencies-extras.cmake
[0.384s] -- Up-to-date: /home/robo/Desktop/Group C ROS/ROS/install/turtlebot_action_drive/share/turtlebot_action_drive/cmake/ament_cmake_export_include_directories-extras.cmake
[0.384s] -- Up-to-date: /home/robo/Desktop/Group C ROS/ROS/install/turtlebot_action_drive/share/turtlebot_action_drive/cmake/ament_cmake_export_libraries-extras.cmake
[0.384s] -- Up-to-date: /home/robo/Desktop/Group C ROS/ROS/install/turtlebot_action_drive/share/turtlebot_action_drive/cmake/ament_cmake_export_targets-extras.cmake
[0.384s] -- Up-to-date: /home/robo/Desktop/Group C ROS/ROS/install/turtlebot_action_drive/share/turtlebot_action_drive/cmake/rosidl_cmake_export_typesupport_targets-extras.cmake
[0.384s] -- Up-to-date: /home/robo/Desktop/Group C ROS/ROS/install/turtlebot_action_drive/share/turtlebot_action_drive/cmake/rosidl_cmake_export_typesupport_libraries-extras.cmake
[0.384s] -- Up-to-date: /home/robo/Desktop/Group C ROS/ROS/install/turtlebot_action_drive/share/turtlebot_action_drive/cmake/turtlebot_action_driveConfig.cmake
[0.384s] -- Up-to-date: /home/robo/Desktop/Group C ROS/ROS/install/turtlebot_action_drive/share/turtlebot_action_drive/cmake/turtlebot_action_driveConfig-version.cmake
[0.384s] -- Up-to-date: /home/robo/Desktop/Group C ROS/ROS/install/turtlebot_action_drive/share/turtlebot_action_drive/package.xml
[0.384s] Invoked command in '/home/robo/Desktop/Group C ROS/ROS/build/turtlebot_action_drive' returned '0': CMAKE_PREFIX_PATH=${CMAKE_PREFIX_PATH}:/opt/ros/jazzy DEBUGINFOD_URLS=https://debuginfod.ubuntu.com /usr/bin/cmake --install /home/robo/Desktop/Group C ROS/ROS/build/turtlebot_action_drive
