[0.066s] DEBUG:colcon:Command line arguments: ['/usr/bin/colcon', 'build']
[0.066s] DEBUG:colcon:Parsed command line arguments: Namespace(log_base=None, log_level=None, verb_name='build', build_base='build', install_base='install', merge_install=False, symlink_install=False, test_result_base=None, continue_on_error=False, executor='parallel', parallel_workers=24, event_handlers=None, ignore_user_meta=False, metas=['./colcon.meta'], base_paths=['.'], packages_ignore=None, packages_ignore_regex=None, paths=None, packages_up_to=None, packages_up_to_regex=None, packages_above=None, packages_above_and_dependencies=None, packages_above_depth=None, packages_select_by_dep=None, packages_skip_by_dep=None, packages_skip_up_to=None, packages_select_build_failed=False, packages_skip_build_finished=False, packages_select_test_failures=False, packages_skip_test_passed=False, packages_select=None, packages_skip=None, packages_select_regex=None, packages_skip_regex=None, packages_start=None, packages_end=None, allow_overriding=[], cmake_args=None, cmake_target=None, cmake_target_skip_unavailable=False, cmake_clean_cache=False, cmake_clean_first=False, cmake_force_configure=False, ament_cmake_args=None, catkin_cmake_args=None, catkin_skip_building_tests=False, mixin_files=None, mixin=None, verb_parser=<colcon_mixin.mixin.mixin_argument.MixinArgumentDecorator object at 0x7e7d84869ee0>, verb_extension=<colcon_core.verb.build.BuildVerb object at 0x7e7d847a0680>, main=<bound method BuildVerb.main of <colcon_core.verb.build.BuildVerb object at 0x7e7d847a0680>>, mixin_verb=('build',))
[0.091s] Level 1:colcon.colcon_core.package_discovery:discover_packages(colcon_meta) check parameters
[0.091s] Level 1:colcon.colcon_core.package_discovery:discover_packages(recursive) check parameters
[0.091s] Level 1:colcon.colcon_core.package_discovery:discover_packages(ignore) check parameters
[0.091s] Level 1:colcon.colcon_core.package_discovery:discover_packages(path) check parameters
[0.091s] Level 1:colcon.colcon_core.package_discovery:discover_packages(colcon_meta) discover
[0.091s] Level 1:colcon.colcon_core.package_discovery:discover_packages(recursive) discover
[0.091s] INFO:colcon.colcon_core.package_discovery:Crawling recursively for packages in '/home/robo/Desktop/Group C ROS/ROS'
[0.091s] Level 1:colcon.colcon_core.package_identification:_identify(.) by extensions ['ignore', 'ignore_ament_install']
[0.091s] Level 1:colcon.colcon_core.package_identification:_identify(.) by extension 'ignore'
[0.091s] Level 1:colcon.colcon_core.package_identification:_identify(.) by extension 'ignore_ament_install'
[0.091s] Level 1:colcon.colcon_core.package_identification:_identify(.) by extensions ['colcon_pkg']
[0.091s] Level 1:colcon.colcon_core.package_identification:_identify(.) by extension 'colcon_pkg'
[0.091s] Level 1:colcon.colcon_core.package_identification:_identify(.) by extensions ['colcon_meta']
[0.091s] Level 1:colcon.colcon_core.package_identification:_identify(.) by extension 'colcon_meta'
[0.091s] Level 1:colcon.colcon_core.package_identification:_identify(.) by extensions ['ros']
[0.091s] Level 1:colcon.colcon_core.package_identification:_identify(.) by extension 'ros'
[0.108s] Level 1:colcon.colcon_core.package_identification:_identify(.) by extensions ['cmake', 'python']
[0.108s] Level 1:colcon.colcon_core.package_identification:_identify(.) by extension 'cmake'
[0.108s] Level 1:colcon.colcon_core.package_identification:_identify(.) by extension 'python'
[0.108s] Level 1:colcon.colcon_core.package_identification:_identify(.) by extensions ['python_setup_py']
[0.108s] Level 1:colcon.colcon_core.package_identification:_identify(.) by extension 'python_setup_py'
[0.108s] Level 1:colcon.colcon_core.package_identification:_identify(build) by extensions ['ignore', 'ignore_ament_install']
[0.109s] Level 1:colcon.colcon_core.package_identification:_identify(build) by extension 'ignore'
[0.109s] Level 1:colcon.colcon_core.package_identification:_identify(build) ignored
[0.109s] Level 1:colcon.colcon_core.package_identification:_identify(install) by extensions ['ignore', 'ignore_ament_install']
[0.109s] Level 1:colcon.colcon_core.package_identification:_identify(install) by extension 'ignore'
[0.109s] Level 1:colcon.colcon_core.package_identification:_identify(install) ignored
[0.109s] Level 1:colcon.colcon_core.package_identification:_identify(log) by extensions ['ignore', 'ignore_ament_install']
[0.109s] Level 1:colcon.colcon_core.package_identification:_identify(log) by extension 'ignore'
[0.109s] Level 1:colcon.colcon_core.package_identification:_identify(log) ignored
[0.109s] Level 1:colcon.colcon_core.package_identification:_identify(src) by extensions ['ignore', 'ignore_ament_install']
[0.109s] Level 1:colcon.colcon_core.package_identification:_identify(src) by extension 'ignore'
[0.109s] Level 1:colcon.colcon_core.package_identification:_identify(src) by extension 'ignore_ament_install'
[0.109s] Level 1:colcon.colcon_core.package_identification:_identify(src) by extensions ['colcon_pkg']
[0.109s] Level 1:colcon.colcon_core.package_identification:_identify(src) by extension 'colcon_pkg'
[0.109s] Level 1:colcon.colcon_core.package_identification:_identify(src) by extensions ['colcon_meta']
[0.109s] Level 1:colcon.colcon_core.package_identification:_identify(src) by extension 'colcon_meta'
[0.109s] Level 1:colcon.colcon_core.package_identification:_identify(src) by extensions ['ros']
[0.109s] Level 1:colcon.colcon_core.package_identification:_identify(src) by extension 'ros'
[0.109s] Level 1:colcon.colcon_core.package_identification:_identify(src) by extensions ['cmake', 'python']
[0.109s] Level 1:colcon.colcon_core.package_identification:_identify(src) by extension 'cmake'
[0.109s] Level 1:colcon.colcon_core.package_identification:_identify(src) by extension 'python'
[0.109s] Level 1:colcon.colcon_core.package_identification:_identify(src) by extensions ['python_setup_py']
[0.109s] Level 1:colcon.colcon_core.package_identification:_identify(src) by extension 'python_setup_py'
[0.109s] Level 1:colcon.colcon_core.package_identification:_identify(src/turtlebot_action_drive) by extensions ['ignore', 'ignore_ament_install']
[0.109s] Level 1:colcon.colcon_core.package_identification:_identify(src/turtlebot_action_drive) by extension 'ignore'
[0.109s] Level 1:colcon.colcon_core.package_identification:_identify(src/turtlebot_action_drive) by extension 'ignore_ament_install'
[0.109s] Level 1:colcon.colcon_core.package_identification:_identify(src/turtlebot_action_drive) by extensions ['colcon_pkg']
[0.109s] Level 1:colcon.colcon_core.package_identification:_identify(src/turtlebot_action_drive) by extension 'colcon_pkg'
[0.109s] Level 1:colcon.colcon_core.package_identification:_identify(src/turtlebot_action_drive) by extensions ['colcon_meta']
[0.109s] Level 1:colcon.colcon_core.package_identification:_identify(src/turtlebot_action_drive) by extension 'colcon_meta'
[0.109s] Level 1:colcon.colcon_core.package_identification:_identify(src/turtlebot_action_drive) by extensions ['ros']
[0.109s] Level 1:colcon.colcon_core.package_identification:_identify(src/turtlebot_action_drive) by extension 'ros'
[0.111s] DEBUG:colcon.colcon_core.package_identification:Package 'src/turtlebot_action_drive' with type 'ros.ament_cmake' and name 'turtlebot_action_drive'
[0.111s] Level 1:colcon.colcon_core.package_discovery:discover_packages(recursive) using defaults
[0.111s] Level 1:colcon.colcon_core.package_discovery:discover_packages(ignore) discover
[0.111s] Level 1:colcon.colcon_core.package_discovery:discover_packages(ignore) using defaults
[0.111s] Level 1:colcon.colcon_core.package_discovery:discover_packages(path) discover
[0.111s] Level 1:colcon.colcon_core.package_discovery:discover_packages(path) using defaults
[0.123s] Level 1:colcon.colcon_core.package_discovery:discover_packages(prefix_path) check parameters
[0.123s] Level 1:colcon.colcon_core.package_discovery:discover_packages(prefix_path) discover
[0.123s] WARNING:colcon.colcon_ros.prefix_path.ament:The path '/home/robo/Desktop/Group C ROS/ROS/install/my_action_pkg' in the environment variable AMENT_PREFIX_PATH doesn't exist
[0.123s] WARNING:colcon.colcon_ros.prefix_path.ament:The path '/home/robo/ros_ws/install/my_action_pkg' in the environment variable AMENT_PREFIX_PATH doesn't exist
[0.124s] DEBUG:colcon.colcon_installed_package_information.package_discovery:Found 0 installed packages in /home/robo/Desktop/Group C ROS/ROS/install
[0.124s] DEBUG:colcon.colcon_installed_package_information.package_discovery:Found 0 installed packages in /home/robo/ros_ws/install
[0.125s] DEBUG:colcon.colcon_installed_package_information.package_discovery:Found 362 installed packages in /opt/ros/jazzy
[0.126s] Level 1:colcon.colcon_core.package_discovery:discover_packages(prefix_path) using defaults
[0.153s] Level 5:colcon.colcon_core.verb:set package 'turtlebot_action_drive' build argument 'cmake_args' from command line to 'None'
[0.153s] Level 5:colcon.colcon_core.verb:set package 'turtlebot_action_drive' build argument 'cmake_target' from command line to 'None'
[0.153s] Level 5:colcon.colcon_core.verb:set package 'turtlebot_action_drive' build argument 'cmake_target_skip_unavailable' from command line to 'False'
[0.153s] Level 5:colcon.colcon_core.verb:set package 'turtlebot_action_drive' build argument 'cmake_clean_cache' from command line to 'False'
[0.153s] Level 5:colcon.colcon_core.verb:set package 'turtlebot_action_drive' build argument 'cmake_clean_first' from command line to 'False'
[0.154s] Level 5:colcon.colcon_core.verb:set package 'turtlebot_action_drive' build argument 'cmake_force_configure' from command line to 'False'
[0.154s] Level 5:colcon.colcon_core.verb:set package 'turtlebot_action_drive' build argument 'ament_cmake_args' from command line to 'None'
[0.154s] Level 5:colcon.colcon_core.verb:set package 'turtlebot_action_drive' build argument 'catkin_cmake_args' from command line to 'None'
[0.154s] Level 5:colcon.colcon_core.verb:set package 'turtlebot_action_drive' build argument 'catkin_skip_building_tests' from command line to 'False'
[0.154s] DEBUG:colcon.colcon_core.verb:Building package 'turtlebot_action_drive' with the following arguments: {'ament_cmake_args': None, 'build_base': '/home/robo/Desktop/Group C ROS/ROS/build/turtlebot_action_drive', 'catkin_cmake_args': None, 'catkin_skip_building_tests': False, 'cmake_args': None, 'cmake_clean_cache': False, 'cmake_clean_first': False, 'cmake_force_configure': False, 'cmake_target': None, 'cmake_target_skip_unavailable': False, 'install_base': '/home/robo/Desktop/Group C ROS/ROS/install/turtlebot_action_drive', 'merge_install': False, 'path': '/home/robo/Desktop/Group C ROS/ROS/src/turtlebot_action_drive', 'symlink_install': False, 'test_result_base': None}
[0.154s] INFO:colcon.colcon_core.executor:Executing jobs using 'parallel' executor
[0.154s] DEBUG:colcon.colcon_parallel_executor.executor.parallel:run_until_complete
[0.155s] INFO:colcon.colcon_ros.task.ament_cmake.build:Building ROS package in '/home/robo/Desktop/Group C ROS/ROS/src/turtlebot_action_drive' with build type 'ament_cmake'
[0.155s] INFO:colcon.colcon_cmake.task.cmake.build:Building CMake package in '/home/robo/Desktop/Group C ROS/ROS/src/turtlebot_action_drive'
[0.156s] INFO:colcon.colcon_core.plugin_system:Skipping extension 'colcon_core.shell.bat': Not used on non-Windows systems
[0.156s] INFO:colcon.colcon_core.shell:Skip shell extension 'powershell' for command environment: Not usable outside of PowerShell
[0.156s] DEBUG:colcon.colcon_core.shell:Skip shell extension 'dsv' for command environment
[0.162s] DEBUG:colcon.colcon_core.event_handler.log_command:Invoking command in '/home/robo/Desktop/Group C ROS/ROS/build/turtlebot_action_drive': CMAKE_PREFIX_PATH=${CMAKE_PREFIX_PATH}:/home/robo/Desktop/Group C ROS/ROS/install/my_action_pkg:/home/robo/ros_ws/install/my_action_pkg:/opt/ros/jazzy DEBUGINFOD_URLS=https://debuginfod.ubuntu.com /usr/bin/cmake /home/robo/Desktop/Group C ROS/ROS/src/turtlebot_action_drive -DCMAKE_INSTALL_PREFIX=/home/robo/Desktop/Group C ROS/ROS/install/turtlebot_action_drive
[3.182s] DEBUG:colcon.colcon_core.event_handler.log_command:Invoked command in '/home/robo/Desktop/Group C ROS/ROS/build/turtlebot_action_drive' returned '0': CMAKE_PREFIX_PATH=${CMAKE_PREFIX_PATH}:/home/robo/Desktop/Group C ROS/ROS/install/my_action_pkg:/home/robo/ros_ws/install/my_action_pkg:/opt/ros/jazzy DEBUGINFOD_URLS=https://debuginfod.ubuntu.com /usr/bin/cmake /home/robo/Desktop/Group C ROS/ROS/src/turtlebot_action_drive -DCMAKE_INSTALL_PREFIX=/home/robo/Desktop/Group C ROS/ROS/install/turtlebot_action_drive
[3.183s] DEBUG:colcon.colcon_core.event_handler.log_command:Invoking command in '/home/robo/Desktop/Group C ROS/ROS/build/turtlebot_action_drive': CMAKE_PREFIX_PATH=${CMAKE_PREFIX_PATH}:/home/robo/Desktop/Group C ROS/ROS/install/my_action_pkg:/home/robo/ros_ws/install/my_action_pkg:/opt/ros/jazzy DEBUGINFOD_URLS=https://debuginfod.ubuntu.com /usr/bin/cmake --build /home/robo/Desktop/Group C ROS/ROS/build/turtlebot_action_drive -- -j24 -l24
[5.705s] DEBUG:colcon.colcon_core.event_handler.log_command:Invoked command in '/home/robo/Desktop/Group C ROS/ROS/build/turtlebot_action_drive' returned '0': CMAKE_PREFIX_PATH=${CMAKE_PREFIX_PATH}:/home/robo/Desktop/Group C ROS/ROS/install/my_action_pkg:/home/robo/ros_ws/install/my_action_pkg:/opt/ros/jazzy DEBUGINFOD_URLS=https://debuginfod.ubuntu.com /usr/bin/cmake --build /home/robo/Desktop/Group C ROS/ROS/build/turtlebot_action_drive -- -j24 -l24
[5.718s] DEBUG:colcon.colcon_core.event_handler.log_command:Invoking command in '/home/robo/Desktop/Group C ROS/ROS/build/turtlebot_action_drive': CMAKE_PREFIX_PATH=${CMAKE_PREFIX_PATH}:/home/robo/Desktop/Group C ROS/ROS/install/my_action_pkg:/home/robo/ros_ws/install/my_action_pkg:/opt/ros/jazzy DEBUGINFOD_URLS=https://debuginfod.ubuntu.com /usr/bin/cmake --install /home/robo/Desktop/Group C ROS/ROS/build/turtlebot_action_drive
[5.777s] Level 1:colcon.colcon_core.environment:create_environment_scripts_only(turtlebot_action_drive)
[5.777s] DEBUG:colcon.colcon_core.event_handler.log_command:Invoked command in '/home/robo/Desktop/Group C ROS/ROS/build/turtlebot_action_drive' returned '0': CMAKE_PREFIX_PATH=${CMAKE_PREFIX_PATH}:/home/robo/Desktop/Group C ROS/ROS/install/my_action_pkg:/home/robo/ros_ws/install/my_action_pkg:/opt/ros/jazzy DEBUGINFOD_URLS=https://debuginfod.ubuntu.com /usr/bin/cmake --install /home/robo/Desktop/Group C ROS/ROS/build/turtlebot_action_drive
[5.779s] Level 1:colcon.colcon_core.environment:checking '/home/robo/Desktop/Group C ROS/ROS/install/turtlebot_action_drive' for CMake module files
[5.779s] Level 1:colcon.colcon_core.environment:checking '/home/robo/Desktop/Group C ROS/ROS/install/turtlebot_action_drive' for CMake config files
[5.779s] Level 1:colcon.colcon_core.shell:create_environment_hook('turtlebot_action_drive', 'cmake_prefix_path')
[5.779s] INFO:colcon.colcon_core.shell:Creating environment hook '/home/robo/Desktop/Group C ROS/ROS/install/turtlebot_action_drive/share/turtlebot_action_drive/hook/cmake_prefix_path.ps1'
[5.780s] INFO:colcon.colcon_core.shell:Creating environment descriptor '/home/robo/Desktop/Group C ROS/ROS/install/turtlebot_action_drive/share/turtlebot_action_drive/hook/cmake_prefix_path.dsv'
[5.780s] INFO:colcon.colcon_core.shell:Creating environment hook '/home/robo/Desktop/Group C ROS/ROS/install/turtlebot_action_drive/share/turtlebot_action_drive/hook/cmake_prefix_path.sh'
[5.780s] Level 1:colcon.colcon_core.environment:checking '/home/robo/Desktop/Group C ROS/ROS/install/turtlebot_action_drive/lib'
[5.780s] Level 1:colcon.colcon_core.shell:create_environment_hook('turtlebot_action_drive', 'ld_library_path_lib')
[5.781s] INFO:colcon.colcon_core.shell:Creating environment hook '/home/robo/Desktop/Group C ROS/ROS/install/turtlebot_action_drive/share/turtlebot_action_drive/hook/ld_library_path_lib.ps1'
[5.781s] INFO:colcon.colcon_core.shell:Creating environment descriptor '/home/robo/Desktop/Group C ROS/ROS/install/turtlebot_action_drive/share/turtlebot_action_drive/hook/ld_library_path_lib.dsv'
[5.781s] INFO:colcon.colcon_core.shell:Creating environment hook '/home/robo/Desktop/Group C ROS/ROS/install/turtlebot_action_drive/share/turtlebot_action_drive/hook/ld_library_path_lib.sh'
[5.781s] Level 1:colcon.colcon_core.environment:checking '/home/robo/Desktop/Group C ROS/ROS/install/turtlebot_action_drive/bin'
[5.781s] Level 1:colcon.colcon_core.environment:checking '/home/robo/Desktop/Group C ROS/ROS/install/turtlebot_action_drive/lib/pkgconfig/turtlebot_action_drive.pc'
[5.781s] Level 1:colcon.colcon_core.environment:checking '/home/robo/Desktop/Group C ROS/ROS/install/turtlebot_action_drive/lib/python3.12/site-packages'
[5.781s] Level 1:colcon.colcon_core.shell:create_environment_hook('turtlebot_action_drive', 'pythonpath')
[5.781s] INFO:colcon.colcon_core.shell:Creating environment hook '/home/robo/Desktop/Group C ROS/ROS/install/turtlebot_action_drive/share/turtlebot_action_drive/hook/pythonpath.ps1'
[5.782s] INFO:colcon.colcon_core.shell:Creating environment descriptor '/home/robo/Desktop/Group C ROS/ROS/install/turtlebot_action_drive/share/turtlebot_action_drive/hook/pythonpath.dsv'
[5.782s] INFO:colcon.colcon_core.shell:Creating environment hook '/home/robo/Desktop/Group C ROS/ROS/install/turtlebot_action_drive/share/turtlebot_action_drive/hook/pythonpath.sh'
[5.782s] Level 1:colcon.colcon_core.environment:checking '/home/robo/Desktop/Group C ROS/ROS/install/turtlebot_action_drive/bin'
[5.782s] INFO:colcon.colcon_core.shell:Creating package script '/home/robo/Desktop/Group C ROS/ROS/install/turtlebot_action_drive/share/turtlebot_action_drive/package.ps1'
[5.783s] INFO:colcon.colcon_core.shell:Creating package descriptor '/home/robo/Desktop/Group C ROS/ROS/install/turtlebot_action_drive/share/turtlebot_action_drive/package.dsv'
[5.783s] INFO:colcon.colcon_core.shell:Creating package script '/home/robo/Desktop/Group C ROS/ROS/install/turtlebot_action_drive/share/turtlebot_action_drive/package.sh'
[5.783s] INFO:colcon.colcon_core.shell:Creating package script '/home/robo/Desktop/Group C ROS/ROS/install/turtlebot_action_drive/share/turtlebot_action_drive/package.bash'
[5.784s] INFO:colcon.colcon_core.shell:Creating package script '/home/robo/Desktop/Group C ROS/ROS/install/turtlebot_action_drive/share/turtlebot_action_drive/package.zsh'
[5.784s] Level 1:colcon.colcon_core.environment:create_file_with_runtime_dependencies(/home/robo/Desktop/Group C ROS/ROS/install/turtlebot_action_drive/share/colcon-core/packages/turtlebot_action_drive)
[5.784s] Level 1:colcon.colcon_core.environment:create_environment_scripts_only(turtlebot_action_drive)
[5.784s] Level 1:colcon.colcon_core.environment:checking '/home/robo/Desktop/Group C ROS/ROS/install/turtlebot_action_drive' for CMake module files
[5.785s] Level 1:colcon.colcon_core.environment:checking '/home/robo/Desktop/Group C ROS/ROS/install/turtlebot_action_drive' for CMake config files
[5.785s] Level 1:colcon.colcon_core.shell:create_environment_hook('turtlebot_action_drive', 'cmake_prefix_path')
[5.785s] INFO:colcon.colcon_core.shell:Creating environment hook '/home/robo/Desktop/Group C ROS/ROS/install/turtlebot_action_drive/share/turtlebot_action_drive/hook/cmake_prefix_path.ps1'
[5.785s] INFO:colcon.colcon_core.shell:Creating environment descriptor '/home/robo/Desktop/Group C ROS/ROS/install/turtlebot_action_drive/share/turtlebot_action_drive/hook/cmake_prefix_path.dsv'
[5.785s] INFO:colcon.colcon_core.shell:Creating environment hook '/home/robo/Desktop/Group C ROS/ROS/install/turtlebot_action_drive/share/turtlebot_action_drive/hook/cmake_prefix_path.sh'
[5.786s] Level 1:colcon.colcon_core.environment:checking '/home/robo/Desktop/Group C ROS/ROS/install/turtlebot_action_drive/lib'
[5.786s] Level 1:colcon.colcon_core.shell:create_environment_hook('turtlebot_action_drive', 'ld_library_path_lib')
[5.786s] INFO:colcon.colcon_core.shell:Creating environment hook '/home/robo/Desktop/Group C ROS/ROS/install/turtlebot_action_drive/share/turtlebot_action_drive/hook/ld_library_path_lib.ps1'
[5.786s] INFO:colcon.colcon_core.shell:Creating environment descriptor '/home/robo/Desktop/Group C ROS/ROS/install/turtlebot_action_drive/share/turtlebot_action_drive/hook/ld_library_path_lib.dsv'
[5.786s] INFO:colcon.colcon_core.shell:Creating environment hook '/home/robo/Desktop/Group C ROS/ROS/install/turtlebot_action_drive/share/turtlebot_action_drive/hook/ld_library_path_lib.sh'
[5.786s] Level 1:colcon.colcon_core.environment:checking '/home/robo/Desktop/Group C ROS/ROS/install/turtlebot_action_drive/bin'
[5.786s] Level 1:colcon.colcon_core.environment:checking '/home/robo/Desktop/Group C ROS/ROS/install/turtlebot_action_drive/lib/pkgconfig/turtlebot_action_drive.pc'
[5.787s] Level 1:colcon.colcon_core.environment:checking '/home/robo/Desktop/Group C ROS/ROS/install/turtlebot_action_drive/lib/python3.12/site-packages'
[5.787s] Level 1:colcon.colcon_core.shell:create_environment_hook('turtlebot_action_drive', 'pythonpath')
[5.787s] INFO:colcon.colcon_core.shell:Creating environment hook '/home/robo/Desktop/Group C ROS/ROS/install/turtlebot_action_drive/share/turtlebot_action_drive/hook/pythonpath.ps1'
[5.787s] INFO:colcon.colcon_core.shell:Creating environment descriptor '/home/robo/Desktop/Group C ROS/ROS/install/turtlebot_action_drive/share/turtlebot_action_drive/hook/pythonpath.dsv'
[5.787s] INFO:colcon.colcon_core.shell:Creating environment hook '/home/robo/Desktop/Group C ROS/ROS/install/turtlebot_action_drive/share/turtlebot_action_drive/hook/pythonpath.sh'
[5.788s] Level 1:colcon.colcon_core.environment:checking '/home/robo/Desktop/Group C ROS/ROS/install/turtlebot_action_drive/bin'
[5.788s] INFO:colcon.colcon_core.shell:Creating package script '/home/robo/Desktop/Group C ROS/ROS/install/turtlebot_action_drive/share/turtlebot_action_drive/package.ps1'
[5.788s] INFO:colcon.colcon_core.shell:Creating package descriptor '/home/robo/Desktop/Group C ROS/ROS/install/turtlebot_action_drive/share/turtlebot_action_drive/package.dsv'
[5.788s] INFO:colcon.colcon_core.shell:Creating package script '/home/robo/Desktop/Group C ROS/ROS/install/turtlebot_action_drive/share/turtlebot_action_drive/package.sh'
[5.788s] INFO:colcon.colcon_core.shell:Creating package script '/home/robo/Desktop/Group C ROS/ROS/install/turtlebot_action_drive/share/turtlebot_action_drive/package.bash'
[5.789s] INFO:colcon.colcon_core.shell:Creating package script '/home/robo/Desktop/Group C ROS/ROS/install/turtlebot_action_drive/share/turtlebot_action_drive/package.zsh'
[5.789s] Level 1:colcon.colcon_core.environment:create_file_with_runtime_dependencies(/home/robo/Desktop/Group C ROS/ROS/install/turtlebot_action_drive/share/colcon-core/packages/turtlebot_action_drive)
[5.789s] DEBUG:colcon.colcon_parallel_executor.executor.parallel:closing loop
[5.789s] DEBUG:colcon.colcon_parallel_executor.executor.parallel:loop closed
[5.789s] DEBUG:colcon.colcon_parallel_executor.executor.parallel:run_until_complete finished with '0'
[5.789s] DEBUG:colcon.colcon_core.event_reactor:joining thread
[5.793s] INFO:colcon.colcon_core.plugin_system:Skipping extension 'colcon_notification.desktop_notification.terminal_notifier': Not used on non-Darwin systems
[5.793s] INFO:colcon.colcon_core.plugin_system:Skipping extension 'colcon_notification.desktop_notification.win32': Not used on non-Windows systems
[5.793s] INFO:colcon.colcon_notification.desktop_notification:Sending desktop notification using 'notify2'
[5.803s] DEBUG:colcon.colcon_core.event_reactor:joined thread
[5.803s] INFO:colcon.colcon_core.shell:Creating prefix script '/home/robo/Desktop/Group C ROS/ROS/install/local_setup.ps1'
[5.803s] INFO:colcon.colcon_core.shell:Creating prefix util module '/home/robo/Desktop/Group C ROS/ROS/install/_local_setup_util_ps1.py'
[5.804s] INFO:colcon.colcon_core.shell:Creating prefix chain script '/home/robo/Desktop/Group C ROS/ROS/install/setup.ps1'
[5.804s] INFO:colcon.colcon_core.shell:Creating prefix script '/home/robo/Desktop/Group C ROS/ROS/install/local_setup.sh'
[5.805s] INFO:colcon.colcon_core.shell:Creating prefix util module '/home/robo/Desktop/Group C ROS/ROS/install/_local_setup_util_sh.py'
[5.805s] INFO:colcon.colcon_core.shell:Creating prefix chain script '/home/robo/Desktop/Group C ROS/ROS/install/setup.sh'
[5.805s] INFO:colcon.colcon_core.shell:Creating prefix script '/home/robo/Desktop/Group C ROS/ROS/install/local_setup.bash'
[5.806s] INFO:colcon.colcon_core.shell:Creating prefix chain script '/home/robo/Desktop/Group C ROS/ROS/install/setup.bash'
[5.806s] INFO:colcon.colcon_core.shell:Creating prefix script '/home/robo/Desktop/Group C ROS/ROS/install/local_setup.zsh'
[5.806s] INFO:colcon.colcon_core.shell:Creating prefix chain script '/home/robo/Desktop/Group C ROS/ROS/install/setup.zsh'
