[0.155s] Invoking command in '/home/robo/Desktop/Group C ROS/ROS/build/turtlebot_action_drive': CMAKE_PREFIX_PATH=${CMAKE_PREFIX_PATH}:/opt/ros/jazzy DEBUGINFOD_URLS=https://debuginfod.ubuntu.com /usr/bin/cmake --build /home/robo/Desktop/Group C ROS/ROS/build/turtlebot_action_drive -- -j24 -l24
[0.194s] -- Found ament_cmake: 2.5.4 (/opt/ros/jazzy/share/ament_cmake/cmake)
[0.219s] -- Found Python3: /usr/bin/python3 (found version "3.12.3") found components: Interpreter 
[0.291s] -- Found rosidl_default_generators: 1.6.0 (/opt/ros/jazzy/share/rosidl_default_generators/cmake)
[0.293s] -- Using all available rosidl_typesupport_c: rosidl_typesupport_fastrtps_c;rosidl_typesupport_introspection_c
[0.329s] -- Using all available rosidl_typesupport_cpp: rosidl_typesupport_fastrtps_cpp;rosidl_typesupport_introspection_cpp
[0.356s] -- Found rosidl_adapter: 4.6.5 (/opt/ros/jazzy/share/rosidl_adapter/cmake)
[0.358s] -- Found action_msgs: 2.0.2 (/opt/ros/jazzy/share/action_msgs/cmake)
[0.616s] -- Found ament_cmake_ros: 0.12.0 (/opt/ros/jazzy/share/ament_cmake_ros/cmake)
[0.699s] -- Using all available rosidl_typesupport_c: rosidl_typesupport_fastrtps_c;rosidl_typesupport_introspection_c
[0.799s] -- Using all available rosidl_typesupport_cpp: rosidl_typesupport_fastrtps_cpp;rosidl_typesupport_introspection_cpp
[0.800s] -- Found python_cmake_module: 0.11.1 (/opt/ros/jazzy/share/python_cmake_module/cmake)
[1.001s] -- Found Python3: /usr/bin/python3 (found version "3.12.3") found components: Interpreter Development NumPy Development.Module Development.Embed 
[1.018s] -- Configuring done (0.8s)
[1.047s] -- Generating done (0.0s)
[1.057s] -- Build files have been written to: /home/robo/Desktop/Group C ROS/ROS/build/turtlebot_action_drive
[1.093s] [  2%] Built target turtlebot_action_drive__rosidl_generator_type_description
[1.102s] [  2%] Built target ament_cmake_python_copy_turtlebot_action_drive
[1.113s] [  5%] Built target turtlebot_action_drive__cpp
[1.116s] [ 20%] Built target turtlebot_action_drive__rosidl_generator_c
[1.134s] [ 29%] Built target turtlebot_action_drive__rosidl_typesupport_introspection_c
[1.134s] [ 38%] Built target turtlebot_action_drive__rosidl_typesupport_c
[1.136s] [ 47%] Built target turtlebot_action_drive__rosidl_typesupport_introspection_cpp
[1.140s] [ 55%] Built target turtlebot_action_drive__rosidl_typesupport_cpp
[1.141s] [ 64%] Built target turtlebot_action_drive__rosidl_typesupport_fastrtps_cpp
[1.141s] [ 73%] Built target turtlebot_action_drive__rosidl_typesupport_fastrtps_c
[1.157s] [ 73%] Built target turtlebot_action_drive
[1.177s] [ 76%] Built target turtlebot_action_drive__py
[1.196s] [ 82%] Built target turtlebot_action_drive__rosidl_generator_py
[1.216s] [ 88%] Built target turtlebot_action_drive_s__rosidl_typesupport_introspection_c
[1.216s] [100%] Built target turtlebot_action_drive_s__rosidl_typesupport_fastrtps_c
[1.216s] [100%] Built target turtlebot_action_drive_s__rosidl_typesupport_c
[1.242s] running egg_info
[1.255s] writing turtlebot_action_drive.egg-info/PKG-INFO
[1.255s] writing dependency_links to turtlebot_action_drive.egg-info/dependency_links.txt
[1.256s] writing top-level names to turtlebot_action_drive.egg-info/top_level.txt
[1.293s] reading manifest file 'turtlebot_action_drive.egg-info/SOURCES.txt'
[1.293s] writing manifest file 'turtlebot_action_drive.egg-info/SOURCES.txt'
[1.314s] [100%] Built target ament_cmake_python_build_turtlebot_action_drive_egg
[1.325s] Invoked command in '/home/robo/Desktop/Group C ROS/ROS/build/turtlebot_action_drive' returned '0': CMAKE_PREFIX_PATH=${CMAKE_PREFIX_PATH}:/opt/ros/jazzy DEBUGINFOD_URLS=https://debuginfod.ubuntu.com /usr/bin/cmake --build /home/robo/Desktop/Group C ROS/ROS/build/turtlebot_action_drive -- -j24 -l24
[1.332s] Invoking command in '/home/robo/Desktop/Group C ROS/ROS/build/turtlebot_action_drive': CMAKE_PREFIX_PATH=${CMAKE_PREFIX_PATH}:/opt/ros/jazzy DEBUGINFOD_URLS=https://debuginfod.ubuntu.com /usr/bin/cmake --install /home/robo/Desktop/Group C ROS/ROS/build/turtlebot_action_drive
[1.339s] -- Install configuration: ""
[1.339s] -- Up-to-date: /home/robo/Desktop/Group C ROS/ROS/install/turtlebot_action_drive/share/ament_index/resource_index/rosidl_interfaces/turtlebot_action_drive
[1.339s] -- Up-to-date: /home/robo/Desktop/Group C ROS/ROS/install/turtlebot_action_drive/share/turtlebot_action_drive/action/DriveCommand.json
[1.339s] -- Up-to-date: /home/robo/Desktop/Group C ROS/ROS/install/turtlebot_action_drive/include/turtlebot_action_drive/turtlebot_action_drive
[1.339s] -- Up-to-date: /home/robo/Desktop/Group C ROS/ROS/install/turtlebot_action_drive/include/turtlebot_action_drive/turtlebot_action_drive/action
[1.339s] -- Up-to-date: /home/robo/Desktop/Group C ROS/ROS/install/turtlebot_action_drive/include/turtlebot_action_drive/turtlebot_action_drive/action/drive_command.h
[1.339s] -- Up-to-date: /home/robo/Desktop/Group C ROS/ROS/install/turtlebot_action_drive/include/turtlebot_action_drive/turtlebot_action_drive/action/detail
[1.339s] -- Up-to-date: /home/robo/Desktop/Group C ROS/ROS/install/turtlebot_action_drive/include/turtlebot_action_drive/turtlebot_action_drive/action/detail/drive_command__description.c
[1.339s] -- Up-to-date: /home/robo/Desktop/Group C ROS/ROS/install/turtlebot_action_drive/include/turtlebot_action_drive/turtlebot_action_drive/action/detail/drive_command__type_support.h
[1.339s] -- Up-to-date: /home/robo/Desktop/Group C ROS/ROS/install/turtlebot_action_drive/include/turtlebot_action_drive/turtlebot_action_drive/action/detail/drive_command__functions.h
[1.340s] -- Up-to-date: /home/robo/Desktop/Group C ROS/ROS/install/turtlebot_action_drive/include/turtlebot_action_drive/turtlebot_action_drive/action/detail/drive_command__struct.h
[1.340s] -- Up-to-date: /home/robo/Desktop/Group C ROS/ROS/install/turtlebot_action_drive/include/turtlebot_action_drive/turtlebot_action_drive/action/detail/drive_command__functions.c
[1.340s] -- Up-to-date: /home/robo/Desktop/Group C ROS/ROS/install/turtlebot_action_drive/include/turtlebot_action_drive/turtlebot_action_drive/action/detail/drive_command__type_support.c
[1.340s] -- Up-to-date: /home/robo/Desktop/Group C ROS/ROS/install/turtlebot_action_drive/include/turtlebot_action_drive/turtlebot_action_drive/msg
[1.340s] -- Up-to-date: /home/robo/Desktop/Group C ROS/ROS/install/turtlebot_action_drive/include/turtlebot_action_drive/turtlebot_action_drive/msg/rosidl_generator_c__visibility_control.h
[1.340s] -- Up-to-date: /home/robo/Desktop/Group C ROS/ROS/install/turtlebot_action_drive/share/turtlebot_action_drive/environment/library_path.sh
[1.340s] -- Up-to-date: /home/robo/Desktop/Group C ROS/ROS/install/turtlebot_action_drive/share/turtlebot_action_drive/environment/library_path.dsv
[1.340s] -- Up-to-date: /home/robo/Desktop/Group C ROS/ROS/install/turtlebot_action_drive/lib/libturtlebot_action_drive__rosidl_generator_c.so
[1.340s] -- Up-to-date: /home/robo/Desktop/Group C ROS/ROS/install/turtlebot_action_drive/include/turtlebot_action_drive/turtlebot_action_drive
[1.340s] -- Up-to-date: /home/robo/Desktop/Group C ROS/ROS/install/turtlebot_action_drive/include/turtlebot_action_drive/turtlebot_action_drive/action
[1.340s] -- Up-to-date: /home/robo/Desktop/Group C ROS/ROS/install/turtlebot_action_drive/include/turtlebot_action_drive/turtlebot_action_drive/action/detail
[1.340s] -- Up-to-date: /home/robo/Desktop/Group C ROS/ROS/install/turtlebot_action_drive/include/turtlebot_action_drive/turtlebot_action_drive/action/detail/drive_command__rosidl_typesupport_fastrtps_c.h
[1.340s] -- Up-to-date: /home/robo/Desktop/Group C ROS/ROS/install/turtlebot_action_drive/include/turtlebot_action_drive/turtlebot_action_drive/msg
[1.340s] -- Up-to-date: /home/robo/Desktop/Group C ROS/ROS/install/turtlebot_action_drive/include/turtlebot_action_drive/turtlebot_action_drive/msg/rosidl_typesupport_fastrtps_c__visibility_control.h
[1.340s] -- Up-to-date: /home/robo/Desktop/Group C ROS/ROS/install/turtlebot_action_drive/lib/libturtlebot_action_drive__rosidl_typesupport_fastrtps_c.so
[1.340s] -- Up-to-date: /home/robo/Desktop/Group C ROS/ROS/install/turtlebot_action_drive/include/turtlebot_action_drive/turtlebot_action_drive
[1.340s] -- Up-to-date: /home/robo/Desktop/Group C ROS/ROS/install/turtlebot_action_drive/include/turtlebot_action_drive/turtlebot_action_drive/action
[1.340s] -- Up-to-date: /home/robo/Desktop/Group C ROS/ROS/install/turtlebot_action_drive/include/turtlebot_action_drive/turtlebot_action_drive/action/detail
[1.340s] -- Up-to-date: /home/robo/Desktop/Group C ROS/ROS/install/turtlebot_action_drive/include/turtlebot_action_drive/turtlebot_action_drive/action/detail/drive_command__rosidl_typesupport_introspection_c.h
[1.340s] -- Up-to-date: /home/robo/Desktop/Group C ROS/ROS/install/turtlebot_action_drive/include/turtlebot_action_drive/turtlebot_action_drive/action/detail/drive_command__type_support.c
[1.340s] -- Up-to-date: /home/robo/Desktop/Group C ROS/ROS/install/turtlebot_action_drive/include/turtlebot_action_drive/turtlebot_action_drive/msg
[1.340s] -- Up-to-date: /home/robo/Desktop/Group C ROS/ROS/install/turtlebot_action_drive/include/turtlebot_action_drive/turtlebot_action_drive/msg/rosidl_typesupport_introspection_c__visibility_control.h
[1.340s] -- Up-to-date: /home/robo/Desktop/Group C ROS/ROS/install/turtlebot_action_drive/lib/libturtlebot_action_drive__rosidl_typesupport_introspection_c.so
[1.340s] -- Up-to-date: /home/robo/Desktop/Group C ROS/ROS/install/turtlebot_action_drive/lib/libturtlebot_action_drive__rosidl_typesupport_c.so
[1.340s] -- Up-to-date: /home/robo/Desktop/Group C ROS/ROS/install/turtlebot_action_drive/include/turtlebot_action_drive/turtlebot_action_drive
[1.341s] -- Up-to-date: /home/robo/Desktop/Group C ROS/ROS/install/turtlebot_action_drive/include/turtlebot_action_drive/turtlebot_action_drive/action
[1.341s] -- Up-to-date: /home/robo/Desktop/Group C ROS/ROS/install/turtlebot_action_drive/include/turtlebot_action_drive/turtlebot_action_drive/action/drive_command.hpp
[1.341s] -- Up-to-date: /home/robo/Desktop/Group C ROS/ROS/install/turtlebot_action_drive/include/turtlebot_action_drive/turtlebot_action_drive/action/detail
[1.341s] -- Up-to-date: /home/robo/Desktop/Group C ROS/ROS/install/turtlebot_action_drive/include/turtlebot_action_drive/turtlebot_action_drive/action/detail/drive_command__type_support.hpp
[1.341s] -- Up-to-date: /home/robo/Desktop/Group C ROS/ROS/install/turtlebot_action_drive/include/turtlebot_action_drive/turtlebot_action_drive/action/detail/drive_command__traits.hpp
[1.341s] -- Up-to-date: /home/robo/Desktop/Group C ROS/ROS/install/turtlebot_action_drive/include/turtlebot_action_drive/turtlebot_action_drive/action/detail/drive_command__struct.hpp
[1.341s] -- Up-to-date: /home/robo/Desktop/Group C ROS/ROS/install/turtlebot_action_drive/include/turtlebot_action_drive/turtlebot_action_drive/action/detail/drive_command__builder.hpp
[1.341s] -- Up-to-date: /home/robo/Desktop/Group C ROS/ROS/install/turtlebot_action_drive/include/turtlebot_action_drive/turtlebot_action_drive/msg
[1.341s] -- Up-to-date: /home/robo/Desktop/Group C ROS/ROS/install/turtlebot_action_drive/include/turtlebot_action_drive/turtlebot_action_drive/msg/rosidl_generator_cpp__visibility_control.hpp
[1.341s] -- Up-to-date: /home/robo/Desktop/Group C ROS/ROS/install/turtlebot_action_drive/include/turtlebot_action_drive/turtlebot_action_drive
[1.341s] -- Up-to-date: /home/robo/Desktop/Group C ROS/ROS/install/turtlebot_action_drive/include/turtlebot_action_drive/turtlebot_action_drive/action
[1.341s] -- Up-to-date: /home/robo/Desktop/Group C ROS/ROS/install/turtlebot_action_drive/include/turtlebot_action_drive/turtlebot_action_drive/action/detail
[1.341s] -- Up-to-date: /home/robo/Desktop/Group C ROS/ROS/install/turtlebot_action_drive/include/turtlebot_action_drive/turtlebot_action_drive/action/detail/dds_fastrtps
[1.341s] -- Up-to-date: /home/robo/Desktop/Group C ROS/ROS/install/turtlebot_action_drive/include/turtlebot_action_drive/turtlebot_action_drive/action/detail/drive_command__rosidl_typesupport_fastrtps_cpp.hpp
[1.341s] -- Up-to-date: /home/robo/Desktop/Group C ROS/ROS/install/turtlebot_action_drive/include/turtlebot_action_drive/turtlebot_action_drive/msg
[1.341s] -- Up-to-date: /home/robo/Desktop/Group C ROS/ROS/install/turtlebot_action_drive/include/turtlebot_action_drive/turtlebot_action_drive/msg/rosidl_typesupport_fastrtps_cpp__visibility_control.h
[1.341s] -- Up-to-date: /home/robo/Desktop/Group C ROS/ROS/install/turtlebot_action_drive/lib/libturtlebot_action_drive__rosidl_typesupport_fastrtps_cpp.so
[1.341s] -- Up-to-date: /home/robo/Desktop/Group C ROS/ROS/install/turtlebot_action_drive/include/turtlebot_action_drive/turtlebot_action_drive
[1.341s] -- Up-to-date: /home/robo/Desktop/Group C ROS/ROS/install/turtlebot_action_drive/include/turtlebot_action_drive/turtlebot_action_drive/action
[1.341s] -- Up-to-date: /home/robo/Desktop/Group C ROS/ROS/install/turtlebot_action_drive/include/turtlebot_action_drive/turtlebot_action_drive/action/detail
[1.341s] -- Up-to-date: /home/robo/Desktop/Group C ROS/ROS/install/turtlebot_action_drive/include/turtlebot_action_drive/turtlebot_action_drive/action/detail/drive_command__rosidl_typesupport_introspection_cpp.hpp
[1.341s] -- Up-to-date: /home/robo/Desktop/Group C ROS/ROS/install/turtlebot_action_drive/include/turtlebot_action_drive/turtlebot_action_drive/action/detail/drive_command__type_support.cpp
[1.341s] -- Up-to-date: /home/robo/Desktop/Group C ROS/ROS/install/turtlebot_action_drive/lib/libturtlebot_action_drive__rosidl_typesupport_introspection_cpp.so
[1.341s] -- Up-to-date: /home/robo/Desktop/Group C ROS/ROS/install/turtlebot_action_drive/lib/libturtlebot_action_drive__rosidl_typesupport_cpp.so
[1.341s] -- Up-to-date: /home/robo/Desktop/Group C ROS/ROS/install/turtlebot_action_drive/share/turtlebot_action_drive/environment/pythonpath.sh
[1.342s] -- Up-to-date: /home/robo/Desktop/Group C ROS/ROS/install/turtlebot_action_drive/share/turtlebot_action_drive/environment/pythonpath.dsv
[1.342s] -- Up-to-date: /home/robo/Desktop/Group C ROS/ROS/install/turtlebot_action_drive/lib/python3.12/site-packages/turtlebot_action_drive-0.0.0-py3.12.egg-info
[1.342s] -- Installing: /home/robo/Desktop/Group C ROS/ROS/install/turtlebot_action_drive/lib/python3.12/site-packages/turtlebot_action_drive-0.0.0-py3.12.egg-info/top_level.txt
[1.342s] -- Installing: /home/robo/Desktop/Group C ROS/ROS/install/turtlebot_action_drive/lib/python3.12/site-packages/turtlebot_action_drive-0.0.0-py3.12.egg-info/PKG-INFO
[1.342s] -- Installing: /home/robo/Desktop/Group C ROS/ROS/install/turtlebot_action_drive/lib/python3.12/site-packages/turtlebot_action_drive-0.0.0-py3.12.egg-info/dependency_links.txt
[1.342s] -- Installing: /home/robo/Desktop/Group C ROS/ROS/install/turtlebot_action_drive/lib/python3.12/site-packages/turtlebot_action_drive-0.0.0-py3.12.egg-info/SOURCES.txt
[1.342s] -- Up-to-date: /home/robo/Desktop/Group C ROS/ROS/install/turtlebot_action_drive/lib/python3.12/site-packages/turtlebot_action_drive
[1.342s] -- Up-to-date: /home/robo/Desktop/Group C ROS/ROS/install/turtlebot_action_drive/lib/python3.12/site-packages/turtlebot_action_drive/_turtlebot_action_drive_s.ep.rosidl_typesupport_c.c
[1.342s] -- Up-to-date: /home/robo/Desktop/Group C ROS/ROS/install/turtlebot_action_drive/lib/python3.12/site-packages/turtlebot_action_drive/turtlebot_action_drive_s__rosidl_typesupport_c.so
[1.342s] -- Up-to-date: /home/robo/Desktop/Group C ROS/ROS/install/turtlebot_action_drive/lib/python3.12/site-packages/turtlebot_action_drive/action
[1.342s] -- Up-to-date: /home/robo/Desktop/Group C ROS/ROS/install/turtlebot_action_drive/lib/python3.12/site-packages/turtlebot_action_drive/action/_drive_command.py
[1.342s] -- Up-to-date: /home/robo/Desktop/Group C ROS/ROS/install/turtlebot_action_drive/lib/python3.12/site-packages/turtlebot_action_drive/action/_drive_command_s.c
[1.342s] -- Up-to-date: /home/robo/Desktop/Group C ROS/ROS/install/turtlebot_action_drive/lib/python3.12/site-packages/turtlebot_action_drive/action/__init__.py
[1.342s] -- Up-to-date: /home/robo/Desktop/Group C ROS/ROS/install/turtlebot_action_drive/lib/python3.12/site-packages/turtlebot_action_drive/turtlebot_action_drive_s__rosidl_typesupport_fastrtps_c.so
[1.342s] -- Up-to-date: /home/robo/Desktop/Group C ROS/ROS/install/turtlebot_action_drive/lib/python3.12/site-packages/turtlebot_action_drive/_turtlebot_action_drive_s.ep.rosidl_typesupport_fastrtps_c.c
[1.342s] -- Installing: /home/robo/Desktop/Group C ROS/ROS/install/turtlebot_action_drive/lib/python3.12/site-packages/turtlebot_action_drive/__init__.py
[1.342s] -- Up-to-date: /home/robo/Desktop/Group C ROS/ROS/install/turtlebot_action_drive/lib/python3.12/site-packages/turtlebot_action_drive/turtlebot_action_drive_s__rosidl_typesupport_introspection_c.so
[1.342s] -- Up-to-date: /home/robo/Desktop/Group C ROS/ROS/install/turtlebot_action_drive/lib/python3.12/site-packages/turtlebot_action_drive/_turtlebot_action_drive_s.ep.rosidl_typesupport_introspection_c.c
[1.367s] Listing '/home/robo/Desktop/Group C ROS/ROS/install/turtlebot_action_drive/lib/python3.12/site-packages/turtlebot_action_drive'...
[1.367s] Compiling '/home/robo/Desktop/Group C ROS/ROS/install/turtlebot_action_drive/lib/python3.12/site-packages/turtlebot_action_drive/__init__.py'...
[1.367s] Listing '/home/robo/Desktop/Group C ROS/ROS/install/turtlebot_action_drive/lib/python3.12/site-packages/turtlebot_action_drive/action'...
[1.371s] -- Up-to-date: /home/robo/Desktop/Group C ROS/ROS/install/turtlebot_action_drive/lib/python3.12/site-packages/turtlebot_action_drive/turtlebot_action_drive_s__rosidl_typesupport_fastrtps_c.so
[1.372s] -- Up-to-date: /home/robo/Desktop/Group C ROS/ROS/install/turtlebot_action_drive/lib/python3.12/site-packages/turtlebot_action_drive/turtlebot_action_drive_s__rosidl_typesupport_introspection_c.so
[1.372s] -- Up-to-date: /home/robo/Desktop/Group C ROS/ROS/install/turtlebot_action_drive/lib/python3.12/site-packages/turtlebot_action_drive/turtlebot_action_drive_s__rosidl_typesupport_c.so
[1.372s] -- Up-to-date: /home/robo/Desktop/Group C ROS/ROS/install/turtlebot_action_drive/lib/libturtlebot_action_drive__rosidl_generator_py.so
[1.372s] -- Up-to-date: /home/robo/Desktop/Group C ROS/ROS/install/turtlebot_action_drive/share/turtlebot_action_drive/action/DriveCommand.idl
[1.372s] -- Installing: /home/robo/Desktop/Group C ROS/ROS/install/turtlebot_action_drive/share/turtlebot_action_drive/action/DriveCommand.action
[1.372s] -- Installing: /home/robo/Desktop/Group C ROS/ROS/install/turtlebot_action_drive/lib/turtlebot_action_drive/executive_node.py
[1.372s] -- Installing: /home/robo/Desktop/Group C ROS/ROS/install/turtlebot_action_drive/lib/turtlebot_action_drive/driving_node.py
[1.372s] -- Up-to-date: /home/robo/Desktop/Group C ROS/ROS/install/turtlebot_action_drive/share/turtlebot_action_drive//launch
[1.372s] -- Installing: /home/robo/Desktop/Group C ROS/ROS/install/turtlebot_action_drive/share/turtlebot_action_drive//launch/turtlebot_action_launch.py
[1.372s] -- Up-to-date: /home/robo/Desktop/Group C ROS/ROS/install/turtlebot_action_drive/share/ament_index/resource_index/package_run_dependencies/turtlebot_action_drive
[1.373s] -- Installing: /home/robo/Desktop/Group C ROS/ROS/install/turtlebot_action_drive/share/ament_index/resource_index/parent_prefix_path/turtlebot_action_drive
[1.373s] -- Up-to-date: /home/robo/Desktop/Group C ROS/ROS/install/turtlebot_action_drive/share/turtlebot_action_drive/environment/ament_prefix_path.sh
[1.373s] -- Up-to-date: /home/robo/Desktop/Group C ROS/ROS/install/turtlebot_action_drive/share/turtlebot_action_drive/environment/ament_prefix_path.dsv
[1.373s] -- Up-to-date: /home/robo/Desktop/Group C ROS/ROS/install/turtlebot_action_drive/share/turtlebot_action_drive/environment/path.sh
[1.373s] -- Up-to-date: /home/robo/Desktop/Group C ROS/ROS/install/turtlebot_action_drive/share/turtlebot_action_drive/environment/path.dsv
[1.373s] -- Up-to-date: /home/robo/Desktop/Group C ROS/ROS/install/turtlebot_action_drive/share/turtlebot_action_drive/local_setup.bash
[1.373s] -- Up-to-date: /home/robo/Desktop/Group C ROS/ROS/install/turtlebot_action_drive/share/turtlebot_action_drive/local_setup.sh
[1.373s] -- Up-to-date: /home/robo/Desktop/Group C ROS/ROS/install/turtlebot_action_drive/share/turtlebot_action_drive/local_setup.zsh
[1.373s] -- Up-to-date: /home/robo/Desktop/Group C ROS/ROS/install/turtlebot_action_drive/share/turtlebot_action_drive/local_setup.dsv
[1.373s] -- Installing: /home/robo/Desktop/Group C ROS/ROS/install/turtlebot_action_drive/share/turtlebot_action_drive/package.dsv
[1.373s] -- Up-to-date: /home/robo/Desktop/Group C ROS/ROS/install/turtlebot_action_drive/share/ament_index/resource_index/packages/turtlebot_action_drive
[1.373s] -- Up-to-date: /home/robo/Desktop/Group C ROS/ROS/install/turtlebot_action_drive/share/turtlebot_action_drive/cmake/export_turtlebot_action_drive__rosidl_generator_cExport.cmake
[1.374s] -- Up-to-date: /home/robo/Desktop/Group C ROS/ROS/install/turtlebot_action_drive/share/turtlebot_action_drive/cmake/export_turtlebot_action_drive__rosidl_generator_cExport-noconfig.cmake
[1.374s] -- Up-to-date: /home/robo/Desktop/Group C ROS/ROS/install/turtlebot_action_drive/share/turtlebot_action_drive/cmake/export_turtlebot_action_drive__rosidl_typesupport_fastrtps_cExport.cmake
[1.374s] -- Up-to-date: /home/robo/Desktop/Group C ROS/ROS/install/turtlebot_action_drive/share/turtlebot_action_drive/cmake/export_turtlebot_action_drive__rosidl_typesupport_fastrtps_cExport-noconfig.cmake
[1.374s] -- Up-to-date: /home/robo/Desktop/Group C ROS/ROS/install/turtlebot_action_drive/share/turtlebot_action_drive/cmake/turtlebot_action_drive__rosidl_typesupport_introspection_cExport.cmake
[1.374s] -- Up-to-date: /home/robo/Desktop/Group C ROS/ROS/install/turtlebot_action_drive/share/turtlebot_action_drive/cmake/turtlebot_action_drive__rosidl_typesupport_introspection_cExport-noconfig.cmake
[1.374s] -- Up-to-date: /home/robo/Desktop/Group C ROS/ROS/install/turtlebot_action_drive/share/turtlebot_action_drive/cmake/turtlebot_action_drive__rosidl_typesupport_cExport.cmake
[1.374s] -- Up-to-date: /home/robo/Desktop/Group C ROS/ROS/install/turtlebot_action_drive/share/turtlebot_action_drive/cmake/turtlebot_action_drive__rosidl_typesupport_cExport-noconfig.cmake
[1.374s] -- Up-to-date: /home/robo/Desktop/Group C ROS/ROS/install/turtlebot_action_drive/share/turtlebot_action_drive/cmake/export_turtlebot_action_drive__rosidl_generator_cppExport.cmake
[1.374s] -- Up-to-date: /home/robo/Desktop/Group C ROS/ROS/install/turtlebot_action_drive/share/turtlebot_action_drive/cmake/export_turtlebot_action_drive__rosidl_typesupport_fastrtps_cppExport.cmake
[1.375s] -- Up-to-date: /home/robo/Desktop/Group C ROS/ROS/install/turtlebot_action_drive/share/turtlebot_action_drive/cmake/export_turtlebot_action_drive__rosidl_typesupport_fastrtps_cppExport-noconfig.cmake
[1.375s] -- Up-to-date: /home/robo/Desktop/Group C ROS/ROS/install/turtlebot_action_drive/share/turtlebot_action_drive/cmake/turtlebot_action_drive__rosidl_typesupport_introspection_cppExport.cmake
[1.375s] -- Up-to-date: /home/robo/Desktop/Group C ROS/ROS/install/turtlebot_action_drive/share/turtlebot_action_drive/cmake/turtlebot_action_drive__rosidl_typesupport_introspection_cppExport-noconfig.cmake
[1.375s] -- Up-to-date: /home/robo/Desktop/Group C ROS/ROS/install/turtlebot_action_drive/share/turtlebot_action_drive/cmake/turtlebot_action_drive__rosidl_typesupport_cppExport.cmake
[1.375s] -- Up-to-date: /home/robo/Desktop/Group C ROS/ROS/install/turtlebot_action_drive/share/turtlebot_action_drive/cmake/turtlebot_action_drive__rosidl_typesupport_cppExport-noconfig.cmake
[1.376s] -- Up-to-date: /home/robo/Desktop/Group C ROS/ROS/install/turtlebot_action_drive/share/turtlebot_action_drive/cmake/export_turtlebot_action_drive__rosidl_generator_pyExport.cmake
[1.376s] -- Up-to-date: /home/robo/Desktop/Group C ROS/ROS/install/turtlebot_action_drive/share/turtlebot_action_drive/cmake/export_turtlebot_action_drive__rosidl_generator_pyExport-noconfig.cmake
[1.376s] -- Up-to-date: /home/robo/Desktop/Group C ROS/ROS/install/turtlebot_action_drive/share/turtlebot_action_drive/cmake/rosidl_cmake-extras.cmake
[1.376s] -- Up-to-date: /home/robo/Desktop/Group C ROS/ROS/install/turtlebot_action_drive/share/turtlebot_action_drive/cmake/ament_cmake_export_dependencies-extras.cmake
[1.376s] -- Up-to-date: /home/robo/Desktop/Group C ROS/ROS/install/turtlebot_action_drive/share/turtlebot_action_drive/cmake/ament_cmake_export_include_directories-extras.cmake
[1.376s] -- Up-to-date: /home/robo/Desktop/Group C ROS/ROS/install/turtlebot_action_drive/share/turtlebot_action_drive/cmake/ament_cmake_export_libraries-extras.cmake
[1.376s] -- Up-to-date: /home/robo/Desktop/Group C ROS/ROS/install/turtlebot_action_drive/share/turtlebot_action_drive/cmake/ament_cmake_export_targets-extras.cmake
[1.376s] -- Up-to-date: /home/robo/Desktop/Group C ROS/ROS/install/turtlebot_action_drive/share/turtlebot_action_drive/cmake/rosidl_cmake_export_typesupport_targets-extras.cmake
[1.376s] -- Up-to-date: /home/robo/Desktop/Group C ROS/ROS/install/turtlebot_action_drive/share/turtlebot_action_drive/cmake/rosidl_cmake_export_typesupport_libraries-extras.cmake
[1.376s] -- Up-to-date: /home/robo/Desktop/Group C ROS/ROS/install/turtlebot_action_drive/share/turtlebot_action_drive/cmake/turtlebot_action_driveConfig.cmake
[1.376s] -- Up-to-date: /home/robo/Desktop/Group C ROS/ROS/install/turtlebot_action_drive/share/turtlebot_action_drive/cmake/turtlebot_action_driveConfig-version.cmake
[1.376s] -- Installing: /home/robo/Desktop/Group C ROS/ROS/install/turtlebot_action_drive/share/turtlebot_action_drive/package.xml
[1.376s] Invoked command in '/home/robo/Desktop/Group C ROS/ROS/build/turtlebot_action_drive' returned '0': CMAKE_PREFIX_PATH=${CMAKE_PREFIX_PATH}:/opt/ros/jazzy DEBUGINFOD_URLS=https://debuginfod.ubuntu.com /usr/bin/cmake --install /home/robo/Desktop/Group C ROS/ROS/build/turtlebot_action_drive
