running egg_info
creating ../../build/node1pkg/node1pkg.egg-info
writing ../../build/node1pkg/node1pkg.egg-info/PKG-INFO
writing dependency_links to ../../build/node1pkg/node1pkg.egg-info/dependency_links.txt
writing requirements to ../../build/node1pkg/node1pkg.egg-info/requires.txt
writing top-level names to ../../build/node1pkg/node1pkg.egg-info/top_level.txt
writing manifest file '../../build/node1pkg/node1pkg.egg-info/SOURCES.txt'
reading manifest file '../../build/node1pkg/node1pkg.egg-info/SOURCES.txt'
writing manifest file '../../build/node1pkg/node1pkg.egg-info/SOURCES.txt'
running build
running build_py
creating /home/robo/Desktop/Group C ROS/ROS/build/node1pkg/build
creating /home/robo/Desktop/Group C ROS/ROS/build/node1pkg/build/lib
creating /home/robo/Desktop/Group C ROS/ROS/build/node1pkg/build/lib/node1pkg
copying node1pkg/__init__.py -> /home/robo/Desktop/Group C ROS/ROS/build/node1pkg/build/lib/node1pkg
running install
running install_lib
creating /home/robo/Desktop/Group C ROS/ROS/install/node1pkg/lib/python3.12/site-packages/node1pkg
copying /home/robo/Desktop/Group C ROS/ROS/build/node1pkg/build/lib/node1pkg/__init__.py -> /home/robo/Desktop/Group C ROS/ROS/install/node1pkg/lib/python3.12/site-packages/node1pkg
byte-compiling /home/robo/Desktop/Group C ROS/ROS/install/node1pkg/lib/python3.12/site-packages/node1pkg/__init__.py to __init__.cpython-312.pyc
running install_data
creating /home/robo/Desktop/Group C ROS/ROS/install/node1pkg/share/ament_index
creating /home/robo/Desktop/Group C ROS/ROS/install/node1pkg/share/ament_index/resource_index
creating /home/robo/Desktop/Group C ROS/ROS/install/node1pkg/share/ament_index/resource_index/packages
copying resource/node1pkg -> /home/robo/Desktop/Group C ROS/ROS/install/node1pkg/share/ament_index/resource_index/packages
copying package.xml -> /home/robo/Desktop/Group C ROS/ROS/install/node1pkg/share/node1pkg
running install_egg_info
Copying ../../build/node1pkg/node1pkg.egg-info to /home/robo/Desktop/Group C ROS/ROS/install/node1pkg/lib/python3.12/site-packages/node1pkg-0.0.0-py3.12.egg-info
running install_scripts
writing list of installed files to '/home/robo/Desktop/Group C ROS/ROS/build/node1pkg/install.log'
