[0.942s] Invoking command in '/home/robo/Desktop/Group C ROS/ROS/src/node1pkg': DEBUGINFOD_URLS=https://debuginfod.ubuntu.com PYTHONPATH=/home/robo/Desktop/Group C ROS/ROS/build/node1pkg/prefix_override:/usr/lib/python3/dist-packages/colcon_core/task/python/colcon_distutils_commands:/home/robo/Desktop/Group C ROS/ROS/install/node1pkg/lib/python3.12/site-packages:${PYTHONPATH} /usr/bin/python3 -W ignore:setup.py install is deprecated -W ignore:easy_install command is deprecated setup.py egg_info --egg-base ../../build/node1pkg build --build-base /home/robo/Desktop/Group C ROS/ROS/build/node1pkg/build install --record /home/robo/Desktop/Group C ROS/ROS/build/node1pkg/install.log --single-version-externally-managed install_data
[1.261s] running egg_info
[1.262s] creating ../../build/node1pkg/node1pkg.egg-info
[1.282s] writing ../../build/node1pkg/node1pkg.egg-info/PKG-INFO
[1.283s] writing dependency_links to ../../build/node1pkg/node1pkg.egg-info/dependency_links.txt
[1.283s] writing requirements to ../../build/node1pkg/node1pkg.egg-info/requires.txt
[1.283s] writing top-level names to ../../build/node1pkg/node1pkg.egg-info/top_level.txt
[1.283s] writing manifest file '../../build/node1pkg/node1pkg.egg-info/SOURCES.txt'
[1.327s] reading manifest file '../../build/node1pkg/node1pkg.egg-info/SOURCES.txt'
[1.328s] writing manifest file '../../build/node1pkg/node1pkg.egg-info/SOURCES.txt'
[1.328s] running build
[1.328s] running build_py
[1.328s] creating /home/robo/Desktop/Group C ROS/ROS/build/node1pkg/build
[1.328s] creating /home/robo/Desktop/Group C ROS/ROS/build/node1pkg/build/lib
[1.328s] creating /home/robo/Desktop/Group C ROS/ROS/build/node1pkg/build/lib/node1pkg
[1.328s] copying node1pkg/__init__.py -> /home/robo/Desktop/Group C ROS/ROS/build/node1pkg/build/lib/node1pkg
[1.329s] running install
[1.337s] running install_lib
[1.358s] creating /home/robo/Desktop/Group C ROS/ROS/install/node1pkg/lib/python3.12/site-packages/node1pkg
[1.359s] copying /home/robo/Desktop/Group C ROS/ROS/build/node1pkg/build/lib/node1pkg/__init__.py -> /home/robo/Desktop/Group C ROS/ROS/install/node1pkg/lib/python3.12/site-packages/node1pkg
[1.359s] byte-compiling /home/robo/Desktop/Group C ROS/ROS/install/node1pkg/lib/python3.12/site-packages/node1pkg/__init__.py to __init__.cpython-312.pyc
[1.359s] running install_data
[1.359s] creating /home/robo/Desktop/Group C ROS/ROS/install/node1pkg/share/ament_index
[1.360s] creating /home/robo/Desktop/Group C ROS/ROS/install/node1pkg/share/ament_index/resource_index
[1.360s] creating /home/robo/Desktop/Group C ROS/ROS/install/node1pkg/share/ament_index/resource_index/packages
[1.360s] copying resource/node1pkg -> /home/robo/Desktop/Group C ROS/ROS/install/node1pkg/share/ament_index/resource_index/packages
[1.360s] copying package.xml -> /home/robo/Desktop/Group C ROS/ROS/install/node1pkg/share/node1pkg
[1.360s] running install_egg_info
[1.383s] Copying ../../build/node1pkg/node1pkg.egg-info to /home/robo/Desktop/Group C ROS/ROS/install/node1pkg/lib/python3.12/site-packages/node1pkg-0.0.0-py3.12.egg-info
[1.384s] running install_scripts
[1.535s] writing list of installed files to '/home/robo/Desktop/Group C ROS/ROS/build/node1pkg/install.log'
[1.567s] Invoked command in '/home/robo/Desktop/Group C ROS/ROS/src/node1pkg' returned '0': DEBUGINFOD_URLS=https://debuginfod.ubuntu.com PYTHONPATH=/home/robo/Desktop/Group C ROS/ROS/build/node1pkg/prefix_override:/usr/lib/python3/dist-packages/colcon_core/task/python/colcon_distutils_commands:/home/robo/Desktop/Group C ROS/ROS/install/node1pkg/lib/python3.12/site-packages:${PYTHONPATH} /usr/bin/python3 -W ignore:setup.py install is deprecated -W ignore:easy_install command is deprecated setup.py egg_info --egg-base ../../build/node1pkg build --build-base /home/robo/Desktop/Group C ROS/ROS/build/node1pkg/build install --record /home/robo/Desktop/Group C ROS/ROS/build/node1pkg/install.log --single-version-externally-managed install_data
