[0.007s] Invoking command in '/home/robo/Desktop/Group C ROS/ROS/build/turtlebot_action_drive': CMAKE_PREFIX_PATH=${CMAKE_PREFIX_PATH}:/home/robo/Desktop/Group C ROS/ROS/install/my_action_pkg:/home/robo/ros_ws/install/my_action_pkg:/opt/ros/jazzy DEBUGINFOD_URLS=https://debuginfod.ubuntu.com /usr/bin/cmake /home/robo/Desktop/Group C ROS/ROS/src/turtlebot_action_drive -DCMAKE_INSTALL_PREFIX=/home/robo/Desktop/Group C ROS/ROS/install/turtlebot_action_drive
[0.135s] -- The C compiler identification is GNU 13.3.0
[0.220s] -- The CXX compiler identification is GNU 13.3.0
[0.244s] -- Detecting C compiler ABI info
[0.361s] -- Detecting C compiler ABI info - done
[0.373s] -- Check for working C compiler: /usr/bin/cc - skipped
[0.374s] -- Detecting C compile features
[0.375s] -- Detecting C compile features - done
[0.389s] -- Detecting CXX compiler ABI info
[0.508s] -- Detecting CXX compiler ABI info - done
[0.517s] -- Check for working CXX compiler: /usr/bin/c++ - skipped
[0.518s] -- Detecting CXX compile features
[0.518s] -- Detecting CXX compile features - done
[0.527s] -- Found ament_cmake: 2.5.4 (/opt/ros/jazzy/share/ament_cmake/cmake)
[0.659s] -- Found Python3: /usr/bin/python3 (found version "3.12.3") found components: Interpreter 
[0.765s] -- Found rosidl_default_generators: 1.6.0 (/opt/ros/jazzy/share/rosidl_default_generators/cmake)
[0.772s] -- Using all available rosidl_typesupport_c: rosidl_typesupport_fastrtps_c;rosidl_typesupport_introspection_c
[0.821s] -- Using all available rosidl_typesupport_cpp: rosidl_typesupport_fastrtps_cpp;rosidl_typesupport_introspection_cpp
[0.859s] -- Found rosidl_adapter: 4.6.5 (/opt/ros/jazzy/share/rosidl_adapter/cmake)
[0.863s] -- Found action_msgs: 2.0.2 (/opt/ros/jazzy/share/action_msgs/cmake)
[1.463s] -- Found ament_cmake_ros: 0.12.0 (/opt/ros/jazzy/share/ament_cmake_ros/cmake)
[1.865s] -- Using all available rosidl_typesupport_c: rosidl_typesupport_fastrtps_c;rosidl_typesupport_introspection_c
[2.426s] -- Using all available rosidl_typesupport_cpp: rosidl_typesupport_fastrtps_cpp;rosidl_typesupport_introspection_cpp
[2.430s] -- Found python_cmake_module: 0.11.1 (/opt/ros/jazzy/share/python_cmake_module/cmake)
[2.550s] -- Found PythonExtra: /usr/bin/python3  
[2.958s] -- Found Python3: /usr/bin/python3 (found version "3.12.3") found components: Interpreter Development NumPy Development.Module Development.Embed 
[2.990s] -- Configuring done (3.0s)
[3.013s] -- Generating done (0.0s)
[3.021s] -- Build files have been written to: /home/robo/Desktop/Group C ROS/ROS/build/turtlebot_action_drive
[3.027s] Invoked command in '/home/robo/Desktop/Group C ROS/ROS/build/turtlebot_action_drive' returned '0': CMAKE_PREFIX_PATH=${CMAKE_PREFIX_PATH}:/home/robo/Desktop/Group C ROS/ROS/install/my_action_pkg:/home/robo/ros_ws/install/my_action_pkg:/opt/ros/jazzy DEBUGINFOD_URLS=https://debuginfod.ubuntu.com /usr/bin/cmake /home/robo/Desktop/Group C ROS/ROS/src/turtlebot_action_drive -DCMAKE_INSTALL_PREFIX=/home/robo/Desktop/Group C ROS/ROS/install/turtlebot_action_drive
[3.028s] Invoking command in '/home/robo/Desktop/Group C ROS/ROS/build/turtlebot_action_drive': CMAKE_PREFIX_PATH=${CMAKE_PREFIX_PATH}:/home/robo/Desktop/Group C ROS/ROS/install/my_action_pkg:/home/robo/ros_ws/install/my_action_pkg:/opt/ros/jazzy DEBUGINFOD_URLS=https://debuginfod.ubuntu.com /usr/bin/cmake --build /home/robo/Desktop/Group C ROS/ROS/build/turtlebot_action_drive -- -j24 -l24
[3.084s] [  2%] [34m[1mGenerating type hashes for ROS interfaces[0m
[3.094s] [  2%] Built target ament_cmake_python_copy_turtlebot_action_drive
[3.242s] running egg_info
[3.243s] creating turtlebot_action_drive.egg-info
[3.254s] [  2%] Built target turtlebot_action_drive__rosidl_generator_type_description
[3.254s] writing turtlebot_action_drive.egg-info/PKG-INFO
[3.254s] writing dependency_links to turtlebot_action_drive.egg-info/dependency_links.txt
[3.254s] writing top-level names to turtlebot_action_drive.egg-info/top_level.txt
[3.254s] writing manifest file 'turtlebot_action_drive.egg-info/SOURCES.txt'
[3.264s] [  5%] [34m[1mGenerating C code for ROS interfaces[0m
[3.274s] [  8%] [34m[1mGenerating C++ code for ROS interfaces[0m
[3.288s] reading manifest file 'turtlebot_action_drive.egg-info/SOURCES.txt'
[3.288s] writing manifest file 'turtlebot_action_drive.egg-info/SOURCES.txt'
[3.309s] [  8%] Built target ament_cmake_python_build_turtlebot_action_drive_egg
[3.548s] [  8%] Built target turtlebot_action_drive__cpp
[3.558s] [ 11%] [32mBuilding C object CMakeFiles/turtlebot_action_drive__rosidl_generator_c.dir/rosidl_generator_c/turtlebot_action_drive/action/detail/drive_command__type_support.c.o[0m
[3.559s] [ 17%] [32mBuilding C object CMakeFiles/turtlebot_action_drive__rosidl_generator_c.dir/rosidl_generator_c/turtlebot_action_drive/action/detail/drive_command__functions.c.o[0m
[3.559s] [ 17%] [32mBuilding C object CMakeFiles/turtlebot_action_drive__rosidl_generator_c.dir/rosidl_generator_c/turtlebot_action_drive/action/detail/drive_command__description.c.o[0m
[3.675s] [ 20%] [32m[1mLinking C shared library libturtlebot_action_drive__rosidl_generator_c.so[0m
[3.714s] [ 20%] Built target turtlebot_action_drive__rosidl_generator_c
[3.727s] [ 23%] [34m[1mGenerating C introspection for ROS interfaces[0m
[3.727s] [ 26%] [34m[1mGenerating C type support dispatch for ROS interfaces[0m
[3.728s] [ 29%] [34m[1mGenerating C++ introspection for ROS interfaces[0m
[3.729s] [ 38%] [34m[1mGenerating C type support for eProsima Fast-RTPS[0m
[3.729s] [ 38%] [34m[1mGenerating C++ type support for eProsima Fast-RTPS[0m
[3.730s] [ 38%] [34m[1mGenerating C++ type support dispatch for ROS interfaces[0m
[3.926s] [ 41%] [32mBuilding CXX object CMakeFiles/turtlebot_action_drive__rosidl_typesupport_c.dir/rosidl_typesupport_c/turtlebot_action_drive/action/drive_command__type_support.cpp.o[0m
[3.930s] [ 44%] [32mBuilding CXX object CMakeFiles/turtlebot_action_drive__rosidl_typesupport_cpp.dir/rosidl_typesupport_cpp/turtlebot_action_drive/action/drive_command__type_support.cpp.o[0m
[3.966s] [ 47%] [32mBuilding C object CMakeFiles/turtlebot_action_drive__rosidl_typesupport_introspection_c.dir/rosidl_typesupport_introspection_c/turtlebot_action_drive/action/detail/drive_command__type_support.c.o[0m
[3.970s] [ 50%] [32m[1mLinking CXX shared library libturtlebot_action_drive__rosidl_typesupport_c.so[0m
[4.002s] [ 50%] Built target turtlebot_action_drive__rosidl_typesupport_c
[4.002s] [ 52%] [32mBuilding CXX object CMakeFiles/turtlebot_action_drive__rosidl_typesupport_introspection_cpp.dir/rosidl_typesupport_introspection_cpp/turtlebot_action_drive/action/detail/drive_command__type_support.cpp.o[0m
[4.010s] [ 55%] [32m[1mLinking C shared library libturtlebot_action_drive__rosidl_typesupport_introspection_c.so[0m
[4.032s] [ 58%] [32mBuilding CXX object CMakeFiles/turtlebot_action_drive__rosidl_typesupport_fastrtps_cpp.dir/rosidl_typesupport_fastrtps_cpp/turtlebot_action_drive/action/detail/dds_fastrtps/drive_command__type_support.cpp.o[0m
[4.038s] [ 58%] Built target turtlebot_action_drive__rosidl_typesupport_introspection_c
[4.062s] [ 61%] [32mBuilding CXX object CMakeFiles/turtlebot_action_drive__rosidl_typesupport_fastrtps_c.dir/rosidl_typesupport_fastrtps_c/turtlebot_action_drive/action/detail/drive_command__type_support_c.cpp.o[0m
[4.352s] [ 64%] [32m[1mLinking CXX shared library libturtlebot_action_drive__rosidl_typesupport_cpp.so[0m
[4.411s] [ 64%] Built target turtlebot_action_drive__rosidl_typesupport_cpp
[4.426s] [ 67%] [32m[1mLinking CXX shared library libturtlebot_action_drive__rosidl_typesupport_introspection_cpp.so[0m
[4.449s] [ 70%] [32m[1mLinking CXX shared library libturtlebot_action_drive__rosidl_typesupport_fastrtps_c.so[0m
[4.481s] [ 70%] Built target turtlebot_action_drive__rosidl_typesupport_introspection_cpp
[4.492s] [ 70%] Built target turtlebot_action_drive__rosidl_typesupport_fastrtps_c
[4.617s] [ 73%] [32m[1mLinking CXX shared library libturtlebot_action_drive__rosidl_typesupport_fastrtps_cpp.so[0m
[4.685s] [ 73%] Built target turtlebot_action_drive__rosidl_typesupport_fastrtps_cpp
[4.710s] [ 73%] Built target turtlebot_action_drive
[4.740s] [ 76%] [34m[1mGenerating Python code for ROS interfaces[0m
[5.172s] [ 76%] Built target turtlebot_action_drive__py
[5.198s] [ 79%] [32mBuilding C object CMakeFiles/turtlebot_action_drive__rosidl_generator_py.dir/rosidl_generator_py/turtlebot_action_drive/action/_drive_command_s.c.o[0m
[5.342s] [ 82%] [32m[1mLinking C shared library libturtlebot_action_drive__rosidl_generator_py.so[0m
[5.388s] [ 82%] Built target turtlebot_action_drive__rosidl_generator_py
[5.410s] [ 85%] [32mBuilding C object CMakeFiles/turtlebot_action_drive_s__rosidl_typesupport_fastrtps_c.dir/rosidl_generator_py/turtlebot_action_drive/_turtlebot_action_drive_s.ep.rosidl_typesupport_fastrtps_c.c.o[0m
[5.411s] [ 88%] [32mBuilding C object CMakeFiles/turtlebot_action_drive_s__rosidl_typesupport_c.dir/rosidl_generator_py/turtlebot_action_drive/_turtlebot_action_drive_s.ep.rosidl_typesupport_c.c.o[0m
[5.411s] [ 91%] [32mBuilding C object CMakeFiles/turtlebot_action_drive_s__rosidl_typesupport_introspection_c.dir/rosidl_generator_py/turtlebot_action_drive/_turtlebot_action_drive_s.ep.rosidl_typesupport_introspection_c.c.o[0m
[5.498s] [ 94%] [32m[1mLinking C shared module rosidl_generator_py/turtlebot_action_drive/turtlebot_action_drive_s__rosidl_typesupport_fastrtps_c.so[0m
[5.500s] [ 97%] [32m[1mLinking C shared module rosidl_generator_py/turtlebot_action_drive/turtlebot_action_drive_s__rosidl_typesupport_introspection_c.so[0m
[5.508s] [100%] [32m[1mLinking C shared module rosidl_generator_py/turtlebot_action_drive/turtlebot_action_drive_s__rosidl_typesupport_c.so[0m
[5.531s] [100%] Built target turtlebot_action_drive_s__rosidl_typesupport_introspection_c
[5.531s] [100%] Built target turtlebot_action_drive_s__rosidl_typesupport_fastrtps_c
[5.538s] [100%] Built target turtlebot_action_drive_s__rosidl_typesupport_c
[5.550s] Invoked command in '/home/robo/Desktop/Group C ROS/ROS/build/turtlebot_action_drive' returned '0': CMAKE_PREFIX_PATH=${CMAKE_PREFIX_PATH}:/home/robo/Desktop/Group C ROS/ROS/install/my_action_pkg:/home/robo/ros_ws/install/my_action_pkg:/opt/ros/jazzy DEBUGINFOD_URLS=https://debuginfod.ubuntu.com /usr/bin/cmake --build /home/robo/Desktop/Group C ROS/ROS/build/turtlebot_action_drive -- -j24 -l24
[5.563s] Invoking command in '/home/robo/Desktop/Group C ROS/ROS/build/turtlebot_action_drive': CMAKE_PREFIX_PATH=${CMAKE_PREFIX_PATH}:/home/robo/Desktop/Group C ROS/ROS/install/my_action_pkg:/home/robo/ros_ws/install/my_action_pkg:/opt/ros/jazzy DEBUGINFOD_URLS=https://debuginfod.ubuntu.com /usr/bin/cmake --install /home/robo/Desktop/Group C ROS/ROS/build/turtlebot_action_drive
[5.574s] -- Install configuration: ""
[5.574s] -- Installing: /home/robo/Desktop/Group C ROS/ROS/install/turtlebot_action_drive/share/ament_index/resource_index/rosidl_interfaces/turtlebot_action_drive
[5.575s] -- Installing: /home/robo/Desktop/Group C ROS/ROS/install/turtlebot_action_drive/share/turtlebot_action_drive/action/DriveCommand.json
[5.575s] -- Installing: /home/robo/Desktop/Group C ROS/ROS/install/turtlebot_action_drive/include/turtlebot_action_drive/turtlebot_action_drive
[5.575s] -- Installing: /home/robo/Desktop/Group C ROS/ROS/install/turtlebot_action_drive/include/turtlebot_action_drive/turtlebot_action_drive/action
[5.575s] -- Installing: /home/robo/Desktop/Group C ROS/ROS/install/turtlebot_action_drive/include/turtlebot_action_drive/turtlebot_action_drive/action/drive_command.h
[5.575s] -- Installing: /home/robo/Desktop/Group C ROS/ROS/install/turtlebot_action_drive/include/turtlebot_action_drive/turtlebot_action_drive/action/detail
[5.575s] -- Installing: /home/robo/Desktop/Group C ROS/ROS/install/turtlebot_action_drive/include/turtlebot_action_drive/turtlebot_action_drive/action/detail/drive_command__description.c
[5.575s] -- Installing: /home/robo/Desktop/Group C ROS/ROS/install/turtlebot_action_drive/include/turtlebot_action_drive/turtlebot_action_drive/action/detail/drive_command__type_support.h
[5.575s] -- Installing: /home/robo/Desktop/Group C ROS/ROS/install/turtlebot_action_drive/include/turtlebot_action_drive/turtlebot_action_drive/action/detail/drive_command__functions.h
[5.575s] -- Installing: /home/robo/Desktop/Group C ROS/ROS/install/turtlebot_action_drive/include/turtlebot_action_drive/turtlebot_action_drive/action/detail/drive_command__struct.h
[5.575s] -- Installing: /home/robo/Desktop/Group C ROS/ROS/install/turtlebot_action_drive/include/turtlebot_action_drive/turtlebot_action_drive/action/detail/drive_command__functions.c
[5.575s] -- Installing: /home/robo/Desktop/Group C ROS/ROS/install/turtlebot_action_drive/include/turtlebot_action_drive/turtlebot_action_drive/action/detail/drive_command__type_support.c
[5.575s] -- Installing: /home/robo/Desktop/Group C ROS/ROS/install/turtlebot_action_drive/include/turtlebot_action_drive/turtlebot_action_drive/msg
[5.575s] -- Installing: /home/robo/Desktop/Group C ROS/ROS/install/turtlebot_action_drive/include/turtlebot_action_drive/turtlebot_action_drive/msg/rosidl_generator_c__visibility_control.h
[5.575s] -- Installing: /home/robo/Desktop/Group C ROS/ROS/install/turtlebot_action_drive/share/turtlebot_action_drive/environment/library_path.sh
[5.575s] -- Installing: /home/robo/Desktop/Group C ROS/ROS/install/turtlebot_action_drive/share/turtlebot_action_drive/environment/library_path.dsv
[5.575s] -- Installing: /home/robo/Desktop/Group C ROS/ROS/install/turtlebot_action_drive/lib/libturtlebot_action_drive__rosidl_generator_c.so
[5.575s] -- Set non-toolchain portion of runtime path of "/home/robo/Desktop/Group C ROS/ROS/install/turtlebot_action_drive/lib/libturtlebot_action_drive__rosidl_generator_c.so" to ""
[5.576s] -- Up-to-date: /home/robo/Desktop/Group C ROS/ROS/install/turtlebot_action_drive/include/turtlebot_action_drive/turtlebot_action_drive
[5.576s] -- Up-to-date: /home/robo/Desktop/Group C ROS/ROS/install/turtlebot_action_drive/include/turtlebot_action_drive/turtlebot_action_drive/action
[5.576s] -- Up-to-date: /home/robo/Desktop/Group C ROS/ROS/install/turtlebot_action_drive/include/turtlebot_action_drive/turtlebot_action_drive/action/detail
[5.576s] -- Installing: /home/robo/Desktop/Group C ROS/ROS/install/turtlebot_action_drive/include/turtlebot_action_drive/turtlebot_action_drive/action/detail/drive_command__rosidl_typesupport_fastrtps_c.h
[5.576s] -- Up-to-date: /home/robo/Desktop/Group C ROS/ROS/install/turtlebot_action_drive/include/turtlebot_action_drive/turtlebot_action_drive/msg
[5.576s] -- Installing: /home/robo/Desktop/Group C ROS/ROS/install/turtlebot_action_drive/include/turtlebot_action_drive/turtlebot_action_drive/msg/rosidl_typesupport_fastrtps_c__visibility_control.h
[5.576s] -- Installing: /home/robo/Desktop/Group C ROS/ROS/install/turtlebot_action_drive/lib/libturtlebot_action_drive__rosidl_typesupport_fastrtps_c.so
[5.576s] -- Set non-toolchain portion of runtime path of "/home/robo/Desktop/Group C ROS/ROS/install/turtlebot_action_drive/lib/libturtlebot_action_drive__rosidl_typesupport_fastrtps_c.so" to ""
[5.576s] -- Up-to-date: /home/robo/Desktop/Group C ROS/ROS/install/turtlebot_action_drive/include/turtlebot_action_drive/turtlebot_action_drive
[5.576s] -- Up-to-date: /home/robo/Desktop/Group C ROS/ROS/install/turtlebot_action_drive/include/turtlebot_action_drive/turtlebot_action_drive/action
[5.576s] -- Up-to-date: /home/robo/Desktop/Group C ROS/ROS/install/turtlebot_action_drive/include/turtlebot_action_drive/turtlebot_action_drive/action/detail
[5.576s] -- Installing: /home/robo/Desktop/Group C ROS/ROS/install/turtlebot_action_drive/include/turtlebot_action_drive/turtlebot_action_drive/action/detail/drive_command__rosidl_typesupport_introspection_c.h
[5.576s] -- Up-to-date: /home/robo/Desktop/Group C ROS/ROS/install/turtlebot_action_drive/include/turtlebot_action_drive/turtlebot_action_drive/action/detail/drive_command__type_support.c
[5.576s] -- Up-to-date: /home/robo/Desktop/Group C ROS/ROS/install/turtlebot_action_drive/include/turtlebot_action_drive/turtlebot_action_drive/msg
[5.576s] -- Installing: /home/robo/Desktop/Group C ROS/ROS/install/turtlebot_action_drive/include/turtlebot_action_drive/turtlebot_action_drive/msg/rosidl_typesupport_introspection_c__visibility_control.h
[5.576s] -- Installing: /home/robo/Desktop/Group C ROS/ROS/install/turtlebot_action_drive/lib/libturtlebot_action_drive__rosidl_typesupport_introspection_c.so
[5.576s] -- Set non-toolchain portion of runtime path of "/home/robo/Desktop/Group C ROS/ROS/install/turtlebot_action_drive/lib/libturtlebot_action_drive__rosidl_typesupport_introspection_c.so" to ""
[5.576s] -- Installing: /home/robo/Desktop/Group C ROS/ROS/install/turtlebot_action_drive/lib/libturtlebot_action_drive__rosidl_typesupport_c.so
[5.577s] -- Set non-toolchain portion of runtime path of "/home/robo/Desktop/Group C ROS/ROS/install/turtlebot_action_drive/lib/libturtlebot_action_drive__rosidl_typesupport_c.so" to ""
[5.577s] -- Up-to-date: /home/robo/Desktop/Group C ROS/ROS/install/turtlebot_action_drive/include/turtlebot_action_drive/turtlebot_action_drive
[5.577s] -- Up-to-date: /home/robo/Desktop/Group C ROS/ROS/install/turtlebot_action_drive/include/turtlebot_action_drive/turtlebot_action_drive/action
[5.577s] -- Installing: /home/robo/Desktop/Group C ROS/ROS/install/turtlebot_action_drive/include/turtlebot_action_drive/turtlebot_action_drive/action/drive_command.hpp
[5.577s] -- Up-to-date: /home/robo/Desktop/Group C ROS/ROS/install/turtlebot_action_drive/include/turtlebot_action_drive/turtlebot_action_drive/action/detail
[5.577s] -- Installing: /home/robo/Desktop/Group C ROS/ROS/install/turtlebot_action_drive/include/turtlebot_action_drive/turtlebot_action_drive/action/detail/drive_command__type_support.hpp
[5.577s] -- Installing: /home/robo/Desktop/Group C ROS/ROS/install/turtlebot_action_drive/include/turtlebot_action_drive/turtlebot_action_drive/action/detail/drive_command__traits.hpp
[5.577s] -- Installing: /home/robo/Desktop/Group C ROS/ROS/install/turtlebot_action_drive/include/turtlebot_action_drive/turtlebot_action_drive/action/detail/drive_command__struct.hpp
[5.577s] -- Installing: /home/robo/Desktop/Group C ROS/ROS/install/turtlebot_action_drive/include/turtlebot_action_drive/turtlebot_action_drive/action/detail/drive_command__builder.hpp
[5.577s] -- Up-to-date: /home/robo/Desktop/Group C ROS/ROS/install/turtlebot_action_drive/include/turtlebot_action_drive/turtlebot_action_drive/msg
[5.577s] -- Installing: /home/robo/Desktop/Group C ROS/ROS/install/turtlebot_action_drive/include/turtlebot_action_drive/turtlebot_action_drive/msg/rosidl_generator_cpp__visibility_control.hpp
[5.577s] -- Up-to-date: /home/robo/Desktop/Group C ROS/ROS/install/turtlebot_action_drive/include/turtlebot_action_drive/turtlebot_action_drive
[5.577s] -- Up-to-date: /home/robo/Desktop/Group C ROS/ROS/install/turtlebot_action_drive/include/turtlebot_action_drive/turtlebot_action_drive/action
[5.577s] -- Up-to-date: /home/robo/Desktop/Group C ROS/ROS/install/turtlebot_action_drive/include/turtlebot_action_drive/turtlebot_action_drive/action/detail
[5.577s] -- Installing: /home/robo/Desktop/Group C ROS/ROS/install/turtlebot_action_drive/include/turtlebot_action_drive/turtlebot_action_drive/action/detail/dds_fastrtps
[5.578s] -- Installing: /home/robo/Desktop/Group C ROS/ROS/install/turtlebot_action_drive/include/turtlebot_action_drive/turtlebot_action_drive/action/detail/drive_command__rosidl_typesupport_fastrtps_cpp.hpp
[5.578s] -- Up-to-date: /home/robo/Desktop/Group C ROS/ROS/install/turtlebot_action_drive/include/turtlebot_action_drive/turtlebot_action_drive/msg
[5.578s] -- Installing: /home/robo/Desktop/Group C ROS/ROS/install/turtlebot_action_drive/include/turtlebot_action_drive/turtlebot_action_drive/msg/rosidl_typesupport_fastrtps_cpp__visibility_control.h
[5.578s] -- Installing: /home/robo/Desktop/Group C ROS/ROS/install/turtlebot_action_drive/lib/libturtlebot_action_drive__rosidl_typesupport_fastrtps_cpp.so
[5.578s] -- Set non-toolchain portion of runtime path of "/home/robo/Desktop/Group C ROS/ROS/install/turtlebot_action_drive/lib/libturtlebot_action_drive__rosidl_typesupport_fastrtps_cpp.so" to ""
[5.578s] -- Up-to-date: /home/robo/Desktop/Group C ROS/ROS/install/turtlebot_action_drive/include/turtlebot_action_drive/turtlebot_action_drive
[5.578s] -- Up-to-date: /home/robo/Desktop/Group C ROS/ROS/install/turtlebot_action_drive/include/turtlebot_action_drive/turtlebot_action_drive/action
[5.578s] -- Up-to-date: /home/robo/Desktop/Group C ROS/ROS/install/turtlebot_action_drive/include/turtlebot_action_drive/turtlebot_action_drive/action/detail
[5.578s] -- Installing: /home/robo/Desktop/Group C ROS/ROS/install/turtlebot_action_drive/include/turtlebot_action_drive/turtlebot_action_drive/action/detail/drive_command__rosidl_typesupport_introspection_cpp.hpp
[5.578s] -- Installing: /home/robo/Desktop/Group C ROS/ROS/install/turtlebot_action_drive/include/turtlebot_action_drive/turtlebot_action_drive/action/detail/drive_command__type_support.cpp
[5.578s] -- Installing: /home/robo/Desktop/Group C ROS/ROS/install/turtlebot_action_drive/lib/libturtlebot_action_drive__rosidl_typesupport_introspection_cpp.so
[5.578s] -- Set non-toolchain portion of runtime path of "/home/robo/Desktop/Group C ROS/ROS/install/turtlebot_action_drive/lib/libturtlebot_action_drive__rosidl_typesupport_introspection_cpp.so" to ""
[5.578s] -- Installing: /home/robo/Desktop/Group C ROS/ROS/install/turtlebot_action_drive/lib/libturtlebot_action_drive__rosidl_typesupport_cpp.so
[5.579s] -- Set non-toolchain portion of runtime path of "/home/robo/Desktop/Group C ROS/ROS/install/turtlebot_action_drive/lib/libturtlebot_action_drive__rosidl_typesupport_cpp.so" to ""
[5.579s] -- Installing: /home/robo/Desktop/Group C ROS/ROS/install/turtlebot_action_drive/share/turtlebot_action_drive/environment/pythonpath.sh
[5.579s] -- Installing: /home/robo/Desktop/Group C ROS/ROS/install/turtlebot_action_drive/share/turtlebot_action_drive/environment/pythonpath.dsv
[5.579s] -- Installing: /home/robo/Desktop/Group C ROS/ROS/install/turtlebot_action_drive/lib/python3.12/site-packages/turtlebot_action_drive-0.0.0-py3.12.egg-info
[5.579s] -- Installing: /home/robo/Desktop/Group C ROS/ROS/install/turtlebot_action_drive/lib/python3.12/site-packages/turtlebot_action_drive-0.0.0-py3.12.egg-info/top_level.txt
[5.579s] -- Installing: /home/robo/Desktop/Group C ROS/ROS/install/turtlebot_action_drive/lib/python3.12/site-packages/turtlebot_action_drive-0.0.0-py3.12.egg-info/PKG-INFO
[5.579s] -- Installing: /home/robo/Desktop/Group C ROS/ROS/install/turtlebot_action_drive/lib/python3.12/site-packages/turtlebot_action_drive-0.0.0-py3.12.egg-info/dependency_links.txt
[5.579s] -- Installing: /home/robo/Desktop/Group C ROS/ROS/install/turtlebot_action_drive/lib/python3.12/site-packages/turtlebot_action_drive-0.0.0-py3.12.egg-info/SOURCES.txt
[5.579s] -- Installing: /home/robo/Desktop/Group C ROS/ROS/install/turtlebot_action_drive/lib/python3.12/site-packages/turtlebot_action_drive
[5.579s] -- Installing: /home/robo/Desktop/Group C ROS/ROS/install/turtlebot_action_drive/lib/python3.12/site-packages/turtlebot_action_drive/_turtlebot_action_drive_s.ep.rosidl_typesupport_c.c
[5.579s] -- Installing: /home/robo/Desktop/Group C ROS/ROS/install/turtlebot_action_drive/lib/python3.12/site-packages/turtlebot_action_drive/turtlebot_action_drive_s__rosidl_typesupport_c.so
[5.579s] -- Installing: /home/robo/Desktop/Group C ROS/ROS/install/turtlebot_action_drive/lib/python3.12/site-packages/turtlebot_action_drive/action
[5.579s] -- Installing: /home/robo/Desktop/Group C ROS/ROS/install/turtlebot_action_drive/lib/python3.12/site-packages/turtlebot_action_drive/action/_drive_command.py
[5.579s] -- Installing: /home/robo/Desktop/Group C ROS/ROS/install/turtlebot_action_drive/lib/python3.12/site-packages/turtlebot_action_drive/action/_drive_command_s.c
[5.579s] -- Installing: /home/robo/Desktop/Group C ROS/ROS/install/turtlebot_action_drive/lib/python3.12/site-packages/turtlebot_action_drive/action/__init__.py
[5.580s] -- Installing: /home/robo/Desktop/Group C ROS/ROS/install/turtlebot_action_drive/lib/python3.12/site-packages/turtlebot_action_drive/turtlebot_action_drive_s__rosidl_typesupport_fastrtps_c.so
[5.580s] -- Installing: /home/robo/Desktop/Group C ROS/ROS/install/turtlebot_action_drive/lib/python3.12/site-packages/turtlebot_action_drive/_turtlebot_action_drive_s.ep.rosidl_typesupport_fastrtps_c.c
[5.580s] -- Installing: /home/robo/Desktop/Group C ROS/ROS/install/turtlebot_action_drive/lib/python3.12/site-packages/turtlebot_action_drive/__init__.py
[5.580s] -- Installing: /home/robo/Desktop/Group C ROS/ROS/install/turtlebot_action_drive/lib/python3.12/site-packages/turtlebot_action_drive/turtlebot_action_drive_s__rosidl_typesupport_introspection_c.so
[5.580s] -- Installing: /home/robo/Desktop/Group C ROS/ROS/install/turtlebot_action_drive/lib/python3.12/site-packages/turtlebot_action_drive/_turtlebot_action_drive_s.ep.rosidl_typesupport_introspection_c.c
[5.614s] Listing '/home/robo/Desktop/Group C ROS/ROS/install/turtlebot_action_drive/lib/python3.12/site-packages/turtlebot_action_drive'...
[5.614s] Compiling '/home/robo/Desktop/Group C ROS/ROS/install/turtlebot_action_drive/lib/python3.12/site-packages/turtlebot_action_drive/__init__.py'...
[5.614s] Listing '/home/robo/Desktop/Group C ROS/ROS/install/turtlebot_action_drive/lib/python3.12/site-packages/turtlebot_action_drive/action'...
[5.614s] Compiling '/home/robo/Desktop/Group C ROS/ROS/install/turtlebot_action_drive/lib/python3.12/site-packages/turtlebot_action_drive/action/__init__.py'...
[5.614s] Compiling '/home/robo/Desktop/Group C ROS/ROS/install/turtlebot_action_drive/lib/python3.12/site-packages/turtlebot_action_drive/action/_drive_command.py'...
[5.618s] -- Installing: /home/robo/Desktop/Group C ROS/ROS/install/turtlebot_action_drive/lib/python3.12/site-packages/turtlebot_action_drive/turtlebot_action_drive_s__rosidl_typesupport_fastrtps_c.so
[5.618s] -- Set non-toolchain portion of runtime path of "/home/robo/Desktop/Group C ROS/ROS/install/turtlebot_action_drive/lib/python3.12/site-packages/turtlebot_action_drive/turtlebot_action_drive_s__rosidl_typesupport_fastrtps_c.so" to ""
[5.618s] -- Installing: /home/robo/Desktop/Group C ROS/ROS/install/turtlebot_action_drive/lib/python3.12/site-packages/turtlebot_action_drive/turtlebot_action_drive_s__rosidl_typesupport_introspection_c.so
[5.618s] -- Set non-toolchain portion of runtime path of "/home/robo/Desktop/Group C ROS/ROS/install/turtlebot_action_drive/lib/python3.12/site-packages/turtlebot_action_drive/turtlebot_action_drive_s__rosidl_typesupport_introspection_c.so" to ""
[5.618s] -- Installing: /home/robo/Desktop/Group C ROS/ROS/install/turtlebot_action_drive/lib/python3.12/site-packages/turtlebot_action_drive/turtlebot_action_drive_s__rosidl_typesupport_c.so
[5.618s] -- Set non-toolchain portion of runtime path of "/home/robo/Desktop/Group C ROS/ROS/install/turtlebot_action_drive/lib/python3.12/site-packages/turtlebot_action_drive/turtlebot_action_drive_s__rosidl_typesupport_c.so" to ""
[5.619s] -- Installing: /home/robo/Desktop/Group C ROS/ROS/install/turtlebot_action_drive/lib/libturtlebot_action_drive__rosidl_generator_py.so
[5.619s] -- Set non-toolchain portion of runtime path of "/home/robo/Desktop/Group C ROS/ROS/install/turtlebot_action_drive/lib/libturtlebot_action_drive__rosidl_generator_py.so" to ""
[5.619s] -- Installing: /home/robo/Desktop/Group C ROS/ROS/install/turtlebot_action_drive/share/turtlebot_action_drive/action/DriveCommand.idl
[5.619s] -- Installing: /home/robo/Desktop/Group C ROS/ROS/install/turtlebot_action_drive/share/turtlebot_action_drive/action/DriveCommand.action
[5.619s] -- Installing: /home/robo/Desktop/Group C ROS/ROS/install/turtlebot_action_drive/lib/turtlebot_action_drive/executive_node.py
[5.619s] -- Installing: /home/robo/Desktop/Group C ROS/ROS/install/turtlebot_action_drive/lib/turtlebot_action_drive/driving_node.py
[5.619s] -- Installing: /home/robo/Desktop/Group C ROS/ROS/install/turtlebot_action_drive/share/turtlebot_action_drive//launch
[5.619s] -- Installing: /home/robo/Desktop/Group C ROS/ROS/install/turtlebot_action_drive/share/turtlebot_action_drive//launch/turtlebot_action_launch.py
[5.619s] -- Installing: /home/robo/Desktop/Group C ROS/ROS/install/turtlebot_action_drive/share/ament_index/resource_index/package_run_dependencies/turtlebot_action_drive
[5.619s] -- Installing: /home/robo/Desktop/Group C ROS/ROS/install/turtlebot_action_drive/share/ament_index/resource_index/parent_prefix_path/turtlebot_action_drive
[5.619s] -- Installing: /home/robo/Desktop/Group C ROS/ROS/install/turtlebot_action_drive/share/turtlebot_action_drive/environment/ament_prefix_path.sh
[5.619s] -- Installing: /home/robo/Desktop/Group C ROS/ROS/install/turtlebot_action_drive/share/turtlebot_action_drive/environment/ament_prefix_path.dsv
[5.619s] -- Installing: /home/robo/Desktop/Group C ROS/ROS/install/turtlebot_action_drive/share/turtlebot_action_drive/environment/path.sh
[5.619s] -- Installing: /home/robo/Desktop/Group C ROS/ROS/install/turtlebot_action_drive/share/turtlebot_action_drive/environment/path.dsv
[5.619s] -- Installing: /home/robo/Desktop/Group C ROS/ROS/install/turtlebot_action_drive/share/turtlebot_action_drive/local_setup.bash
[5.619s] -- Installing: /home/robo/Desktop/Group C ROS/ROS/install/turtlebot_action_drive/share/turtlebot_action_drive/local_setup.sh
[5.619s] -- Installing: /home/robo/Desktop/Group C ROS/ROS/install/turtlebot_action_drive/share/turtlebot_action_drive/local_setup.zsh
[5.619s] -- Installing: /home/robo/Desktop/Group C ROS/ROS/install/turtlebot_action_drive/share/turtlebot_action_drive/local_setup.dsv
[5.619s] -- Installing: /home/robo/Desktop/Group C ROS/ROS/install/turtlebot_action_drive/share/turtlebot_action_drive/package.dsv
[5.620s] -- Installing: /home/robo/Desktop/Group C ROS/ROS/install/turtlebot_action_drive/share/ament_index/resource_index/packages/turtlebot_action_drive
[5.620s] -- Installing: /home/robo/Desktop/Group C ROS/ROS/install/turtlebot_action_drive/share/turtlebot_action_drive/cmake/export_turtlebot_action_drive__rosidl_generator_cExport.cmake
[5.620s] -- Installing: /home/robo/Desktop/Group C ROS/ROS/install/turtlebot_action_drive/share/turtlebot_action_drive/cmake/export_turtlebot_action_drive__rosidl_generator_cExport-noconfig.cmake
[5.620s] -- Installing: /home/robo/Desktop/Group C ROS/ROS/install/turtlebot_action_drive/share/turtlebot_action_drive/cmake/export_turtlebot_action_drive__rosidl_typesupport_fastrtps_cExport.cmake
[5.620s] -- Installing: /home/robo/Desktop/Group C ROS/ROS/install/turtlebot_action_drive/share/turtlebot_action_drive/cmake/export_turtlebot_action_drive__rosidl_typesupport_fastrtps_cExport-noconfig.cmake
[5.620s] -- Installing: /home/robo/Desktop/Group C ROS/ROS/install/turtlebot_action_drive/share/turtlebot_action_drive/cmake/turtlebot_action_drive__rosidl_typesupport_introspection_cExport.cmake
[5.620s] -- Installing: /home/robo/Desktop/Group C ROS/ROS/install/turtlebot_action_drive/share/turtlebot_action_drive/cmake/turtlebot_action_drive__rosidl_typesupport_introspection_cExport-noconfig.cmake
[5.620s] -- Installing: /home/robo/Desktop/Group C ROS/ROS/install/turtlebot_action_drive/share/turtlebot_action_drive/cmake/turtlebot_action_drive__rosidl_typesupport_cExport.cmake
[5.620s] -- Installing: /home/robo/Desktop/Group C ROS/ROS/install/turtlebot_action_drive/share/turtlebot_action_drive/cmake/turtlebot_action_drive__rosidl_typesupport_cExport-noconfig.cmake
[5.620s] -- Installing: /home/robo/Desktop/Group C ROS/ROS/install/turtlebot_action_drive/share/turtlebot_action_drive/cmake/export_turtlebot_action_drive__rosidl_generator_cppExport.cmake
[5.620s] -- Installing: /home/robo/Desktop/Group C ROS/ROS/install/turtlebot_action_drive/share/turtlebot_action_drive/cmake/export_turtlebot_action_drive__rosidl_typesupport_fastrtps_cppExport.cmake
[5.620s] -- Installing: /home/robo/Desktop/Group C ROS/ROS/install/turtlebot_action_drive/share/turtlebot_action_drive/cmake/export_turtlebot_action_drive__rosidl_typesupport_fastrtps_cppExport-noconfig.cmake
[5.620s] -- Installing: /home/robo/Desktop/Group C ROS/ROS/install/turtlebot_action_drive/share/turtlebot_action_drive/cmake/turtlebot_action_drive__rosidl_typesupport_introspection_cppExport.cmake
[5.620s] -- Installing: /home/robo/Desktop/Group C ROS/ROS/install/turtlebot_action_drive/share/turtlebot_action_drive/cmake/turtlebot_action_drive__rosidl_typesupport_introspection_cppExport-noconfig.cmake
[5.620s] -- Installing: /home/robo/Desktop/Group C ROS/ROS/install/turtlebot_action_drive/share/turtlebot_action_drive/cmake/turtlebot_action_drive__rosidl_typesupport_cppExport.cmake
[5.620s] -- Installing: /home/robo/Desktop/Group C ROS/ROS/install/turtlebot_action_drive/share/turtlebot_action_drive/cmake/turtlebot_action_drive__rosidl_typesupport_cppExport-noconfig.cmake
[5.620s] -- Installing: /home/robo/Desktop/Group C ROS/ROS/install/turtlebot_action_drive/share/turtlebot_action_drive/cmake/export_turtlebot_action_drive__rosidl_generator_pyExport.cmake
[5.620s] -- Installing: /home/robo/Desktop/Group C ROS/ROS/install/turtlebot_action_drive/share/turtlebot_action_drive/cmake/export_turtlebot_action_drive__rosidl_generator_pyExport-noconfig.cmake
[5.621s] -- Installing: /home/robo/Desktop/Group C ROS/ROS/install/turtlebot_action_drive/share/turtlebot_action_drive/cmake/rosidl_cmake-extras.cmake
[5.621s] -- Installing: /home/robo/Desktop/Group C ROS/ROS/install/turtlebot_action_drive/share/turtlebot_action_drive/cmake/ament_cmake_export_dependencies-extras.cmake
[5.621s] -- Installing: /home/robo/Desktop/Group C ROS/ROS/install/turtlebot_action_drive/share/turtlebot_action_drive/cmake/ament_cmake_export_include_directories-extras.cmake
[5.621s] -- Installing: /home/robo/Desktop/Group C ROS/ROS/install/turtlebot_action_drive/share/turtlebot_action_drive/cmake/ament_cmake_export_libraries-extras.cmake
[5.621s] -- Installing: /home/robo/Desktop/Group C ROS/ROS/install/turtlebot_action_drive/share/turtlebot_action_drive/cmake/ament_cmake_export_targets-extras.cmake
[5.621s] -- Installing: /home/robo/Desktop/Group C ROS/ROS/install/turtlebot_action_drive/share/turtlebot_action_drive/cmake/rosidl_cmake_export_typesupport_targets-extras.cmake
[5.621s] -- Installing: /home/robo/Desktop/Group C ROS/ROS/install/turtlebot_action_drive/share/turtlebot_action_drive/cmake/rosidl_cmake_export_typesupport_libraries-extras.cmake
[5.621s] -- Installing: /home/robo/Desktop/Group C ROS/ROS/install/turtlebot_action_drive/share/turtlebot_action_drive/cmake/turtlebot_action_driveConfig.cmake
[5.621s] -- Installing: /home/robo/Desktop/Group C ROS/ROS/install/turtlebot_action_drive/share/turtlebot_action_drive/cmake/turtlebot_action_driveConfig-version.cmake
[5.621s] -- Installing: /home/robo/Desktop/Group C ROS/ROS/install/turtlebot_action_drive/share/turtlebot_action_drive/package.xml
[5.622s] Invoked command in '/home/robo/Desktop/Group C ROS/ROS/build/turtlebot_action_drive' returned '0': CMAKE_PREFIX_PATH=${CMAKE_PREFIX_PATH}:/home/robo/Desktop/Group C ROS/ROS/install/my_action_pkg:/home/robo/ros_ws/install/my_action_pkg:/opt/ros/jazzy DEBUGINFOD_URLS=https://debuginfod.ubuntu.com /usr/bin/cmake --install /home/robo/Desktop/Group C ROS/ROS/build/turtlebot_action_drive
