running egg_info
writing ../../build/node1pkg/node1pkg.egg-info/PKG-INFO
writing dependency_links to ../../build/node1pkg/node1pkg.egg-info/dependency_links.txt
writing entry points to ../../build/node1pkg/node1pkg.egg-info/entry_points.txt
writing requirements to ../../build/node1pkg/node1pkg.egg-info/requires.txt
writing top-level names to ../../build/node1pkg/node1pkg.egg-info/top_level.txt
reading manifest file '../../build/node1pkg/node1pkg.egg-info/SOURCES.txt'
writing manifest file '../../build/node1pkg/node1pkg.egg-info/SOURCES.txt'
running build
running build_py
copying node1pkg/path_driver.py -> /home/robo/Desktop/Group C ROS/ROS/build/node1pkg/build/lib/node1pkg
running install
running install_lib
copying /home/robo/Desktop/Group C ROS/ROS/build/node1pkg/build/lib/node1pkg/path_driver.py -> /home/robo/Desktop/Group C ROS/ROS/install/node1pkg/lib/python3.12/site-packages/node1pkg
byte-compiling /home/robo/Desktop/Group C ROS/ROS/install/node1pkg/lib/python3.12/site-packages/node1pkg/path_driver.py to path_driver.cpython-312.pyc
running install_data
running install_egg_info
removing '/home/robo/Desktop/Group C ROS/ROS/install/node1pkg/lib/python3.12/site-packages/node1pkg-0.0.0-py3.12.egg-info' (and everything under it)
Copying ../../build/node1pkg/node1pkg.egg-info to /home/robo/Desktop/Group C ROS/ROS/install/node1pkg/lib/python3.12/site-packages/node1pkg-0.0.0-py3.12.egg-info
running install_scripts
Installing node1 script to /home/robo/Desktop/Group C ROS/ROS/install/node1pkg/lib/node1pkg
Installing path_driver script to /home/robo/Desktop/Group C ROS/ROS/install/node1pkg/lib/node1pkg
writing list of installed files to '/home/robo/Desktop/Group C ROS/ROS/build/node1pkg/install.log'
